{"/Users/loweryr/git/github/rhlowery/access-control-service/frontend/postcss.config.js": {"path":"/Users/loweryr/git/github/rhlowery/access-control-service/frontend/postcss.config.js","all":true,"statementMap":{"0":{"start":{"line":1,"column":0},"end":{"line":1,"column":16}},"1":{"start":{"line":2,"column":0},"end":{"line":2,"column":12}},"2":{"start":{"line":3,"column":0},"end":{"line":3,"column":20}},"3":{"start":{"line":4,"column":0},"end":{"line":4,"column":21}},"4":{"start":{"line":5,"column":0},"end":{"line":5,"column":4}},"5":{"start":{"line":6,"column":0},"end":{"line":6,"column":1}}},"s":{"0":0,"1":0,"2":0,"3":0,"4":0,"5":0},"branchMap":{"0":{"type":"branch","line":1,"loc":{"start":{"line":1,"column":79},"end":{"line":6,"column":1}},"locations":[{"start":{"line":1,"column":79},"end":{"line":6,"column":1}}]}},"b":{"0":[0]},"fnMap":{"0":{"name":"(empty-report)","decl":{"start":{"line":1,"column":79},"end":{"line":6,"column":1}},"loc":{"start":{"line":1,"column":79},"end":{"line":6,"column":1}},"line":1}},"f":{"0":0}}
,"/Users/loweryr/git/github/rhlowery/access-control-service/frontend/tailwind.config.js": {"path":"/Users/loweryr/git/github/rhlowery/access-control-service/frontend/tailwind.config.js","all":true,"statementMap":{"0":{"start":{"line":1,"column":0},"end":{"line":1,"column":43}},"1":{"start":{"line":2,"column":0},"end":{"line":2,"column":16}},"2":{"start":{"line":3,"column":0},"end":{"line":3,"column":12}},"3":{"start":{"line":4,"column":0},"end":{"line":4,"column":19}},"4":{"start":{"line":5,"column":0},"end":{"line":5,"column":33}},"5":{"start":{"line":6,"column":0},"end":{"line":6,"column":4}},"6":{"start":{"line":7,"column":0},"end":{"line":7,"column":20}},"7":{"start":{"line":8,"column":0},"end":{"line":8,"column":10}},"8":{"start":{"line":9,"column":0},"end":{"line":9,"column":13}},"9":{"start":{"line":10,"column":0},"end":{"line":10,"column":15}},"10":{"start":{"line":11,"column":0},"end":{"line":11,"column":34}},"11":{"start":{"line":12,"column":0},"end":{"line":12,"column":32}},"12":{"start":{"line":13,"column":0},"end":{"line":13,"column":40}},"13":{"start":{"line":14,"column":0},"end":{"line":14,"column":28}},"14":{"start":{"line":15,"column":0},"end":{"line":15,"column":42}},"15":{"start":{"line":16,"column":0},"end":{"line":16,"column":34}},"16":{"start":{"line":17,"column":0},"end":{"line":17,"column":34}},"17":{"start":{"line":18,"column":0},"end":{"line":18,"column":32}},"18":{"start":{"line":19,"column":0},"end":{"line":19,"column":8}},"19":{"start":{"line":20,"column":0},"end":{"line":20,"column":19}},"20":{"start":{"line":21,"column":0},"end":{"line":21,"column":38}},"21":{"start":{"line":22,"column":0},"end":{"line":22,"column":41}},"22":{"start":{"line":23,"column":0},"end":{"line":23,"column":8}},"23":{"start":{"line":24,"column":0},"end":{"line":24,"column":21}},"24":{"start":{"line":25,"column":0},"end":{"line":25,"column":18}},"25":{"start":{"line":26,"column":0},"end":{"line":26,"column":7}},"26":{"start":{"line":27,"column":0},"end":{"line":27,"column":6}},"27":{"start":{"line":28,"column":0},"end":{"line":28,"column":4}},"28":{"start":{"line":29,"column":0},"end":{"line":29,"column":14}},"29":{"start":{"line":30,"column":0},"end":{"line":30,"column":1}}},"s":{"0":0,"1":0,"2":0,"3":0,"4":0,"5":0,"6":0,"7":0,"8":0,"9":0,"10":0,"11":0,"12":0,"13":0,"14":0,"15":0,"16":0,"17":0,"18":0,"19":0,"20":0,"21":0,"22":0,"23":0,"24":0,"25":0,"26":0,"27":0,"28":0,"29":0},"branchMap":{"0":{"type":"branch","line":1,"loc":{"start":{"line":1,"column":675},"end":{"line":30,"column":1}},"locations":[{"start":{"line":1,"column":675},"end":{"line":30,"column":1}}]}},"b":{"0":[0]},"fnMap":{"0":{"name":"(empty-report)","decl":{"start":{"line":1,"column":675},"end":{"line":30,"column":1}},"loc":{"start":{"line":1,"column":675},"end":{"line":30,"column":1}},"line":1}},"f":{"0":0}}
,"/Users/loweryr/git/github/rhlowery/access-control-service/frontend/build/config.js": {"path":"/Users/loweryr/git/github/rhlowery/access-control-service/frontend/build/config.js","all":true,"statementMap":{"0":{"start":{"line":1,"column":0},"end":{"line":1,"column":21}},"1":{"start":{"line":2,"column":0},"end":{"line":2,"column":12}},"2":{"start":{"line":3,"column":0},"end":{"line":3,"column":2}}},"s":{"0":0,"1":0,"2":0},"branchMap":{"0":{"type":"branch","line":1,"loc":{"start":{"line":1,"column":37},"end":{"line":3,"column":2}},"locations":[{"start":{"line":1,"column":37},"end":{"line":3,"column":2}}]}},"b":{"0":[0]},"fnMap":{"0":{"name":"(empty-report)","decl":{"start":{"line":1,"column":37},"end":{"line":3,"column":2}},"loc":{"start":{"line":1,"column":37},"end":{"line":3,"column":2}},"line":1}},"f":{"0":0}}
,"/Users/loweryr/git/github/rhlowery/access-control-service/frontend/build/assets/index-8JWWWzBm.js": {"path":"/Users/loweryr/git/github/rhlowery/access-control-service/frontend/build/assets/index-8JWWWzBm.js","all":true,"statementMap":{"0":{"start":{"line":1,"column":0},"end":{"line":1,"column":1374}},"1":{"start":{"line":2,"column":0},"end":{"line":2,"column":17}},"2":{"start":{"line":3,"column":0},"end":{"line":3,"column":26}},"3":{"start":{"line":4,"column":0},"end":{"line":4,"column":2}},"4":{"start":{"line":5,"column":0},"end":{"line":5,"column":51}},"5":{"start":{"line":6,"column":0},"end":{"line":6,"column":2}},"6":{"start":{"line":7,"column":0},"end":{"line":7,"column":66}},"7":{"start":{"line":8,"column":0},"end":{"line":8,"column":58}},"8":{"start":{"line":9,"column":0},"end":{"line":9,"column":6809}},"9":{"start":{"line":10,"column":0},"end":{"line":10,"column":17}},"10":{"start":{"line":11,"column":0},"end":{"line":11,"column":38}},"11":{"start":{"line":12,"column":0},"end":{"line":12,"column":2}},"12":{"start":{"line":13,"column":0},"end":{"line":13,"column":51}},"13":{"start":{"line":14,"column":0},"end":{"line":14,"column":2}},"14":{"start":{"line":15,"column":0},"end":{"line":15,"column":66}},"15":{"start":{"line":16,"column":0},"end":{"line":16,"column":58}},"16":{"start":{"line":17,"column":0},"end":{"line":17,"column":818}},"17":{"start":{"line":18,"column":0},"end":{"line":18,"column":17}},"18":{"start":{"line":19,"column":0},"end":{"line":19,"column":30}},"19":{"start":{"line":20,"column":0},"end":{"line":20,"column":2}},"20":{"start":{"line":21,"column":0},"end":{"line":21,"column":51}},"21":{"start":{"line":22,"column":0},"end":{"line":22,"column":2}},"22":{"start":{"line":23,"column":0},"end":{"line":23,"column":66}},"23":{"start":{"line":24,"column":0},"end":{"line":24,"column":58}},"24":{"start":{"line":25,"column":0},"end":{"line":25,"column":3993}},"25":{"start":{"line":26,"column":0},"end":{"line":26,"column":17}},"26":{"start":{"line":27,"column":0},"end":{"line":27,"column":30}},"27":{"start":{"line":28,"column":0},"end":{"line":28,"column":2}},"28":{"start":{"line":29,"column":0},"end":{"line":29,"column":51}},"29":{"start":{"line":30,"column":0},"end":{"line":30,"column":2}},"30":{"start":{"line":31,"column":0},"end":{"line":31,"column":66}},"31":{"start":{"line":32,"column":0},"end":{"line":32,"column":58}},"32":{"start":{"line":33,"column":0},"end":{"line":33,"column":6073}},"33":{"start":{"line":34,"column":0},"end":{"line":34,"column":511}},"34":{"start":{"line":35,"column":0},"end":{"line":35,"column":20}},"35":{"start":{"line":36,"column":0},"end":{"line":36,"column":153}},"36":{"start":{"line":37,"column":0},"end":{"line":37,"column":37530}},"37":{"start":{"line":38,"column":0},"end":{"line":38,"column":28029}},"38":{"start":{"line":39,"column":0},"end":{"line":39,"column":37}},"39":{"start":{"line":40,"column":0},"end":{"line":40,"column":58169}},"40":{"start":{"line":41,"column":0},"end":{"line":41,"column":28}},"41":{"start":{"line":42,"column":0},"end":{"line":42,"column":2}},"42":{"start":{"line":43,"column":0},"end":{"line":43,"column":36}},"43":{"start":{"line":44,"column":0},"end":{"line":44,"column":2}},"44":{"start":{"line":45,"column":0},"end":{"line":45,"column":66}},"45":{"start":{"line":46,"column":0},"end":{"line":46,"column":61}},"46":{"start":{"line":47,"column":0},"end":{"line":47,"column":2}},"47":{"start":{"line":48,"column":0},"end":{"line":48,"column":15}},"48":{"start":{"line":49,"column":0},"end":{"line":49,"column":9037}},"49":{"start":{"line":50,"column":0},"end":{"line":50,"column":23}},"50":{"start":{"line":51,"column":0},"end":{"line":51,"column":2}},"51":{"start":{"line":52,"column":0},"end":{"line":52,"column":36}},"52":{"start":{"line":53,"column":0},"end":{"line":53,"column":2}},"53":{"start":{"line":54,"column":0},"end":{"line":54,"column":66}},"54":{"start":{"line":55,"column":0},"end":{"line":55,"column":61}},"55":{"start":{"line":56,"column":0},"end":{"line":56,"column":2}},"56":{"start":{"line":57,"column":0},"end":{"line":57,"column":15}},"57":{"start":{"line":58,"column":0},"end":{"line":58,"column":8592}},"58":{"start":{"line":59,"column":0},"end":{"line":59,"column":27}},"59":{"start":{"line":60,"column":0},"end":{"line":60,"column":2}},"60":{"start":{"line":61,"column":0},"end":{"line":61,"column":36}},"61":{"start":{"line":62,"column":0},"end":{"line":62,"column":2}},"62":{"start":{"line":63,"column":0},"end":{"line":63,"column":66}},"63":{"start":{"line":64,"column":0},"end":{"line":64,"column":61}},"64":{"start":{"line":65,"column":0},"end":{"line":65,"column":2}},"65":{"start":{"line":66,"column":0},"end":{"line":66,"column":15}},"66":{"start":{"line":67,"column":0},"end":{"line":67,"column":4261}},"67":{"start":{"line":68,"column":0},"end":{"line":68,"column":39}},"68":{"start":{"line":69,"column":0},"end":{"line":69,"column":2}},"69":{"start":{"line":70,"column":0},"end":{"line":70,"column":54}},"70":{"start":{"line":71,"column":0},"end":{"line":71,"column":66}},"71":{"start":{"line":72,"column":0},"end":{"line":72,"column":182}},"72":{"start":{"line":73,"column":0},"end":{"line":73,"column":39}},"73":{"start":{"line":74,"column":0},"end":{"line":74,"column":2}},"74":{"start":{"line":75,"column":0},"end":{"line":75,"column":54}},"75":{"start":{"line":76,"column":0},"end":{"line":76,"column":66}},"76":{"start":{"line":77,"column":0},"end":{"line":77,"column":72}},"77":{"start":{"line":78,"column":0},"end":{"line":78,"column":39}},"78":{"start":{"line":79,"column":0},"end":{"line":79,"column":2}},"79":{"start":{"line":80,"column":0},"end":{"line":80,"column":54}},"80":{"start":{"line":81,"column":0},"end":{"line":81,"column":66}},"81":{"start":{"line":82,"column":0},"end":{"line":82,"column":410}},"82":{"start":{"line":83,"column":0},"end":{"line":83,"column":39}},"83":{"start":{"line":84,"column":0},"end":{"line":84,"column":2}},"84":{"start":{"line":85,"column":0},"end":{"line":85,"column":54}},"85":{"start":{"line":86,"column":0},"end":{"line":86,"column":66}},"86":{"start":{"line":87,"column":0},"end":{"line":87,"column":85}},"87":{"start":{"line":88,"column":0},"end":{"line":88,"column":39}},"88":{"start":{"line":89,"column":0},"end":{"line":89,"column":2}},"89":{"start":{"line":90,"column":0},"end":{"line":90,"column":54}},"90":{"start":{"line":91,"column":0},"end":{"line":91,"column":66}},"91":{"start":{"line":92,"column":0},"end":{"line":92,"column":195}},"92":{"start":{"line":93,"column":0},"end":{"line":93,"column":39}},"93":{"start":{"line":94,"column":0},"end":{"line":94,"column":2}},"94":{"start":{"line":95,"column":0},"end":{"line":95,"column":54}},"95":{"start":{"line":96,"column":0},"end":{"line":96,"column":66}},"96":{"start":{"line":97,"column":0},"end":{"line":97,"column":112}},"97":{"start":{"line":98,"column":0},"end":{"line":98,"column":39}},"98":{"start":{"line":99,"column":0},"end":{"line":99,"column":2}},"99":{"start":{"line":100,"column":0},"end":{"line":100,"column":54}},"100":{"start":{"line":101,"column":0},"end":{"line":101,"column":66}},"101":{"start":{"line":102,"column":0},"end":{"line":102,"column":156}},"102":{"start":{"line":103,"column":0},"end":{"line":103,"column":39}},"103":{"start":{"line":104,"column":0},"end":{"line":104,"column":2}},"104":{"start":{"line":105,"column":0},"end":{"line":105,"column":54}},"105":{"start":{"line":106,"column":0},"end":{"line":106,"column":66}},"106":{"start":{"line":107,"column":0},"end":{"line":107,"column":205}},"107":{"start":{"line":108,"column":0},"end":{"line":108,"column":39}},"108":{"start":{"line":109,"column":0},"end":{"line":109,"column":2}},"109":{"start":{"line":110,"column":0},"end":{"line":110,"column":54}},"110":{"start":{"line":111,"column":0},"end":{"line":111,"column":66}},"111":{"start":{"line":112,"column":0},"end":{"line":112,"column":75}},"112":{"start":{"line":113,"column":0},"end":{"line":113,"column":39}},"113":{"start":{"line":114,"column":0},"end":{"line":114,"column":2}},"114":{"start":{"line":115,"column":0},"end":{"line":115,"column":54}},"115":{"start":{"line":116,"column":0},"end":{"line":116,"column":66}},"116":{"start":{"line":117,"column":0},"end":{"line":117,"column":77}},"117":{"start":{"line":118,"column":0},"end":{"line":118,"column":39}},"118":{"start":{"line":119,"column":0},"end":{"line":119,"column":2}},"119":{"start":{"line":120,"column":0},"end":{"line":120,"column":54}},"120":{"start":{"line":121,"column":0},"end":{"line":121,"column":66}},"121":{"start":{"line":122,"column":0},"end":{"line":122,"column":197}},"122":{"start":{"line":123,"column":0},"end":{"line":123,"column":39}},"123":{"start":{"line":124,"column":0},"end":{"line":124,"column":2}},"124":{"start":{"line":125,"column":0},"end":{"line":125,"column":54}},"125":{"start":{"line":126,"column":0},"end":{"line":126,"column":66}},"126":{"start":{"line":127,"column":0},"end":{"line":127,"column":125}},"127":{"start":{"line":128,"column":0},"end":{"line":128,"column":39}},"128":{"start":{"line":129,"column":0},"end":{"line":129,"column":2}},"129":{"start":{"line":130,"column":0},"end":{"line":130,"column":54}},"130":{"start":{"line":131,"column":0},"end":{"line":131,"column":66}},"131":{"start":{"line":132,"column":0},"end":{"line":132,"column":154}},"132":{"start":{"line":133,"column":0},"end":{"line":133,"column":39}},"133":{"start":{"line":134,"column":0},"end":{"line":134,"column":2}},"134":{"start":{"line":135,"column":0},"end":{"line":135,"column":54}},"135":{"start":{"line":136,"column":0},"end":{"line":136,"column":66}},"136":{"start":{"line":137,"column":0},"end":{"line":137,"column":131}},"137":{"start":{"line":138,"column":0},"end":{"line":138,"column":39}},"138":{"start":{"line":139,"column":0},"end":{"line":139,"column":2}},"139":{"start":{"line":140,"column":0},"end":{"line":140,"column":54}},"140":{"start":{"line":141,"column":0},"end":{"line":141,"column":66}},"141":{"start":{"line":142,"column":0},"end":{"line":142,"column":191}},"142":{"start":{"line":143,"column":0},"end":{"line":143,"column":39}},"143":{"start":{"line":144,"column":0},"end":{"line":144,"column":2}},"144":{"start":{"line":145,"column":0},"end":{"line":145,"column":54}},"145":{"start":{"line":146,"column":0},"end":{"line":146,"column":66}},"146":{"start":{"line":147,"column":0},"end":{"line":147,"column":182}},"147":{"start":{"line":148,"column":0},"end":{"line":148,"column":39}},"148":{"start":{"line":149,"column":0},"end":{"line":149,"column":2}},"149":{"start":{"line":150,"column":0},"end":{"line":150,"column":54}},"150":{"start":{"line":151,"column":0},"end":{"line":151,"column":66}},"151":{"start":{"line":152,"column":0},"end":{"line":152,"column":198}},"152":{"start":{"line":153,"column":0},"end":{"line":153,"column":39}},"153":{"start":{"line":154,"column":0},"end":{"line":154,"column":2}},"154":{"start":{"line":155,"column":0},"end":{"line":155,"column":54}},"155":{"start":{"line":156,"column":0},"end":{"line":156,"column":66}},"156":{"start":{"line":157,"column":0},"end":{"line":157,"column":586}},"157":{"start":{"line":158,"column":0},"end":{"line":158,"column":39}},"158":{"start":{"line":159,"column":0},"end":{"line":159,"column":2}},"159":{"start":{"line":160,"column":0},"end":{"line":160,"column":54}},"160":{"start":{"line":161,"column":0},"end":{"line":161,"column":66}},"161":{"start":{"line":162,"column":0},"end":{"line":162,"column":176}},"162":{"start":{"line":163,"column":0},"end":{"line":163,"column":39}},"163":{"start":{"line":164,"column":0},"end":{"line":164,"column":2}},"164":{"start":{"line":165,"column":0},"end":{"line":165,"column":54}},"165":{"start":{"line":166,"column":0},"end":{"line":166,"column":66}},"166":{"start":{"line":167,"column":0},"end":{"line":167,"column":190}},"167":{"start":{"line":168,"column":0},"end":{"line":168,"column":39}},"168":{"start":{"line":169,"column":0},"end":{"line":169,"column":2}},"169":{"start":{"line":170,"column":0},"end":{"line":170,"column":54}},"170":{"start":{"line":171,"column":0},"end":{"line":171,"column":66}},"171":{"start":{"line":172,"column":0},"end":{"line":172,"column":185}},"172":{"start":{"line":173,"column":0},"end":{"line":173,"column":39}},"173":{"start":{"line":174,"column":0},"end":{"line":174,"column":2}},"174":{"start":{"line":175,"column":0},"end":{"line":175,"column":54}},"175":{"start":{"line":176,"column":0},"end":{"line":176,"column":66}},"176":{"start":{"line":177,"column":0},"end":{"line":177,"column":152}},"177":{"start":{"line":178,"column":0},"end":{"line":178,"column":39}},"178":{"start":{"line":179,"column":0},"end":{"line":179,"column":2}},"179":{"start":{"line":180,"column":0},"end":{"line":180,"column":54}},"180":{"start":{"line":181,"column":0},"end":{"line":181,"column":66}},"181":{"start":{"line":182,"column":0},"end":{"line":182,"column":154}},"182":{"start":{"line":183,"column":0},"end":{"line":183,"column":39}},"183":{"start":{"line":184,"column":0},"end":{"line":184,"column":2}},"184":{"start":{"line":185,"column":0},"end":{"line":185,"column":54}},"185":{"start":{"line":186,"column":0},"end":{"line":186,"column":66}},"186":{"start":{"line":187,"column":0},"end":{"line":187,"column":207}},"187":{"start":{"line":188,"column":0},"end":{"line":188,"column":39}},"188":{"start":{"line":189,"column":0},"end":{"line":189,"column":2}},"189":{"start":{"line":190,"column":0},"end":{"line":190,"column":54}},"190":{"start":{"line":191,"column":0},"end":{"line":191,"column":66}},"191":{"start":{"line":192,"column":0},"end":{"line":192,"column":206}},"192":{"start":{"line":193,"column":0},"end":{"line":193,"column":39}},"193":{"start":{"line":194,"column":0},"end":{"line":194,"column":2}},"194":{"start":{"line":195,"column":0},"end":{"line":195,"column":54}},"195":{"start":{"line":196,"column":0},"end":{"line":196,"column":66}},"196":{"start":{"line":197,"column":0},"end":{"line":197,"column":126}},"197":{"start":{"line":198,"column":0},"end":{"line":198,"column":39}},"198":{"start":{"line":199,"column":0},"end":{"line":199,"column":2}},"199":{"start":{"line":200,"column":0},"end":{"line":200,"column":54}},"200":{"start":{"line":201,"column":0},"end":{"line":201,"column":66}},"201":{"start":{"line":202,"column":0},"end":{"line":202,"column":90}},"202":{"start":{"line":203,"column":0},"end":{"line":203,"column":39}},"203":{"start":{"line":204,"column":0},"end":{"line":204,"column":2}},"204":{"start":{"line":205,"column":0},"end":{"line":205,"column":54}},"205":{"start":{"line":206,"column":0},"end":{"line":206,"column":66}},"206":{"start":{"line":207,"column":0},"end":{"line":207,"column":101}},"207":{"start":{"line":208,"column":0},"end":{"line":208,"column":39}},"208":{"start":{"line":209,"column":0},"end":{"line":209,"column":2}},"209":{"start":{"line":210,"column":0},"end":{"line":210,"column":54}},"210":{"start":{"line":211,"column":0},"end":{"line":211,"column":66}},"211":{"start":{"line":212,"column":0},"end":{"line":212,"column":317}},"212":{"start":{"line":213,"column":0},"end":{"line":213,"column":39}},"213":{"start":{"line":214,"column":0},"end":{"line":214,"column":2}},"214":{"start":{"line":215,"column":0},"end":{"line":215,"column":54}},"215":{"start":{"line":216,"column":0},"end":{"line":216,"column":66}},"216":{"start":{"line":217,"column":0},"end":{"line":217,"column":268}},"217":{"start":{"line":218,"column":0},"end":{"line":218,"column":39}},"218":{"start":{"line":219,"column":0},"end":{"line":219,"column":2}},"219":{"start":{"line":220,"column":0},"end":{"line":220,"column":54}},"220":{"start":{"line":221,"column":0},"end":{"line":221,"column":66}},"221":{"start":{"line":222,"column":0},"end":{"line":222,"column":228}},"222":{"start":{"line":223,"column":0},"end":{"line":223,"column":39}},"223":{"start":{"line":224,"column":0},"end":{"line":224,"column":2}},"224":{"start":{"line":225,"column":0},"end":{"line":225,"column":54}},"225":{"start":{"line":226,"column":0},"end":{"line":226,"column":66}},"226":{"start":{"line":227,"column":0},"end":{"line":227,"column":120}},"227":{"start":{"line":228,"column":0},"end":{"line":228,"column":39}},"228":{"start":{"line":229,"column":0},"end":{"line":229,"column":2}},"229":{"start":{"line":230,"column":0},"end":{"line":230,"column":54}},"230":{"start":{"line":231,"column":0},"end":{"line":231,"column":66}},"231":{"start":{"line":232,"column":0},"end":{"line":232,"column":673}},"232":{"start":{"line":233,"column":0},"end":{"line":233,"column":39}},"233":{"start":{"line":234,"column":0},"end":{"line":234,"column":2}},"234":{"start":{"line":235,"column":0},"end":{"line":235,"column":54}},"235":{"start":{"line":236,"column":0},"end":{"line":236,"column":66}},"236":{"start":{"line":237,"column":0},"end":{"line":237,"column":300}},"237":{"start":{"line":238,"column":0},"end":{"line":238,"column":39}},"238":{"start":{"line":239,"column":0},"end":{"line":239,"column":2}},"239":{"start":{"line":240,"column":0},"end":{"line":240,"column":54}},"240":{"start":{"line":241,"column":0},"end":{"line":241,"column":66}},"241":{"start":{"line":242,"column":0},"end":{"line":242,"column":267}},"242":{"start":{"line":243,"column":0},"end":{"line":243,"column":39}},"243":{"start":{"line":244,"column":0},"end":{"line":244,"column":2}},"244":{"start":{"line":245,"column":0},"end":{"line":245,"column":54}},"245":{"start":{"line":246,"column":0},"end":{"line":246,"column":66}},"246":{"start":{"line":247,"column":0},"end":{"line":247,"column":220}},"247":{"start":{"line":248,"column":0},"end":{"line":248,"column":39}},"248":{"start":{"line":249,"column":0},"end":{"line":249,"column":2}},"249":{"start":{"line":250,"column":0},"end":{"line":250,"column":54}},"250":{"start":{"line":251,"column":0},"end":{"line":251,"column":66}},"251":{"start":{"line":252,"column":0},"end":{"line":252,"column":420}},"252":{"start":{"line":253,"column":0},"end":{"line":253,"column":39}},"253":{"start":{"line":254,"column":0},"end":{"line":254,"column":2}},"254":{"start":{"line":255,"column":0},"end":{"line":255,"column":54}},"255":{"start":{"line":256,"column":0},"end":{"line":256,"column":66}},"256":{"start":{"line":257,"column":0},"end":{"line":257,"column":204}},"257":{"start":{"line":258,"column":0},"end":{"line":258,"column":39}},"258":{"start":{"line":259,"column":0},"end":{"line":259,"column":2}},"259":{"start":{"line":260,"column":0},"end":{"line":260,"column":54}},"260":{"start":{"line":261,"column":0},"end":{"line":261,"column":66}},"261":{"start":{"line":262,"column":0},"end":{"line":262,"column":152}},"262":{"start":{"line":263,"column":0},"end":{"line":263,"column":39}},"263":{"start":{"line":264,"column":0},"end":{"line":264,"column":2}},"264":{"start":{"line":265,"column":0},"end":{"line":265,"column":54}},"265":{"start":{"line":266,"column":0},"end":{"line":266,"column":66}},"266":{"start":{"line":267,"column":0},"end":{"line":267,"column":212}},"267":{"start":{"line":268,"column":0},"end":{"line":268,"column":39}},"268":{"start":{"line":269,"column":0},"end":{"line":269,"column":2}},"269":{"start":{"line":270,"column":0},"end":{"line":270,"column":54}},"270":{"start":{"line":271,"column":0},"end":{"line":271,"column":66}},"271":{"start":{"line":272,"column":0},"end":{"line":272,"column":201}},"272":{"start":{"line":273,"column":0},"end":{"line":273,"column":39}},"273":{"start":{"line":274,"column":0},"end":{"line":274,"column":2}},"274":{"start":{"line":275,"column":0},"end":{"line":275,"column":54}},"275":{"start":{"line":276,"column":0},"end":{"line":276,"column":66}},"276":{"start":{"line":277,"column":0},"end":{"line":277,"column":144}},"277":{"start":{"line":278,"column":0},"end":{"line":278,"column":39}},"278":{"start":{"line":279,"column":0},"end":{"line":279,"column":2}},"279":{"start":{"line":280,"column":0},"end":{"line":280,"column":54}},"280":{"start":{"line":281,"column":0},"end":{"line":281,"column":66}},"281":{"start":{"line":282,"column":0},"end":{"line":282,"column":252}},"282":{"start":{"line":283,"column":0},"end":{"line":283,"column":39}},"283":{"start":{"line":284,"column":0},"end":{"line":284,"column":2}},"284":{"start":{"line":285,"column":0},"end":{"line":285,"column":54}},"285":{"start":{"line":286,"column":0},"end":{"line":286,"column":66}},"286":{"start":{"line":287,"column":0},"end":{"line":287,"column":102}},"287":{"start":{"line":288,"column":0},"end":{"line":288,"column":39}},"288":{"start":{"line":289,"column":0},"end":{"line":289,"column":2}},"289":{"start":{"line":290,"column":0},"end":{"line":290,"column":54}},"290":{"start":{"line":291,"column":0},"end":{"line":291,"column":66}},"291":{"start":{"line":292,"column":0},"end":{"line":292,"column":64435}}},"s":{"0":0,"1":0,"2":0,"3":0,"4":0,"5":0,"6":0,"7":0,"8":0,"9":0,"10":0,"11":0,"12":0,"13":0,"14":0,"15":0,"16":0,"17":0,"18":0,"19":0,"20":0,"21":0,"22":0,"23":0,"24":0,"25":0,"26":0,"27":0,"28":0,"29":0,"30":0,"31":0,"32":0,"33":0,"34":0,"35":0,"36":0,"37":0,"38":0,"39":0,"40":0,"41":0,"42":0,"43":0,"44":0,"45":0,"46":0,"47":0,"48":0,"49":0,"50":0,"51":0,"52":0,"53":0,"54":0,"55":0,"56":0,"57":0,"58":0,"59":0,"60":0,"61":0,"62":0,"63":0,"64":0,"65":0,"66":0,"67":0,"68":0,"69":0,"70":0,"71":0,"72":0,"73":0,"74":0,"75":0,"76":0,"77":0,"78":0,"79":0,"80":0,"81":0,"82":0,"83":0,"84":0,"85":0,"86":0,"87":0,"88":0,"89":0,"90":0,"91":0,"92":0,"93":0,"94":0,"95":0,"96":0,"97":0,"98":0,"99":0,"100":0,"101":0,"102":0,"103":0,"104":0,"105":0,"106":0,"107":0,"108":0,"109":0,"110":0,"111":0,"112":0,"113":0,"114":0,"115":0,"116":0,"117":0,"118":0,"119":0,"120":0,"121":0,"122":0,"123":0,"124":0,"125":0,"126":0,"127":0,"128":0,"129":0,"130":0,"131":0,"132":0,"133":0,"134":0,"135":0,"136":0,"137":0,"138":0,"139":0,"140":0,"141":0,"142":0,"143":0,"144":0,"145":0,"146":0,"147":0,"148":0,"149":0,"150":0,"151":0,"152":0,"153":0,"154":0,"155":0,"156":0,"157":0,"158":0,"159":0,"160":0,"161":0,"162":0,"163":0,"164":0,"165":0,"166":0,"167":0,"168":0,"169":0,"170":0,"171":0,"172":0,"173":0,"174":0,"175":0,"176":0,"177":0,"178":0,"179":0,"180":0,"181":0,"182":0,"183":0,"184":0,"185":0,"186":0,"187":0,"188":0,"189":0,"190":0,"191":0,"192":0,"193":0,"194":0,"195":0,"196":0,"197":0,"198":0,"199":0,"200":0,"201":0,"202":0,"203":0,"204":0,"205":0,"206":0,"207":0,"208":0,"209":0,"210":0,"211":0,"212":0,"213":0,"214":0,"215":0,"216":0,"217":0,"218":0,"219":0,"220":0,"221":0,"222":0,"223":0,"224":0,"225":0,"226":0,"227":0,"228":0,"229":0,"230":0,"231":0,"232":0,"233":0,"234":0,"235":0,"236":0,"237":0,"238":0,"239":0,"240":0,"241":0,"242":0,"243":0,"244":0,"245":0,"246":0,"247":0,"248":0,"249":0,"250":0,"251":0,"252":0,"253":0,"254":0,"255":0,"256":0,"257":0,"258":0,"259":0,"260":0,"261":0,"262":0,"263":0,"264":0,"265":0,"266":0,"267":0,"268":0,"269":0,"270":0,"271":0,"272":0,"273":0,"274":0,"275":0,"276":0,"277":0,"278":0,"279":0,"280":0,"281":0,"282":0,"283":0,"284":0,"285":0,"286":0,"287":0,"288":0,"289":0,"290":0,"291":0},"branchMap":{"0":{"type":"branch","line":1,"loc":{"start":{"line":1,"column":0},"end":{"line":292,"column":64092}},"locations":[{"start":{"line":1,"column":0},"end":{"line":292,"column":64092}}]}},"b":{"0":[0]},"fnMap":{"0":{"name":"(empty-report)","decl":{"start":{"line":1,"column":0},"end":{"line":292,"column":64092}},"loc":{"start":{"line":1,"column":0},"end":{"line":292,"column":64092}},"line":1}},"f":{"0":0}}
,"/Users/loweryr/git/github/rhlowery/access-control-service/frontend/public/config.js": {"path":"/Users/loweryr/git/github/rhlowery/access-control-service/frontend/public/config.js","all":true,"statementMap":{"0":{"start":{"line":1,"column":0},"end":{"line":1,"column":21}},"1":{"start":{"line":2,"column":0},"end":{"line":2,"column":12}},"2":{"start":{"line":3,"column":0},"end":{"line":3,"column":2}}},"s":{"0":0,"1":0,"2":0},"branchMap":{"0":{"type":"branch","line":1,"loc":{"start":{"line":1,"column":37},"end":{"line":3,"column":2}},"locations":[{"start":{"line":1,"column":37},"end":{"line":3,"column":2}}]}},"b":{"0":[0]},"fnMap":{"0":{"name":"(empty-report)","decl":{"start":{"line":1,"column":37},"end":{"line":3,"column":2}},"loc":{"start":{"line":1,"column":37},"end":{"line":3,"column":2}},"line":1}},"f":{"0":0}}
,"/Users/loweryr/git/github/rhlowery/access-control-service/frontend/src/App.tsx": {"path":"/Users/loweryr/git/github/rhlowery/access-control-service/frontend/src/App.tsx","all":false,"statementMap":{"0":{"start":{"line":1,"column":0},"end":{"line":1,"column":51}},"1":{"start":{"line":2,"column":0},"end":{"line":2,"column":9}},"10":{"start":{"line":11,"column":0},"end":{"line":11,"column":9}},"26":{"start":{"line":27,"column":0},"end":{"line":27,"column":55}},"27":{"start":{"line":28,"column":0},"end":{"line":28,"column":50}},"28":{"start":{"line":29,"column":0},"end":{"line":29,"column":62}},"29":{"start":{"line":30,"column":0},"end":{"line":30,"column":62}},"30":{"start":{"line":31,"column":0},"end":{"line":31,"column":52}},"31":{"start":{"line":32,"column":0},"end":{"line":32,"column":66}},"32":{"start":{"line":33,"column":0},"end":{"line":33,"column":53}},"34":{"start":{"line":35,"column":0},"end":{"line":35,"column":44}},"35":{"start":{"line":36,"column":0},"end":{"line":36,"column":46}},"37":{"start":{"line":38,"column":0},"end":{"line":38,"column":23}},"38":{"start":{"line":39,"column":0},"end":{"line":39,"column":160}},"39":{"start":{"line":40,"column":0},"end":{"line":40,"column":159}},"40":{"start":{"line":41,"column":0},"end":{"line":41,"column":60}},"41":{"start":{"line":42,"column":0},"end":{"line":42,"column":25}},"42":{"start":{"line":43,"column":0},"end":{"line":43,"column":10}},"43":{"start":{"line":44,"column":0},"end":{"line":44,"column":41}},"44":{"start":{"line":45,"column":0},"end":{"line":45,"column":104}},"45":{"start":{"line":46,"column":0},"end":{"line":46,"column":85}},"47":{"start":{"line":48,"column":0},"end":{"line":48,"column":16}},"48":{"start":{"line":49,"column":0},"end":{"line":49,"column":103}},"49":{"start":{"line":50,"column":0},"end":{"line":50,"column":82}},"51":{"start":{"line":52,"column":0},"end":{"line":52,"column":16}},"52":{"start":{"line":53,"column":0},"end":{"line":53,"column":102}},"53":{"start":{"line":54,"column":0},"end":{"line":54,"column":85}},"55":{"start":{"line":56,"column":0},"end":{"line":56,"column":16}},"56":{"start":{"line":57,"column":0},"end":{"line":57,"column":43}},"57":{"start":{"line":58,"column":0},"end":{"line":58,"column":106}},"58":{"start":{"line":59,"column":0},"end":{"line":59,"column":91}},"60":{"start":{"line":61,"column":0},"end":{"line":61,"column":18}},"62":{"start":{"line":63,"column":0},"end":{"line":63,"column":42}},"63":{"start":{"line":64,"column":0},"end":{"line":64,"column":102}},"64":{"start":{"line":65,"column":0},"end":{"line":65,"column":87}},"66":{"start":{"line":67,"column":0},"end":{"line":67,"column":18}},"68":{"start":{"line":69,"column":0},"end":{"line":69,"column":40}},"69":{"start":{"line":70,"column":0},"end":{"line":70,"column":105}},"70":{"start":{"line":71,"column":0},"end":{"line":71,"column":84}},"72":{"start":{"line":73,"column":0},"end":{"line":73,"column":18}},"74":{"start":{"line":75,"column":0},"end":{"line":75,"column":10}},"75":{"start":{"line":76,"column":0},"end":{"line":76,"column":34}},"76":{"start":{"line":77,"column":0},"end":{"line":77,"column":41}},"77":{"start":{"line":78,"column":0},"end":{"line":78,"column":103}},"78":{"start":{"line":79,"column":0},"end":{"line":79,"column":85}},"80":{"start":{"line":81,"column":0},"end":{"line":81,"column":16}},"81":{"start":{"line":82,"column":0},"end":{"line":82,"column":128}},"82":{"start":{"line":83,"column":0},"end":{"line":83,"column":87}},"84":{"start":{"line":85,"column":0},"end":{"line":85,"column":10}},"85":{"start":{"line":86,"column":0},"end":{"line":86,"column":10}},"86":{"start":{"line":87,"column":0},"end":{"line":87,"column":10}},"89":{"start":{"line":90,"column":0},"end":{"line":90,"column":34}},"90":{"start":{"line":91,"column":0},"end":{"line":91,"column":75}},"91":{"start":{"line":92,"column":0},"end":{"line":92,"column":126}},"92":{"start":{"line":93,"column":0},"end":{"line":93,"column":63}},"93":{"start":{"line":94,"column":0},"end":{"line":94,"column":13}},"94":{"start":{"line":95,"column":0},"end":{"line":95,"column":20}},"95":{"start":{"line":96,"column":0},"end":{"line":96,"column":52}},"96":{"start":{"line":97,"column":0},"end":{"line":97,"column":143}},"97":{"start":{"line":98,"column":0},"end":{"line":98,"column":8}},"98":{"start":{"line":99,"column":0},"end":{"line":99,"column":10}},"99":{"start":{"line":100,"column":0},"end":{"line":100,"column":45}},"100":{"start":{"line":101,"column":0},"end":{"line":101,"column":53}},"101":{"start":{"line":102,"column":0},"end":{"line":102,"column":81}},"102":{"start":{"line":103,"column":0},"end":{"line":103,"column":113}},"103":{"start":{"line":104,"column":0},"end":{"line":104,"column":12}},"104":{"start":{"line":105,"column":0},"end":{"line":105,"column":130}},"105":{"start":{"line":106,"column":0},"end":{"line":106,"column":156}},"106":{"start":{"line":107,"column":0},"end":{"line":107,"column":38}},"107":{"start":{"line":108,"column":0},"end":{"line":108,"column":14}},"108":{"start":{"line":109,"column":0},"end":{"line":109,"column":92}},"109":{"start":{"line":110,"column":0},"end":{"line":110,"column":12}},"110":{"start":{"line":111,"column":0},"end":{"line":111,"column":10}},"111":{"start":{"line":112,"column":0},"end":{"line":112,"column":11}},"114":{"start":{"line":115,"column":0},"end":{"line":115,"column":44}},"115":{"start":{"line":116,"column":0},"end":{"line":116,"column":51}},"116":{"start":{"line":117,"column":0},"end":{"line":117,"column":59}},"117":{"start":{"line":118,"column":0},"end":{"line":118,"column":115}},"118":{"start":{"line":119,"column":0},"end":{"line":119,"column":137}},"119":{"start":{"line":120,"column":0},"end":{"line":120,"column":88}},"120":{"start":{"line":121,"column":0},"end":{"line":121,"column":12}},"121":{"start":{"line":122,"column":0},"end":{"line":122,"column":115}},"122":{"start":{"line":123,"column":0},"end":{"line":123,"column":139}},"123":{"start":{"line":124,"column":0},"end":{"line":124,"column":90}},"124":{"start":{"line":125,"column":0},"end":{"line":125,"column":12}},"125":{"start":{"line":126,"column":0},"end":{"line":126,"column":115}},"126":{"start":{"line":127,"column":0},"end":{"line":127,"column":141}},"127":{"start":{"line":128,"column":0},"end":{"line":128,"column":89}},"128":{"start":{"line":129,"column":0},"end":{"line":129,"column":12}},"129":{"start":{"line":130,"column":0},"end":{"line":130,"column":10}},"131":{"start":{"line":132,"column":0},"end":{"line":132,"column":9}},"132":{"start":{"line":133,"column":0},"end":{"line":133,"column":85}},"133":{"start":{"line":134,"column":0},"end":{"line":134,"column":61}},"134":{"start":{"line":135,"column":0},"end":{"line":135,"column":30}},"135":{"start":{"line":136,"column":0},"end":{"line":136,"column":129}},"136":{"start":{"line":137,"column":0},"end":{"line":137,"column":67}},"137":{"start":{"line":138,"column":0},"end":{"line":138,"column":149}},"138":{"start":{"line":139,"column":0},"end":{"line":139,"column":28}},"139":{"start":{"line":140,"column":0},"end":{"line":140,"column":21}},"140":{"start":{"line":141,"column":0},"end":{"line":141,"column":157}},"141":{"start":{"line":142,"column":0},"end":{"line":142,"column":18}},"142":{"start":{"line":143,"column":0},"end":{"line":143,"column":34}},"143":{"start":{"line":144,"column":0},"end":{"line":144,"column":110}},"144":{"start":{"line":145,"column":0},"end":{"line":145,"column":103}},"145":{"start":{"line":146,"column":0},"end":{"line":146,"column":18}},"146":{"start":{"line":147,"column":0},"end":{"line":147,"column":71}},"147":{"start":{"line":148,"column":0},"end":{"line":148,"column":133}},"148":{"start":{"line":149,"column":0},"end":{"line":149,"column":64}},"149":{"start":{"line":150,"column":0},"end":{"line":150,"column":22}},"150":{"start":{"line":151,"column":0},"end":{"line":151,"column":85}},"151":{"start":{"line":152,"column":0},"end":{"line":152,"column":18}},"152":{"start":{"line":153,"column":0},"end":{"line":153,"column":16}},"153":{"start":{"line":154,"column":0},"end":{"line":154,"column":11}},"154":{"start":{"line":155,"column":0},"end":{"line":155,"column":12}},"155":{"start":{"line":156,"column":0},"end":{"line":156,"column":10}},"156":{"start":{"line":157,"column":0},"end":{"line":157,"column":8}},"159":{"start":{"line":160,"column":0},"end":{"line":160,"column":19}},"160":{"start":{"line":161,"column":0},"end":{"line":161,"column":41}},"161":{"start":{"line":162,"column":0},"end":{"line":162,"column":47}},"162":{"start":{"line":163,"column":0},"end":{"line":163,"column":47}},"164":{"start":{"line":165,"column":0},"end":{"line":165,"column":19}},"165":{"start":{"line":166,"column":0},"end":{"line":166,"column":41}},"166":{"start":{"line":167,"column":0},"end":{"line":167,"column":11}},"167":{"start":{"line":168,"column":0},"end":{"line":168,"column":60}},"168":{"start":{"line":169,"column":0},"end":{"line":169,"column":23}},"169":{"start":{"line":170,"column":0},"end":{"line":170,"column":28}},"170":{"start":{"line":171,"column":0},"end":{"line":171,"column":26}},"171":{"start":{"line":172,"column":0},"end":{"line":172,"column":9}},"172":{"start":{"line":173,"column":0},"end":{"line":173,"column":21}},"173":{"start":{"line":174,"column":0},"end":{"line":174,"column":48}},"174":{"start":{"line":175,"column":0},"end":{"line":175,"column":17}},"175":{"start":{"line":176,"column":0},"end":{"line":176,"column":26}},"176":{"start":{"line":177,"column":0},"end":{"line":177,"column":7}},"177":{"start":{"line":178,"column":0},"end":{"line":178,"column":6}},"179":{"start":{"line":180,"column":0},"end":{"line":180,"column":22}},"180":{"start":{"line":181,"column":0},"end":{"line":181,"column":9}},"182":{"start":{"line":183,"column":0},"end":{"line":183,"column":37}},"183":{"start":{"line":184,"column":0},"end":{"line":184,"column":9}},"184":{"start":{"line":185,"column":0},"end":{"line":185,"column":61}},"185":{"start":{"line":186,"column":0},"end":{"line":186,"column":33}},"186":{"start":{"line":187,"column":0},"end":{"line":187,"column":19}},"187":{"start":{"line":188,"column":0},"end":{"line":188,"column":49}},"188":{"start":{"line":189,"column":0},"end":{"line":189,"column":5}},"189":{"start":{"line":190,"column":0},"end":{"line":190,"column":4}},"191":{"start":{"line":192,"column":0},"end":{"line":192,"column":17}},"192":{"start":{"line":193,"column":0},"end":{"line":193,"column":27}},"193":{"start":{"line":194,"column":0},"end":{"line":194,"column":65}},"194":{"start":{"line":195,"column":0},"end":{"line":195,"column":64}},"195":{"start":{"line":196,"column":0},"end":{"line":196,"column":4}},"197":{"start":{"line":198,"column":0},"end":{"line":198,"column":16}},"198":{"start":{"line":199,"column":0},"end":{"line":199,"column":12}},"199":{"start":{"line":200,"column":0},"end":{"line":200,"column":98}},"200":{"start":{"line":201,"column":0},"end":{"line":201,"column":59}},"201":{"start":{"line":202,"column":0},"end":{"line":202,"column":68}},"202":{"start":{"line":203,"column":0},"end":{"line":203,"column":12}},"204":{"start":{"line":205,"column":0},"end":{"line":205,"column":3}},"206":{"start":{"line":207,"column":0},"end":{"line":207,"column":14}},"207":{"start":{"line":208,"column":0},"end":{"line":208,"column":53}},"208":{"start":{"line":209,"column":0},"end":{"line":209,"column":24}},"209":{"start":{"line":210,"column":0},"end":{"line":210,"column":22}},"210":{"start":{"line":211,"column":0},"end":{"line":211,"column":10}},"211":{"start":{"line":212,"column":0},"end":{"line":212,"column":3}},"213":{"start":{"line":214,"column":0},"end":{"line":214,"column":10}},"214":{"start":{"line":215,"column":0},"end":{"line":215,"column":19}},"215":{"start":{"line":216,"column":0},"end":{"line":216,"column":14}},"216":{"start":{"line":217,"column":0},"end":{"line":217,"column":107}},"217":{"start":{"line":218,"column":0},"end":{"line":218,"column":21}},"218":{"start":{"line":219,"column":0},"end":{"line":219,"column":65}},"219":{"start":{"line":220,"column":0},"end":{"line":220,"column":92}},"221":{"start":{"line":222,"column":0},"end":{"line":222,"column":67}},"222":{"start":{"line":223,"column":0},"end":{"line":223,"column":56}},"223":{"start":{"line":224,"column":0},"end":{"line":224,"column":24}},"224":{"start":{"line":225,"column":0},"end":{"line":225,"column":83}},"225":{"start":{"line":226,"column":0},"end":{"line":226,"column":115}},"226":{"start":{"line":227,"column":0},"end":{"line":227,"column":102}},"227":{"start":{"line":228,"column":0},"end":{"line":228,"column":69}},"228":{"start":{"line":229,"column":0},"end":{"line":229,"column":77}},"229":{"start":{"line":230,"column":0},"end":{"line":230,"column":73}},"230":{"start":{"line":231,"column":0},"end":{"line":231,"column":78}},"231":{"start":{"line":232,"column":0},"end":{"line":232,"column":71}},"232":{"start":{"line":233,"column":0},"end":{"line":233,"column":83}},"233":{"start":{"line":234,"column":0},"end":{"line":234,"column":25}},"234":{"start":{"line":235,"column":0},"end":{"line":235,"column":20}},"235":{"start":{"line":236,"column":0},"end":{"line":236,"column":18}},"236":{"start":{"line":237,"column":0},"end":{"line":237,"column":17}},"237":{"start":{"line":238,"column":0},"end":{"line":238,"column":14}},"238":{"start":{"line":239,"column":0},"end":{"line":239,"column":15}},"239":{"start":{"line":240,"column":0},"end":{"line":240,"column":20}},"241":{"start":{"line":242,"column":0},"end":{"line":242,"column":2}},"243":{"start":{"line":244,"column":0},"end":{"line":244,"column":19}}},"s":{"0":1,"1":1,"10":1,"26":1,"27":1,"28":1,"29":1,"30":1,"31":1,"32":1,"34":1,"35":1,"37":1,"38":5,"39":5,"40":5,"41":5,"42":5,"43":5,"44":5,"45":5,"47":5,"48":5,"49":5,"51":5,"52":5,"53":5,"55":5,"56":5,"57":2,"58":2,"60":2,"62":5,"63":2,"64":2,"66":2,"68":5,"69":1,"70":1,"72":1,"74":5,"75":5,"76":5,"77":5,"78":5,"80":5,"81":5,"82":5,"84":5,"85":5,"86":5,"89":1,"90":5,"91":5,"92":5,"93":5,"94":5,"95":5,"96":5,"97":5,"98":5,"99":5,"100":5,"101":5,"102":5,"103":5,"104":5,"105":5,"106":5,"107":5,"108":5,"109":5,"110":5,"111":5,"114":1,"115":5,"116":5,"117":5,"118":5,"119":5,"120":5,"121":5,"122":5,"123":5,"124":5,"125":5,"126":5,"127":5,"128":5,"129":5,"131":5,"132":5,"133":5,"134":5,"135":0,"136":0,"137":0,"138":0,"139":0,"140":0,"141":0,"142":0,"143":0,"144":0,"145":0,"146":0,"147":0,"148":0,"149":0,"150":0,"151":0,"152":0,"153":5,"154":5,"155":5,"156":5,"159":1,"160":14,"161":14,"162":14,"164":14,"165":7,"166":7,"167":7,"168":7,"169":5,"170":5,"171":5,"172":7,"173":1,"174":7,"175":7,"176":7,"177":7,"179":7,"180":14,"182":14,"183":5,"184":5,"185":5,"186":5,"187":0,"188":0,"189":5,"191":14,"192":14,"193":14,"194":14,"195":14,"197":14,"198":7,"199":7,"200":7,"201":7,"202":7,"204":7,"206":14,"207":2,"208":0,"209":0,"210":2,"211":2,"213":5,"214":5,"215":5,"216":5,"217":5,"218":5,"219":14,"221":14,"222":14,"223":14,"224":14,"225":14,"226":14,"227":14,"228":14,"229":14,"230":14,"231":14,"232":14,"233":14,"234":14,"235":14,"236":14,"237":14,"238":14,"239":14,"241":14,"243":1},"branchMap":{"0":{"type":"branch","line":38,"loc":{"start":{"line":38,"column":16},"end":{"line":87,"column":10}},"locations":[{"start":{"line":38,"column":16},"end":{"line":87,"column":10}}]},"1":{"type":"branch","line":57,"loc":{"start":{"line":57,"column":37},"end":{"line":61,"column":18}},"locations":[{"start":{"line":57,"column":37},"end":{"line":61,"column":18}}]},"2":{"type":"branch","line":63,"loc":{"start":{"line":63,"column":36},"end":{"line":67,"column":18}},"locations":[{"start":{"line":63,"column":36},"end":{"line":67,"column":18}}]},"3":{"type":"branch","line":69,"loc":{"start":{"line":69,"column":34},"end":{"line":73,"column":18}},"locations":[{"start":{"line":69,"column":34},"end":{"line":73,"column":18}}]},"4":{"type":"branch","line":45,"loc":{"start":{"line":45,"column":42},"end":{"line":45,"column":104}},"locations":[{"start":{"line":45,"column":42},"end":{"line":45,"column":104}}]},"5":{"type":"branch","line":45,"loc":{"start":{"line":45,"column":76},"end":{"line":45,"column":98}},"locations":[{"start":{"line":45,"column":76},"end":{"line":45,"column":98}}]},"6":{"type":"branch","line":45,"loc":{"start":{"line":45,"column":87},"end":{"line":45,"column":100}},"locations":[{"start":{"line":45,"column":87},"end":{"line":45,"column":100}}]},"7":{"type":"branch","line":49,"loc":{"start":{"line":49,"column":41},"end":{"line":49,"column":103}},"locations":[{"start":{"line":49,"column":41},"end":{"line":49,"column":103}}]},"8":{"type":"branch","line":49,"loc":{"start":{"line":49,"column":75},"end":{"line":49,"column":97}},"locations":[{"start":{"line":49,"column":75},"end":{"line":49,"column":97}}]},"9":{"type":"branch","line":53,"loc":{"start":{"line":53,"column":40},"end":{"line":53,"column":102}},"locations":[{"start":{"line":53,"column":40},"end":{"line":53,"column":102}}]},"10":{"type":"branch","line":53,"loc":{"start":{"line":53,"column":74},"end":{"line":53,"column":96}},"locations":[{"start":{"line":53,"column":74},"end":{"line":53,"column":96}}]},"11":{"type":"branch","line":58,"loc":{"start":{"line":58,"column":44},"end":{"line":58,"column":106}},"locations":[{"start":{"line":58,"column":44},"end":{"line":58,"column":106}}]},"12":{"type":"branch","line":58,"loc":{"start":{"line":58,"column":78},"end":{"line":58,"column":100}},"locations":[{"start":{"line":58,"column":78},"end":{"line":58,"column":100}}]},"13":{"type":"branch","line":64,"loc":{"start":{"line":64,"column":40},"end":{"line":64,"column":102}},"locations":[{"start":{"line":64,"column":40},"end":{"line":64,"column":102}}]},"14":{"type":"branch","line":64,"loc":{"start":{"line":64,"column":74},"end":{"line":64,"column":96}},"locations":[{"start":{"line":64,"column":74},"end":{"line":64,"column":96}}]},"15":{"type":"branch","line":70,"loc":{"start":{"line":70,"column":43},"end":{"line":70,"column":105}},"locations":[{"start":{"line":70,"column":43},"end":{"line":70,"column":105}}]},"16":{"type":"branch","line":70,"loc":{"start":{"line":70,"column":77},"end":{"line":70,"column":99}},"locations":[{"start":{"line":70,"column":77},"end":{"line":70,"column":99}}]},"17":{"type":"branch","line":78,"loc":{"start":{"line":78,"column":41},"end":{"line":78,"column":103}},"locations":[{"start":{"line":78,"column":41},"end":{"line":78,"column":103}}]},"18":{"type":"branch","line":78,"loc":{"start":{"line":78,"column":75},"end":{"line":78,"column":97}},"locations":[{"start":{"line":78,"column":75},"end":{"line":78,"column":97}}]},"19":{"type":"branch","line":90,"loc":{"start":{"line":90,"column":15},"end":{"line":112,"column":11}},"locations":[{"start":{"line":90,"column":15},"end":{"line":112,"column":11}}]},"20":{"type":"branch","line":107,"loc":{"start":{"line":107,"column":29},"end":{"line":107,"column":38}},"locations":[{"start":{"line":107,"column":29},"end":{"line":107,"column":38}}]},"21":{"type":"branch","line":109,"loc":{"start":{"line":109,"column":56},"end":{"line":109,"column":85}},"locations":[{"start":{"line":109,"column":56},"end":{"line":109,"column":85}}]},"22":{"type":"branch","line":115,"loc":{"start":{"line":115,"column":18},"end":{"line":157,"column":8}},"locations":[{"start":{"line":115,"column":18},"end":{"line":157,"column":8}}]},"23":{"type":"branch","line":160,"loc":{"start":{"line":160,"column":12},"end":{"line":242,"column":2}},"locations":[{"start":{"line":160,"column":12},"end":{"line":242,"column":2}}]},"24":{"type":"branch","line":198,"loc":{"start":{"line":198,"column":15},"end":{"line":207,"column":13}},"locations":[{"start":{"line":198,"column":15},"end":{"line":207,"column":13}}]},"25":{"type":"branch","line":207,"loc":{"start":{"line":207,"column":13},"end":{"line":212,"column":3}},"locations":[{"start":{"line":207,"column":13},"end":{"line":212,"column":3}}]},"26":{"type":"branch","line":212,"loc":{"start":{"line":212,"column":2},"end":{"line":220,"column":46}},"locations":[{"start":{"line":212,"column":2},"end":{"line":220,"column":46}}]},"27":{"type":"branch","line":220,"loc":{"start":{"line":220,"column":36},"end":{"line":220,"column":61}},"locations":[{"start":{"line":220,"column":36},"end":{"line":220,"column":61}}]},"28":{"type":"branch","line":220,"loc":{"start":{"line":220,"column":52},"end":{"line":220,"column":90}},"locations":[{"start":{"line":220,"column":52},"end":{"line":220,"column":90}}]},"29":{"type":"branch","line":165,"loc":{"start":{"line":165,"column":12},"end":{"line":181,"column":5}},"locations":[{"start":{"line":165,"column":12},"end":{"line":181,"column":5}}]},"30":{"type":"branch","line":166,"loc":{"start":{"line":166,"column":28},"end":{"line":178,"column":6}},"locations":[{"start":{"line":166,"column":28},"end":{"line":178,"column":6}}]},"31":{"type":"branch","line":168,"loc":{"start":{"line":168,"column":58},"end":{"line":169,"column":22}},"locations":[{"start":{"line":168,"column":58},"end":{"line":169,"column":22}}]},"32":{"type":"branch","line":169,"loc":{"start":{"line":169,"column":22},"end":{"line":172,"column":9}},"locations":[{"start":{"line":169,"column":22},"end":{"line":172,"column":9}}]},"33":{"type":"branch","line":173,"loc":{"start":{"line":173,"column":6},"end":{"line":175,"column":8}},"locations":[{"start":{"line":173,"column":6},"end":{"line":175,"column":8}}]},"34":{"type":"branch","line":183,"loc":{"start":{"line":183,"column":24},"end":{"line":190,"column":4}},"locations":[{"start":{"line":183,"column":24},"end":{"line":190,"column":4}}]},"35":{"type":"branch","line":186,"loc":{"start":{"line":186,"column":18},"end":{"line":186,"column":31}},"locations":[{"start":{"line":186,"column":18},"end":{"line":186,"column":31}}]},"36":{"type":"branch","line":187,"loc":{"start":{"line":187,"column":4},"end":{"line":189,"column":5}},"locations":[{"start":{"line":187,"column":4},"end":{"line":189,"column":5}}]}},"b":{"0":[5],"1":[2],"2":[2],"3":[1],"4":[6],"5":[5],"6":[1],"7":[6],"8":[0],"9":[6],"10":[0],"11":[2],"12":[0],"13":[2],"14":[0],"15":[1],"16":[0],"17":[6],"18":[0],"19":[5],"20":[0],"21":[0],"22":[5],"23":[14],"24":[7],"25":[2],"26":[5],"27":[0],"28":[0],"29":[7],"30":[7],"31":[6],"32":[5],"33":[1],"34":[5],"35":[0],"36":[0]},"fnMap":{"0":{"name":"Sidebar","decl":{"start":{"line":38,"column":16},"end":{"line":87,"column":10}},"loc":{"start":{"line":38,"column":16},"end":{"line":87,"column":10}},"line":38},"1":{"name":"className","decl":{"start":{"line":45,"column":42},"end":{"line":45,"column":104}},"loc":{"start":{"line":45,"column":42},"end":{"line":45,"column":104}},"line":45},"2":{"name":"className","decl":{"start":{"line":49,"column":41},"end":{"line":49,"column":103}},"loc":{"start":{"line":49,"column":41},"end":{"line":49,"column":103}},"line":49},"3":{"name":"className","decl":{"start":{"line":53,"column":40},"end":{"line":53,"column":102}},"loc":{"start":{"line":53,"column":40},"end":{"line":53,"column":102}},"line":53},"4":{"name":"className","decl":{"start":{"line":58,"column":44},"end":{"line":58,"column":106}},"loc":{"start":{"line":58,"column":44},"end":{"line":58,"column":106}},"line":58},"5":{"name":"className","decl":{"start":{"line":64,"column":40},"end":{"line":64,"column":102}},"loc":{"start":{"line":64,"column":40},"end":{"line":64,"column":102}},"line":64},"6":{"name":"className","decl":{"start":{"line":70,"column":43},"end":{"line":70,"column":105}},"loc":{"start":{"line":70,"column":43},"end":{"line":70,"column":105}},"line":70},"7":{"name":"className","decl":{"start":{"line":78,"column":41},"end":{"line":78,"column":103}},"loc":{"start":{"line":78,"column":41},"end":{"line":78,"column":103}},"line":78},"8":{"name":"onClick","decl":{"start":{"line":82,"column":100},"end":{"line":82,"column":128}},"loc":{"start":{"line":82,"column":100},"end":{"line":82,"column":128}},"line":82},"9":{"name":"Header","decl":{"start":{"line":90,"column":15},"end":{"line":112,"column":11}},"loc":{"start":{"line":90,"column":15},"end":{"line":112,"column":11}},"line":90},"10":{"name":"Dashboard","decl":{"start":{"line":115,"column":18},"end":{"line":157,"column":8}},"loc":{"start":{"line":115,"column":18},"end":{"line":157,"column":8}},"line":115},"11":{"name":"App","decl":{"start":{"line":160,"column":12},"end":{"line":242,"column":2}},"loc":{"start":{"line":160,"column":12},"end":{"line":242,"column":2}},"line":160},"12":{"name":"checkAuthStatus","decl":{"start":{"line":166,"column":28},"end":{"line":178,"column":6}},"loc":{"start":{"line":166,"column":28},"end":{"line":178,"column":6}},"line":166},"13":{"name":"fetchRequests","decl":{"start":{"line":183,"column":24},"end":{"line":190,"column":4}},"loc":{"start":{"line":183,"column":24},"end":{"line":190,"column":4}},"line":183},"14":{"name":"onLoginSuccess","decl":{"start":{"line":208,"column":38},"end":{"line":211,"column":7}},"loc":{"start":{"line":208,"column":38},"end":{"line":211,"column":7}},"line":208}},"f":{"0":5,"1":6,"2":6,"3":6,"4":2,"5":2,"6":1,"7":6,"8":0,"9":5,"10":5,"11":14,"12":7,"13":5,"14":0}}
,"/Users/loweryr/git/github/rhlowery/access-control-service/frontend/src/config.ts": {"path":"/Users/loweryr/git/github/rhlowery/access-control-service/frontend/src/config.ts","all":false,"statementMap":{"0":{"start":{"line":1,"column":0},"end":{"line":1,"column":36}},"1":{"start":{"line":2,"column":0},"end":{"line":2,"column":95}},"2":{"start":{"line":3,"column":0},"end":{"line":3,"column":26}},"3":{"start":{"line":4,"column":0},"end":{"line":4,"column":2}}},"s":{"0":1,"1":10,"2":10,"3":10},"branchMap":{"0":{"type":"branch","line":1,"loc":{"start":{"line":1,"column":25},"end":{"line":4,"column":2}},"locations":[{"start":{"line":1,"column":25},"end":{"line":4,"column":2}}]},"1":{"type":"branch","line":2,"loc":{"start":{"line":2,"column":55},"end":{"line":2,"column":92}},"locations":[{"start":{"line":2,"column":55},"end":{"line":2,"column":92}}]}},"b":{"0":[10],"1":[0]},"fnMap":{"0":{"name":"getApiUrl","decl":{"start":{"line":1,"column":25},"end":{"line":4,"column":2}},"loc":{"start":{"line":1,"column":25},"end":{"line":4,"column":2}},"line":1}},"f":{"0":10}}
,"/Users/loweryr/git/github/rhlowery/access-control-service/frontend/src/main.tsx": {"path":"/Users/loweryr/git/github/rhlowery/access-control-service/frontend/src/main.tsx","all":true,"statementMap":{"0":{"start":{"line":1,"column":0},"end":{"line":1,"column":26}},"1":{"start":{"line":2,"column":0},"end":{"line":2,"column":40}},"2":{"start":{"line":3,"column":0},"end":{"line":3,"column":28}},"3":{"start":{"line":4,"column":0},"end":{"line":4,"column":21}},"5":{"start":{"line":6,"column":0},"end":{"line":6,"column":60}},"6":{"start":{"line":7,"column":0},"end":{"line":7,"column":20}},"7":{"start":{"line":8,"column":0},"end":{"line":8,"column":11}},"8":{"start":{"line":9,"column":0},"end":{"line":9,"column":21}},"9":{"start":{"line":10,"column":0},"end":{"line":10,"column":2}}},"s":{"0":0,"1":0,"2":0,"3":0,"5":0,"6":0,"7":0,"8":0,"9":0},"branchMap":{"0":{"type":"branch","line":1,"loc":{"start":{"line":1,"column":206},"end":{"line":10,"column":-169}},"locations":[{"start":{"line":1,"column":206},"end":{"line":10,"column":-169}}]}},"b":{"0":[0]},"fnMap":{"0":{"name":"(empty-report)","decl":{"start":{"line":1,"column":206},"end":{"line":10,"column":-169}},"loc":{"start":{"line":1,"column":206},"end":{"line":10,"column":-169}},"line":1}},"f":{"0":0}}
,"/Users/loweryr/git/github/rhlowery/access-control-service/frontend/src/components/catalog/CatalogTree.tsx": {"path":"/Users/loweryr/git/github/rhlowery/access-control-service/frontend/src/components/catalog/CatalogTree.tsx","all":false,"statementMap":{"0":{"start":{"line":1,"column":0},"end":{"line":1,"column":51}},"1":{"start":{"line":2,"column":0},"end":{"line":2,"column":9}},"11":{"start":{"line":12,"column":0},"end":{"line":12,"column":63}},"13":{"start":{"line":14,"column":0},"end":{"line":14,"column":78}},"14":{"start":{"line":15,"column":0},"end":{"line":15,"column":46}},"15":{"start":{"line":16,"column":0},"end":{"line":16,"column":47}},"16":{"start":{"line":17,"column":0},"end":{"line":17,"column":48}},"18":{"start":{"line":19,"column":0},"end":{"line":19,"column":35}},"19":{"start":{"line":20,"column":0},"end":{"line":20,"column":24}},"20":{"start":{"line":21,"column":0},"end":{"line":21,"column":73}},"21":{"start":{"line":22,"column":0},"end":{"line":22,"column":23}},"22":{"start":{"line":23,"column":0},"end":{"line":23,"column":11}},"23":{"start":{"line":24,"column":0},"end":{"line":24,"column":84}},"24":{"start":{"line":25,"column":0},"end":{"line":25,"column":32}},"25":{"start":{"line":26,"column":0},"end":{"line":26,"column":21}},"26":{"start":{"line":27,"column":0},"end":{"line":27,"column":54}},"27":{"start":{"line":28,"column":0},"end":{"line":28,"column":17}},"28":{"start":{"line":29,"column":0},"end":{"line":29,"column":26}},"29":{"start":{"line":30,"column":0},"end":{"line":30,"column":7}},"30":{"start":{"line":31,"column":0},"end":{"line":31,"column":5}},"31":{"start":{"line":32,"column":0},"end":{"line":32,"column":23}},"32":{"start":{"line":33,"column":0},"end":{"line":33,"column":4}},"34":{"start":{"line":35,"column":0},"end":{"line":35,"column":97}},"35":{"start":{"line":36,"column":0},"end":{"line":36,"column":95}},"36":{"start":{"line":37,"column":0},"end":{"line":37,"column":68}},"38":{"start":{"line":39,"column":0},"end":{"line":39,"column":52}},"39":{"start":{"line":40,"column":0},"end":{"line":40,"column":79}},"40":{"start":{"line":41,"column":0},"end":{"line":41,"column":96}},"42":{"start":{"line":43,"column":0},"end":{"line":43,"column":10}},"43":{"start":{"line":44,"column":0},"end":{"line":44,"column":35}},"44":{"start":{"line":45,"column":0},"end":{"line":45,"column":11}},"45":{"start":{"line":46,"column":0},"end":{"line":46,"column":179}},"46":{"start":{"line":47,"column":0},"end":{"line":47,"column":38}},"47":{"start":{"line":48,"column":0},"end":{"line":48,"column":77}},"48":{"start":{"line":49,"column":0},"end":{"line":49,"column":49}},"50":{"start":{"line":51,"column":0},"end":{"line":51,"column":13}},"51":{"start":{"line":52,"column":0},"end":{"line":52,"column":149}},"52":{"start":{"line":53,"column":0},"end":{"line":53,"column":30}},"54":{"start":{"line":55,"column":0},"end":{"line":55,"column":37}},"55":{"start":{"line":56,"column":0},"end":{"line":56,"column":23}},"56":{"start":{"line":57,"column":0},"end":{"line":57,"column":127}},"58":{"start":{"line":59,"column":0},"end":{"line":59,"column":123}},"61":{"start":{"line":62,"column":0},"end":{"line":62,"column":14}},"63":{"start":{"line":64,"column":0},"end":{"line":64,"column":100}},"65":{"start":{"line":66,"column":0},"end":{"line":66,"column":157}},"66":{"start":{"line":67,"column":0},"end":{"line":67,"column":21}},"67":{"start":{"line":68,"column":0},"end":{"line":68,"column":15}},"69":{"start":{"line":70,"column":0},"end":{"line":70,"column":110}},"70":{"start":{"line":71,"column":0},"end":{"line":71,"column":26}},"71":{"start":{"line":72,"column":0},"end":{"line":72,"column":89}},"72":{"start":{"line":73,"column":0},"end":{"line":73,"column":14}},"73":{"start":{"line":74,"column":0},"end":{"line":74,"column":12}},"75":{"start":{"line":76,"column":0},"end":{"line":76,"column":18}},"76":{"start":{"line":77,"column":0},"end":{"line":77,"column":81}},"77":{"start":{"line":78,"column":0},"end":{"line":78,"column":34}},"78":{"start":{"line":79,"column":0},"end":{"line":79,"column":22}},"79":{"start":{"line":80,"column":0},"end":{"line":80,"column":50}},"80":{"start":{"line":81,"column":0},"end":{"line":81,"column":27}},"81":{"start":{"line":82,"column":0},"end":{"line":82,"column":47}},"82":{"start":{"line":83,"column":0},"end":{"line":83,"column":62}},"83":{"start":{"line":84,"column":0},"end":{"line":84,"column":33}},"84":{"start":{"line":85,"column":0},"end":{"line":85,"column":41}},"85":{"start":{"line":86,"column":0},"end":{"line":86,"column":14}},"86":{"start":{"line":87,"column":0},"end":{"line":87,"column":13}},"87":{"start":{"line":88,"column":0},"end":{"line":88,"column":49}},"88":{"start":{"line":89,"column":0},"end":{"line":89,"column":120}},"90":{"start":{"line":91,"column":0},"end":{"line":91,"column":14}},"92":{"start":{"line":93,"column":0},"end":{"line":93,"column":10}},"94":{"start":{"line":95,"column":0},"end":{"line":95,"column":2}},"96":{"start":{"line":97,"column":0},"end":{"line":97,"column":60}},"97":{"start":{"line":98,"column":0},"end":{"line":98,"column":47}},"98":{"start":{"line":99,"column":0},"end":{"line":99,"column":47}},"100":{"start":{"line":101,"column":0},"end":{"line":101,"column":19}},"101":{"start":{"line":102,"column":0},"end":{"line":102,"column":38}},"102":{"start":{"line":103,"column":0},"end":{"line":103,"column":11}},"103":{"start":{"line":104,"column":0},"end":{"line":104,"column":61}},"104":{"start":{"line":105,"column":0},"end":{"line":105,"column":39}},"105":{"start":{"line":106,"column":0},"end":{"line":106,"column":19}},"106":{"start":{"line":107,"column":0},"end":{"line":107,"column":23}},"107":{"start":{"line":108,"column":0},"end":{"line":108,"column":26}},"108":{"start":{"line":109,"column":0},"end":{"line":109,"column":20}},"109":{"start":{"line":110,"column":0},"end":{"line":110,"column":36}},"110":{"start":{"line":111,"column":0},"end":{"line":111,"column":12}},"111":{"start":{"line":112,"column":0},"end":{"line":112,"column":28}},"112":{"start":{"line":113,"column":0},"end":{"line":113,"column":21}},"113":{"start":{"line":114,"column":0},"end":{"line":114,"column":54}},"114":{"start":{"line":115,"column":0},"end":{"line":115,"column":17}},"115":{"start":{"line":116,"column":0},"end":{"line":116,"column":26}},"116":{"start":{"line":117,"column":0},"end":{"line":117,"column":7}},"117":{"start":{"line":118,"column":0},"end":{"line":118,"column":6}},"118":{"start":{"line":119,"column":0},"end":{"line":119,"column":19}},"119":{"start":{"line":120,"column":0},"end":{"line":120,"column":9}},"121":{"start":{"line":122,"column":0},"end":{"line":122,"column":23}},"122":{"start":{"line":123,"column":0},"end":{"line":123,"column":78}},"123":{"start":{"line":124,"column":0},"end":{"line":124,"column":128}},"124":{"start":{"line":125,"column":0},"end":{"line":125,"column":107}},"125":{"start":{"line":126,"column":0},"end":{"line":126,"column":10}},"128":{"start":{"line":129,"column":0},"end":{"line":129,"column":10}},"129":{"start":{"line":130,"column":0},"end":{"line":130,"column":63}},"130":{"start":{"line":131,"column":0},"end":{"line":131,"column":30}},"131":{"start":{"line":132,"column":0},"end":{"line":132,"column":33}},"132":{"start":{"line":133,"column":0},"end":{"line":133,"column":20}},"133":{"start":{"line":134,"column":0},"end":{"line":134,"column":29}},"134":{"start":{"line":135,"column":0},"end":{"line":135,"column":27}},"135":{"start":{"line":136,"column":0},"end":{"line":136,"column":21}},"136":{"start":{"line":137,"column":0},"end":{"line":137,"column":31}},"137":{"start":{"line":138,"column":0},"end":{"line":138,"column":39}},"138":{"start":{"line":139,"column":0},"end":{"line":139,"column":12}},"139":{"start":{"line":140,"column":0},"end":{"line":140,"column":10}},"141":{"start":{"line":142,"column":0},"end":{"line":142,"column":48}},"142":{"start":{"line":143,"column":0},"end":{"line":143,"column":68}},"143":{"start":{"line":144,"column":0},"end":{"line":144,"column":105}},"144":{"start":{"line":145,"column":0},"end":{"line":145,"column":14}},"146":{"start":{"line":147,"column":0},"end":{"line":147,"column":10}},"148":{"start":{"line":149,"column":0},"end":{"line":149,"column":2}}},"s":{"0":1,"1":1,"11":1,"13":1,"14":7,"15":7,"16":7,"18":7,"19":1,"20":1,"21":1,"22":1,"23":1,"24":1,"25":1,"26":0,"27":1,"28":1,"29":1,"30":1,"31":1,"32":1,"34":7,"35":1,"36":0,"38":7,"39":6,"40":1,"42":7,"43":7,"44":7,"45":7,"46":7,"47":7,"48":7,"50":7,"51":7,"52":7,"54":7,"55":7,"56":1,"58":6,"61":7,"63":7,"65":7,"66":7,"67":7,"69":7,"70":7,"71":7,"72":7,"73":7,"75":7,"76":1,"77":1,"78":1,"79":1,"80":1,"81":1,"82":1,"83":1,"84":1,"85":1,"86":1,"87":1,"88":0,"90":1,"92":7,"94":7,"96":1,"97":8,"98":8,"100":8,"101":4,"102":4,"103":4,"104":4,"105":4,"106":4,"107":4,"108":4,"109":4,"110":4,"111":4,"112":4,"113":0,"114":4,"115":4,"116":4,"117":4,"118":4,"119":8,"121":8,"122":4,"123":4,"124":4,"125":4,"128":4,"129":4,"130":4,"131":4,"132":4,"133":4,"134":4,"135":4,"136":4,"137":4,"138":4,"139":4,"141":0,"142":0,"143":0,"144":0,"146":8,"148":8},"branchMap":{"0":{"type":"branch","line":14,"loc":{"start":{"line":14,"column":17},"end":{"line":95,"column":2}},"locations":[{"start":{"line":14,"column":17},"end":{"line":95,"column":2}}]},"1":{"type":"branch","line":35,"loc":{"start":{"line":35,"column":33},"end":{"line":35,"column":97}},"locations":[{"start":{"line":35,"column":33},"end":{"line":35,"column":97}}]},"2":{"type":"branch","line":35,"loc":{"start":{"line":35,"column":92},"end":{"line":37,"column":68}},"locations":[{"start":{"line":35,"column":92},"end":{"line":37,"column":68}}]},"3":{"type":"branch","line":36,"loc":{"start":{"line":36,"column":90},"end":{"line":37,"column":68}},"locations":[{"start":{"line":36,"column":90},"end":{"line":37,"column":68}}]},"4":{"type":"branch","line":39,"loc":{"start":{"line":39,"column":41},"end":{"line":40,"column":79}},"locations":[{"start":{"line":39,"column":41},"end":{"line":40,"column":79}}]},"5":{"type":"branch","line":40,"loc":{"start":{"line":40,"column":74},"end":{"line":41,"column":96}},"locations":[{"start":{"line":40,"column":74},"end":{"line":41,"column":96}}]},"6":{"type":"branch","line":46,"loc":{"start":{"line":46,"column":140},"end":{"line":46,"column":174}},"locations":[{"start":{"line":46,"column":140},"end":{"line":46,"column":174}}]},"7":{"type":"branch","line":46,"loc":{"start":{"line":46,"column":149},"end":{"line":46,"column":176}},"locations":[{"start":{"line":46,"column":149},"end":{"line":46,"column":176}}]},"8":{"type":"branch","line":56,"loc":{"start":{"line":56,"column":12},"end":{"line":57,"column":127}},"locations":[{"start":{"line":56,"column":12},"end":{"line":57,"column":127}}]},"9":{"type":"branch","line":57,"loc":{"start":{"line":57,"column":120},"end":{"line":59,"column":123}},"locations":[{"start":{"line":57,"column":120},"end":{"line":59,"column":123}}]},"10":{"type":"branch","line":59,"loc":{"start":{"line":59,"column":14},"end":{"line":59,"column":74}},"locations":[{"start":{"line":59,"column":14},"end":{"line":59,"column":74}}]},"11":{"type":"branch","line":59,"loc":{"start":{"line":59,"column":69},"end":{"line":59,"column":123}},"locations":[{"start":{"line":59,"column":69},"end":{"line":59,"column":123}}]},"12":{"type":"branch","line":66,"loc":{"start":{"line":66,"column":64},"end":{"line":66,"column":96}},"locations":[{"start":{"line":66,"column":64},"end":{"line":66,"column":96}}]},"13":{"type":"branch","line":66,"loc":{"start":{"line":66,"column":73},"end":{"line":66,"column":153}},"locations":[{"start":{"line":66,"column":73},"end":{"line":66,"column":153}}]},"14":{"type":"branch","line":76,"loc":{"start":{"line":76,"column":7},"end":{"line":91,"column":14}},"locations":[{"start":{"line":76,"column":7},"end":{"line":91,"column":14}}]},"15":{"type":"branch","line":88,"loc":{"start":{"line":88,"column":31},"end":{"line":88,"column":49}},"locations":[{"start":{"line":88,"column":31},"end":{"line":88,"column":49}}]},"16":{"type":"branch","line":88,"loc":{"start":{"line":88,"column":37},"end":{"line":89,"column":120}},"locations":[{"start":{"line":88,"column":37},"end":{"line":89,"column":120}}]},"17":{"type":"branch","line":19,"loc":{"start":{"line":19,"column":21},"end":{"line":33,"column":4}},"locations":[{"start":{"line":19,"column":21},"end":{"line":33,"column":4}}]},"18":{"type":"branch","line":21,"loc":{"start":{"line":21,"column":34},"end":{"line":21,"column":72}},"locations":[{"start":{"line":21,"column":34},"end":{"line":21,"column":72}}]},"19":{"type":"branch","line":25,"loc":{"start":{"line":25,"column":20},"end":{"line":25,"column":30}},"locations":[{"start":{"line":25,"column":20},"end":{"line":25,"column":30}}]},"20":{"type":"branch","line":26,"loc":{"start":{"line":26,"column":6},"end":{"line":28,"column":8}},"locations":[{"start":{"line":26,"column":6},"end":{"line":28,"column":8}}]},"21":{"type":"branch","line":47,"loc":{"start":{"line":47,"column":17},"end":{"line":47,"column":38}},"locations":[{"start":{"line":47,"column":17},"end":{"line":47,"column":38}}]},"22":{"type":"branch","line":48,"loc":{"start":{"line":48,"column":23},"end":{"line":48,"column":77}},"locations":[{"start":{"line":48,"column":23},"end":{"line":48,"column":77}}]},"23":{"type":"branch","line":78,"loc":{"start":{"line":78,"column":24},"end":{"line":86,"column":14}},"locations":[{"start":{"line":78,"column":24},"end":{"line":86,"column":14}}]},"24":{"type":"branch","line":97,"loc":{"start":{"line":97,"column":27},"end":{"line":149,"column":2}},"locations":[{"start":{"line":97,"column":27},"end":{"line":149,"column":2}}]},"25":{"type":"branch","line":122,"loc":{"start":{"line":122,"column":15},"end":{"line":140,"column":10}},"locations":[{"start":{"line":122,"column":15},"end":{"line":140,"column":10}}]},"26":{"type":"branch","line":140,"loc":{"start":{"line":140,"column":9},"end":{"line":145,"column":14}},"locations":[{"start":{"line":140,"column":9},"end":{"line":145,"column":14}}]},"27":{"type":"branch","line":101,"loc":{"start":{"line":101,"column":12},"end":{"line":120,"column":5}},"locations":[{"start":{"line":101,"column":12},"end":{"line":120,"column":5}}]},"28":{"type":"branch","line":102,"loc":{"start":{"line":102,"column":25},"end":{"line":118,"column":6}},"locations":[{"start":{"line":102,"column":25},"end":{"line":118,"column":6}}]},"29":{"type":"branch","line":113,"loc":{"start":{"line":113,"column":6},"end":{"line":115,"column":8}},"locations":[{"start":{"line":113,"column":6},"end":{"line":115,"column":8}}]},"30":{"type":"branch","line":105,"loc":{"start":{"line":105,"column":32},"end":{"line":111,"column":10}},"locations":[{"start":{"line":105,"column":32},"end":{"line":111,"column":10}}]},"31":{"type":"branch","line":110,"loc":{"start":{"line":110,"column":20},"end":{"line":110,"column":36}},"locations":[{"start":{"line":110,"column":20},"end":{"line":110,"column":36}}]},"32":{"type":"branch","line":132,"loc":{"start":{"line":132,"column":21},"end":{"line":139,"column":12}},"locations":[{"start":{"line":132,"column":21},"end":{"line":139,"column":12}}]}},"b":{"0":[7],"1":[6],"2":[1],"3":[0],"4":[6],"5":[1],"6":[1],"7":[6],"8":[1],"9":[6],"10":[1],"11":[5],"12":[1],"13":[6],"14":[1],"15":[0],"16":[0],"17":[1],"18":[0],"19":[0],"20":[0],"21":[1],"22":[1],"23":[1],"24":[8],"25":[4],"26":[0],"27":[4],"28":[4],"29":[0],"30":[4],"31":[0],"32":[4]},"fnMap":{"0":{"name":"TreeNode","decl":{"start":{"line":14,"column":17},"end":{"line":95,"column":2}},"loc":{"start":{"line":14,"column":17},"end":{"line":95,"column":2}},"line":14},"1":{"name":"toggleOpen","decl":{"start":{"line":19,"column":21},"end":{"line":33,"column":4}},"loc":{"start":{"line":19,"column":21},"end":{"line":33,"column":4}},"line":19},"2":{"name":"onClick","decl":{"start":{"line":47,"column":17},"end":{"line":47,"column":38}},"loc":{"start":{"line":47,"column":17},"end":{"line":47,"column":38}},"line":47},"3":{"name":"onContextMenu","decl":{"start":{"line":48,"column":23},"end":{"line":48,"column":77}},"loc":{"start":{"line":48,"column":23},"end":{"line":48,"column":77}},"line":48},"4":{"name":"CatalogTree","decl":{"start":{"line":97,"column":27},"end":{"line":149,"column":2}},"loc":{"start":{"line":97,"column":27},"end":{"line":149,"column":2}},"line":97},"5":{"name":"loadCatalogs","decl":{"start":{"line":102,"column":25},"end":{"line":118,"column":6}},"loc":{"start":{"line":102,"column":25},"end":{"line":118,"column":6}},"line":102}},"f":{"0":7,"1":1,"2":1,"3":1,"4":8,"5":4}}
,"/Users/loweryr/git/github/rhlowery/access-control-service/frontend/src/components/requests/AccessRequestForm.tsx": {"path":"/Users/loweryr/git/github/rhlowery/access-control-service/frontend/src/components/requests/AccessRequestForm.tsx","all":false,"statementMap":{"0":{"start":{"line":1,"column":0},"end":{"line":1,"column":40}},"1":{"start":{"line":2,"column":0},"end":{"line":2,"column":84}},"2":{"start":{"line":3,"column":0},"end":{"line":3,"column":63}},"3":{"start":{"line":4,"column":0},"end":{"line":4,"column":57}},"5":{"start":{"line":6,"column":0},"end":{"line":6,"column":68}},"6":{"start":{"line":7,"column":0},"end":{"line":7,"column":53}},"7":{"start":{"line":8,"column":0},"end":{"line":8,"column":78}},"8":{"start":{"line":9,"column":0},"end":{"line":9,"column":53}},"9":{"start":{"line":10,"column":0},"end":{"line":10,"column":59}},"10":{"start":{"line":11,"column":0},"end":{"line":11,"column":53}},"11":{"start":{"line":12,"column":0},"end":{"line":12,"column":60}},"13":{"start":{"line":14,"column":0},"end":{"line":14,"column":120}},"15":{"start":{"line":16,"column":0},"end":{"line":16,"column":39}},"16":{"start":{"line":17,"column":0},"end":{"line":17,"column":30}},"17":{"start":{"line":18,"column":0},"end":{"line":18,"column":80}},"18":{"start":{"line":19,"column":0},"end":{"line":19,"column":10}},"19":{"start":{"line":20,"column":0},"end":{"line":20,"column":6}},"21":{"start":{"line":22,"column":0},"end":{"line":22,"column":39}},"22":{"start":{"line":23,"column":0},"end":{"line":23,"column":27}},"23":{"start":{"line":24,"column":0},"end":{"line":24,"column":38}},"24":{"start":{"line":25,"column":0},"end":{"line":25,"column":66}},"25":{"start":{"line":26,"column":0},"end":{"line":26,"column":19}},"26":{"start":{"line":27,"column":0},"end":{"line":27,"column":9}},"27":{"start":{"line":28,"column":0},"end":{"line":28,"column":36}},"28":{"start":{"line":29,"column":0},"end":{"line":29,"column":60}},"29":{"start":{"line":30,"column":0},"end":{"line":30,"column":19}},"30":{"start":{"line":31,"column":0},"end":{"line":31,"column":9}},"32":{"start":{"line":33,"column":0},"end":{"line":33,"column":30}},"33":{"start":{"line":34,"column":0},"end":{"line":34,"column":13}},"34":{"start":{"line":35,"column":0},"end":{"line":35,"column":29}},"35":{"start":{"line":36,"column":0},"end":{"line":36,"column":60}},"36":{"start":{"line":37,"column":0},"end":{"line":37,"column":36}},"37":{"start":{"line":38,"column":0},"end":{"line":38,"column":54}},"38":{"start":{"line":39,"column":0},"end":{"line":39,"column":90}},"39":{"start":{"line":40,"column":0},"end":{"line":40,"column":27}},"40":{"start":{"line":41,"column":0},"end":{"line":41,"column":30}},"41":{"start":{"line":42,"column":0},"end":{"line":42,"column":87}},"42":{"start":{"line":43,"column":0},"end":{"line":43,"column":34}},"43":{"start":{"line":44,"column":0},"end":{"line":44,"column":51}},"44":{"start":{"line":45,"column":0},"end":{"line":45,"column":14}},"45":{"start":{"line":46,"column":0},"end":{"line":46,"column":56}},"46":{"start":{"line":47,"column":0},"end":{"line":47,"column":67}},"47":{"start":{"line":48,"column":0},"end":{"line":48,"column":26}},"48":{"start":{"line":49,"column":0},"end":{"line":49,"column":22}},"49":{"start":{"line":50,"column":0},"end":{"line":50,"column":23}},"50":{"start":{"line":51,"column":0},"end":{"line":51,"column":50}},"51":{"start":{"line":52,"column":0},"end":{"line":52,"column":19}},"52":{"start":{"line":53,"column":0},"end":{"line":53,"column":35}},"53":{"start":{"line":54,"column":0},"end":{"line":54,"column":9}},"54":{"start":{"line":55,"column":0},"end":{"line":55,"column":6}},"56":{"start":{"line":57,"column":0},"end":{"line":57,"column":12}},"57":{"start":{"line":58,"column":0},"end":{"line":58,"column":163}},"58":{"start":{"line":59,"column":0},"end":{"line":59,"column":225}},"59":{"start":{"line":60,"column":0},"end":{"line":60,"column":117}},"60":{"start":{"line":61,"column":0},"end":{"line":61,"column":61}},"61":{"start":{"line":62,"column":0},"end":{"line":62,"column":78}},"62":{"start":{"line":63,"column":0},"end":{"line":63,"column":48}},"63":{"start":{"line":64,"column":0},"end":{"line":64,"column":30}},"64":{"start":{"line":65,"column":0},"end":{"line":65,"column":134}},"65":{"start":{"line":66,"column":0},"end":{"line":66,"column":26}},"66":{"start":{"line":67,"column":0},"end":{"line":67,"column":139}},"67":{"start":{"line":68,"column":0},"end":{"line":68,"column":39}},"68":{"start":{"line":69,"column":0},"end":{"line":69,"column":29}},"69":{"start":{"line":70,"column":0},"end":{"line":70,"column":22}},"71":{"start":{"line":72,"column":0},"end":{"line":72,"column":101}},"72":{"start":{"line":73,"column":0},"end":{"line":73,"column":47}},"73":{"start":{"line":74,"column":0},"end":{"line":74,"column":144}},"74":{"start":{"line":75,"column":0},"end":{"line":75,"column":100}},"75":{"start":{"line":76,"column":0},"end":{"line":76,"column":32}},"76":{"start":{"line":77,"column":0},"end":{"line":77,"column":31}},"77":{"start":{"line":78,"column":0},"end":{"line":78,"column":44}},"78":{"start":{"line":79,"column":0},"end":{"line":79,"column":40}},"79":{"start":{"line":80,"column":0},"end":{"line":80,"column":48}},"80":{"start":{"line":81,"column":0},"end":{"line":81,"column":75}},"81":{"start":{"line":82,"column":0},"end":{"line":82,"column":56}},"82":{"start":{"line":83,"column":0},"end":{"line":83,"column":212}},"83":{"start":{"line":84,"column":0},"end":{"line":84,"column":36}},"84":{"start":{"line":85,"column":0},"end":{"line":85,"column":26}},"85":{"start":{"line":86,"column":0},"end":{"line":86,"column":26}},"87":{"start":{"line":88,"column":0},"end":{"line":88,"column":47}},"88":{"start":{"line":89,"column":0},"end":{"line":89,"column":145}},"89":{"start":{"line":90,"column":0},"end":{"line":90,"column":91}},"90":{"start":{"line":91,"column":0},"end":{"line":91,"column":32}},"91":{"start":{"line":92,"column":0},"end":{"line":92,"column":31}},"92":{"start":{"line":93,"column":0},"end":{"line":93,"column":46}},"93":{"start":{"line":94,"column":0},"end":{"line":94,"column":40}},"94":{"start":{"line":95,"column":0},"end":{"line":95,"column":96}},"95":{"start":{"line":96,"column":0},"end":{"line":96,"column":37}},"96":{"start":{"line":97,"column":0},"end":{"line":97,"column":190}},"97":{"start":{"line":98,"column":0},"end":{"line":98,"column":26}},"98":{"start":{"line":99,"column":0},"end":{"line":99,"column":26}},"100":{"start":{"line":101,"column":0},"end":{"line":101,"column":47}},"101":{"start":{"line":102,"column":0},"end":{"line":102,"column":127}},"102":{"start":{"line":103,"column":0},"end":{"line":103,"column":93}},"103":{"start":{"line":104,"column":0},"end":{"line":104,"column":32}},"104":{"start":{"line":105,"column":0},"end":{"line":105,"column":79}},"105":{"start":{"line":106,"column":0},"end":{"line":106,"column":62}},"106":{"start":{"line":107,"column":0},"end":{"line":107,"column":40}},"107":{"start":{"line":108,"column":0},"end":{"line":108,"column":47}},"108":{"start":{"line":109,"column":0},"end":{"line":109,"column":49}},"109":{"start":{"line":110,"column":0},"end":{"line":110,"column":73}},"110":{"start":{"line":111,"column":0},"end":{"line":111,"column":153}},"111":{"start":{"line":112,"column":0},"end":{"line":112,"column":65}},"112":{"start":{"line":113,"column":0},"end":{"line":113,"column":123}},"113":{"start":{"line":114,"column":0},"end":{"line":114,"column":145}},"114":{
[...]
end":{"line":61,"column":5}},"locations":[{"start":{"line":51,"column":4},"end":{"line":61,"column":5}}]},"13":{"type":"branch","line":52,"loc":{"start":{"line":52,"column":23},"end":{"line":52,"column":40}},"locations":[{"start":{"line":52,"column":23},"end":{"line":52,"column":40}}]},"14":{"type":"branch","line":54,"loc":{"start":{"line":54,"column":52},"end":{"line":56,"column":17}},"locations":[{"start":{"line":54,"column":52},"end":{"line":56,"column":17}}]},"15":{"type":"branch","line":56,"loc":{"start":{"line":56,"column":8},"end":{"line":60,"column":20}},"locations":[{"start":{"line":56,"column":8},"end":{"line":60,"column":20}}]},"16":{"type":"branch","line":63,"loc":{"start":{"line":63,"column":4},"end":{"line":65,"column":5}},"locations":[{"start":{"line":63,"column":4},"end":{"line":65,"column":5}}]},"17":{"type":"branch","line":64,"loc":{"start":{"line":64,"column":20},"end":{"line":64,"column":39}},"locations":[{"start":{"line":64,"column":20},"end":{"line":64,"column":39}}]},"18":{"type":"branch","line":67,"loc":{"start":{"line":67,"column":4},"end":{"line":75,"column":5}},"locations":[{"start":{"line":67,"column":4},"end":{"line":75,"column":5}}]},"19":{"type":"branch","line":68,"loc":{"start":{"line":68,"column":26},"end":{"line":68,"column":36}},"locations":[{"start":{"line":68,"column":26},"end":{"line":68,"column":36}}]},"20":{"type":"branch","line":68,"loc":{"start":{"line":68,"column":34},"end":{"line":69,"column":40}},"locations":[{"start":{"line":68,"column":34},"end":{"line":69,"column":40}}]},"21":{"type":"branch","line":69,"loc":{"start":{"line":69,"column":27},"end":{"line":74,"column":10}},"locations":[{"start":{"line":69,"column":27},"end":{"line":74,"column":10}}]},"22":{"type":"branch","line":77,"loc":{"start":{"line":77,"column":4},"end":{"line":84,"column":5}},"locations":[{"start":{"line":77,"column":4},"end":{"line":84,"column":5}}]},"23":{"type":"branch","line":78,"loc":{"start":{"line":78,"column":24},"end":{"line":78,"column":37}},"locations":[{"start":{"line":78,"column":24},"end":{"line":78,"column":37}}]},"24":{"type":"branch","line":78,"loc":{"start":{"line":78,"column":31},"end":{"line":79,"column":45}},"locations":[{"start":{"line":78,"column":31},"end":{"line":79,"column":45}}]},"25":{"type":"branch","line":79,"loc":{"start":{"line":79,"column":34},"end":{"line":79,"column":52}},"locations":[{"start":{"line":79,"column":34},"end":{"line":79,"column":52}}]},"26":{"type":"branch","line":80,"loc":{"start":{"line":80,"column":30},"end":{"line":80,"column":101}},"locations":[{"start":{"line":80,"column":30},"end":{"line":80,"column":101}}]},"27":{"type":"branch","line":80,"loc":{"start":{"line":80,"column":99},"end":{"line":81,"column":40}},"locations":[{"start":{"line":80,"column":99},"end":{"line":81,"column":40}}]},"28":{"type":"branch","line":81,"loc":{"start":{"line":81,"column":33},"end":{"line":81,"column":80}},"locations":[{"start":{"line":81,"column":33},"end":{"line":81,"column":80}}]},"29":{"type":"branch","line":81,"loc":{"start":{"line":81,"column":78},"end":{"line":82,"column":39}},"locations":[{"start":{"line":81,"column":78},"end":{"line":82,"column":39}}]},"30":{"type":"branch","line":82,"loc":{"start":{"line":82,"column":32},"end":{"line":82,"column":78}},"locations":[{"start":{"line":82,"column":32},"end":{"line":82,"column":78}}]},"31":{"type":"branch","line":82,"loc":{"start":{"line":82,"column":76},"end":{"line":83,"column":21}},"locations":[{"start":{"line":82,"column":76},"end":{"line":83,"column":21}}]}},"b":{"0":[2],"1":[4],"2":[1],"3":[3],"4":[1],"5":[2],"6":[2],"7":[1],"8":[3],"9":[1],"10":[1],"11":[0],"12":[5],"13":[0],"14":[1],"15":[4],"16":[4],"17":[3],"18":[3],"19":[1],"20":[2],"21":[1],"22":[9],"23":[1],"24":[8],"25":[0],"26":[3],"27":[5],"28":[2],"29":[3],"30":[2],"31":[1]},"fnMap":{"0":{"name":"AuthServiceWrapper","decl":{"start":{"line":4,"column":4},"end":{"line":7,"column":5}},"loc":{"start":{"line":4,"column":4},"end":{"line":7,"column":5}},"line":4},"1":{"name":"getConfig","decl":{"start":{"line":9,"column":4},"end":{"line":18,"column":5}},"loc":{"start":{"line":9,"column":4},"end":{"line":18,"column":5}},"line":9},"2":{"name":"getProviders","decl":{"start":{"line":20,"column":4},"end":{"line":28,"column":5}},"loc":{"start":{"line":20,"column":4},"end":{"line":28,"column":5}},"line":20},"3":{"name":"login","decl":{"start":{"line":30,"column":4},"end":{"line":34,"column":5}},"loc":{"start":{"line":30,"column":4},"end":{"line":34,"column":5}},"line":30},"4":{"name":"authorize","decl":{"start":{"line":36,"column":4},"end":{"line":39,"column":5}},"loc":{"start":{"line":36,"column":4},"end":{"line":39,"column":5}},"line":36},"5":{"name":"logout","decl":{"start":{"line":41,"column":4},"end":{"line":49,"column":5}},"loc":{"start":{"line":41,"column":4},"end":{"line":49,"column":5}},"line":41},"6":{"name":"getCurrentUser","decl":{"start":{"line":51,"column":4},"end":{"line":61,"column":5}},"loc":{"start":{"line":51,"column":4},"end":{"line":61,"column":5}},"line":51},"7":{"name":"isMockAuth","decl":{"start":{"line":63,"column":4},"end":{"line":65,"column":5}},"loc":{"start":{"line":63,"column":4},"end":{"line":65,"column":5}},"line":63},"8":{"name":"getMockUsers","decl":{"start":{"line":67,"column":4},"end":{"line":75,"column":5}},"loc":{"start":{"line":67,"column":4},"end":{"line":75,"column":5}},"line":67},"9":{"name":"hasRole","decl":{"start":{"line":77,"column":4},"end":{"line":84,"column":5}},"loc":{"start":{"line":77,"column":4},"end":{"line":84,"column":5}},"line":77}},"f":{"0":2,"1":4,"2":2,"3":3,"4":0,"5":1,"6":5,"7":4,"8":3,"9":9}}
,"/Users/loweryr/git/github/rhlowery/access-control-service/frontend/src/services/CatalogService.ts": {"path":"/Users/loweryr/git/github/rhlowery/access-control-service/frontend/src/services/CatalogService.ts","all":false,"statementMap":{"0":{"start":{"line":1,"column":0},"end":{"line":1,"column":35}},"2":{"start":{"line":3,"column":0},"end":{"line":3,"column":32}},"4":{"start":{"line":5,"column":0},"end":{"line":5,"column":31}},"5":{"start":{"line":6,"column":0},"end":{"line":6,"column":28}},"6":{"start":{"line":7,"column":0},"end":{"line":7,"column":54}},"7":{"start":{"line":8,"column":0},"end":{"line":8,"column":4}},"9":{"start":{"line":10,"column":0},"end":{"line":10,"column":41}},"10":{"start":{"line":11,"column":0},"end":{"line":11,"column":74}},"11":{"start":{"line":12,"column":0},"end":{"line":12,"column":67}},"12":{"start":{"line":13,"column":0},"end":{"line":13,"column":4}},"14":{"start":{"line":15,"column":0},"end":{"line":15,"column":41}},"15":{"start":{"line":16,"column":0},"end":{"line":16,"column":104}},"16":{"start":{"line":17,"column":0},"end":{"line":17,"column":4}},"18":{"start":{"line":19,"column":0},"end":{"line":19,"column":30}},"19":{"start":{"line":20,"column":0},"end":{"line":20,"column":78}},"20":{"start":{"line":21,"column":0},"end":{"line":21,"column":3}},"21":{"start":{"line":22,"column":0},"end":{"line":22,"column":2}}},"s":{"0":1,"2":1,"4":1,"5":1,"6":2,"7":2,"9":1,"10":3,"11":3,"12":3,"14":1,"15":2,"16":2,"18":1,"19":2,"20":2,"21":1},"branchMap":{"0":{"type":"branch","line":6,"loc":{"start":{"line":6,"column":2},"end":{"line":8,"column":4}},"locations":[{"start":{"line":6,"column":2},"end":{"line":8,"column":4}}]},"1":{"type":"branch","line":10,"loc":{"start":{"line":10,"column":2},"end":{"line":13,"column":4}},"locations":[{"start":{"line":10,"column":2},"end":{"line":13,"column":4}}]},"2":{"type":"branch","line":11,"loc":{"start":{"line":11,"column":27},"end":{"line":11,"column":71}},"locations":[{"start":{"line":11,"column":27},"end":{"line":11,"column":71}}]},"3":{"type":"branch","line":11,"loc":{"start":{"line":11,"column":66},"end":{"line":11,"column":74}},"locations":[{"start":{"line":11,"column":66},"end":{"line":11,"column":74}}]},"4":{"type":"branch","line":15,"loc":{"start":{"line":15,"column":2},"end":{"line":17,"column":4}},"locations":[{"start":{"line":15,"column":2},"end":{"line":17,"column":4}}]},"5":{"type":"branch","line":19,"loc":{"start":{"line":19,"column":2},"end":{"line":21,"column":3}},"locations":[{"start":{"line":19,"column":2},"end":{"line":21,"column":3}}]}},"b":{"0":[2],"1":[3],"2":[1],"3":[2],"4":[2],"5":[2]},"fnMap":{"0":{"name":"getRegistrations","decl":{"start":{"line":6,"column":2},"end":{"line":8,"column":4}},"loc":{"start":{"line":6,"column":2},"end":{"line":8,"column":4}},"line":6},"1":{"name":"getNodes","decl":{"start":{"line":10,"column":2},"end":{"line":13,"column":4}},"loc":{"start":{"line":10,"column":2},"end":{"line":13,"column":4}},"line":10},"2":{"name":"getPermissions","decl":{"start":{"line":15,"column":2},"end":{"line":17,"column":4}},"loc":{"start":{"line":15,"column":2},"end":{"line":17,"column":4}},"line":15},"3":{"name":"searchCatalog","decl":{"start":{"line":19,"column":2},"end":{"line":21,"column":3}},"loc":{"start":{"line":19,"column":2},"end":{"line":21,"column":3}},"line":19}},"f":{"0":2,"1":3,"2":2,"3":2}}
,"/Users/loweryr/git/github/rhlowery/access-control-service/frontend/src/services/RequestService.ts": {"path":"/Users/loweryr/git/github/rhlowery/access-control-service/frontend/src/services/RequestService.ts","all":false,"statementMap":{"0":{"start":{"line":1,"column":0},"end":{"line":1,"column":35}},"2":{"start":{"line":3,"column":0},"end":{"line":3,"column":41}},"4":{"start":{"line":5,"column":0},"end":{"line":5,"column":31}},"5":{"start":{"line":6,"column":0},"end":{"line":6,"column":23}},"6":{"start":{"line":7,"column":0},"end":{"line":7,"column":35}},"7":{"start":{"line":8,"column":0},"end":{"line":8,"column":4}},"9":{"start":{"line":10,"column":0},"end":{"line":10,"column":32}},"10":{"start":{"line":11,"column":0},"end":{"line":11,"column":45}},"11":{"start":{"line":12,"column":0},"end":{"line":12,"column":4}},"13":{"start":{"line":14,"column":0},"end":{"line":14,"column":28}},"14":{"start":{"line":15,"column":0},"end":{"line":15,"column":55}},"15":{"start":{"line":16,"column":0},"end":{"line":16,"column":4}},"17":{"start":{"line":18,"column":0},"end":{"line":18,"column":35}},"18":{"start":{"line":19,"column":0},"end":{"line":19,"column":66}},"19":{"start":{"line":20,"column":0},"end":{"line":20,"column":4}},"21":{"start":{"line":22,"column":0},"end":{"line":22,"column":27}},"22":{"start":{"line":23,"column":0},"end":{"line":23,"column":54}},"23":{"start":{"line":24,"column":0},"end":{"line":24,"column":4}},"25":{"start":{"line":26,"column":0},"end":{"line":26,"column":28}},"26":{"start":{"line":27,"column":0},"end":{"line":27,"column":76}},"27":{"start":{"line":28,"column":0},"end":{"line":28,"column":40}},"28":{"start":{"line":29,"column":0},"end":{"line":29,"column":42}},"29":{"start":{"line":30,"column":0},"end":{"line":30,"column":21}},"30":{"start":{"line":31,"column":0},"end":{"line":31,"column":6}},"31":{"start":{"line":32,"column":0},"end":{"line":32,"column":33}},"32":{"start":{"line":33,"column":0},"end":{"line":33,"column":26}},"33":{"start":{"line":34,"column":0},"end":{"line":34,"column":6}},"34":{"start":{"line":35,"column":0},"end":{"line":35,"column":23}},"35":{"start":{"line":36,"column":0},"end":{"line":36,"column":3}},"36":{"start":{"line":37,"column":0},"end":{"line":37,"column":2}}},"s":{"0":1,"2":1,"4":1,"5":1,"6":2,"7":2,"9":1,"10":0,"11":0,"13":1,"14":2,"15":2,"17":1,"18":2,"19":2,"21":1,"22":2,"23":2,"25":1,"26":1,"27":1,"28":1,"29":1,"30":1,"31":1,"32":1,"33":1,"34":1,"35":1,"36":1},"branchMap":{"0":{"type":"branch","line":6,"loc":{"start":{"line":6,"column":2},"end":{"line":8,"column":4}},"locations":[{"start":{"line":6,"column":2},"end":{"line":8,"column":4}}]},"1":{"type":"branch","line":14,"loc":{"start":{"line":14,"column":2},"end":{"line":16,"column":4}},"locations":[{"start":{"line":14,"column":2},"end":{"line":16,"column":4}}]},"2":{"type":"branch","line":18,"loc":{"start":{"line":18,"column":2},"end":{"line":20,"column":4}},"locations":[{"start":{"line":18,"column":2},"end":{"line":20,"column":4}}]},"3":{"type":"branch","line":22,"loc":{"start":{"line":22,"column":2},"end":{"line":24,"column":4}},"locations":[{"start":{"line":22,"column":2},"end":{"line":24,"column":4}}]},"4":{"type":"branch","line":26,"loc":{"start":{"line":26,"column":2},"end":{"line":36,"column":3}},"locations":[{"start":{"line":26,"column":2},"end":{"line":36,"column":3}}]},"5":{"type":"branch","line":28,"loc":{"start":{"line":28,"column":28},"end":{"line":31,"column":6}},"locations":[{"start":{"line":28,"column":28},"end":{"line":31,"column":6}}]},"6":{"type":"branch","line":32,"loc":{"start":{"line":32,"column":26},"end":{"line":34,"column":6}},"locations":[{"start":{"line":32,"column":26},"end":{"line":34,"column":6}}]}},"b":{"0":[2],"1":[2],"2":[2],"3":[2],"4":[1],"5":[1],"6":[1]},"fnMap":{"0":{"name":"getRequests","decl":{"start":{"line":6,"column":2},"end":{"line":8,"column":4}},"loc":{"start":{"line":6,"column":2},"end":{"line":8,"column":4}},"line":6},"1":{"name":"submitRequest","decl":{"start":{"line":10,"column":2},"end":{"line":12,"column":4}},"loc":{"start":{"line":10,"column":2},"end":{"line":12,"column":4}},"line":10},"2":{"name":"approveRequest","decl":{"start":{"line":14,"column":2},"end":{"line":16,"column":4}},"loc":{"start":{"line":14,"column":2},"end":{"line":16,"column":4}},"line":14},"3":{"name":"rejectRequest","decl":{"start":{"line":18,"column":2},"end":{"line":20,"column":4}},"loc":{"start":{"line":18,"column":2},"end":{"line":20,"column":4}},"line":18},"4":{"name":"verifyRequest","decl":{"start":{"line":22,"column":2},"end":{"line":24,"column":4}},"loc":{"start":{"line":22,"column":2},"end":{"line":24,"column":4}},"line":22},"5":{"name":"streamRequests","decl":{"start":{"line":26,"column":2},"end":{"line":36,"column":3}},"loc":{"start":{"line":26,"column":2},"end":{"line":36,"column":3}},"line":26},"6":{"name":"eventSource.onmessage","decl":{"start":{"line":28,"column":28},"end":{"line":31,"column":6}},"loc":{"start":{"line":28,"column":28},"end":{"line":31,"column":6}},"line":28},"7":{"name":"eventSource.onerror","decl":{"start":{"line":32,"column":26},"end":{"line":34,"column":6}},"loc":{"start":{"line":32,"column":26},"end":{"line":34,"column":6}},"line":32}},"f":{"0":2,"1":0,"2":2,"3":2,"4":2,"5":1,"6":1,"7":1}}
,"/Users/loweryr/git/github/rhlowery/access-control-service/frontend/src/services/UserService.ts": {"path":"/Users/loweryr/git/github/rhlowery/access-control-service/frontend/src/services/UserService.ts","all":false,"statementMap":{"0":{"start":{"line":1,"column":0},"end":{"line":1,"column":38}},"2":{"start":{"line":3,"column":0},"end":{"line":3,"column":35}},"4":{"start":{"line":5,"column":0},"end":{"line":5,"column":28}},"5":{"start":{"line":6,"column":0},"end":{"line":6,"column":20}},"6":{"start":{"line":7,"column":0},"end":{"line":7,"column":54}},"7":{"start":{"line":8,"column":0},"end":{"line":8,"column":63}},"8":{"start":{"line":9,"column":0},"end":{"line":9,"column":27}},"9":{"start":{"line":10,"column":0},"end":{"line":10,"column":4}},"11":{"start":{"line":12,"column":0},"end":{"line":12,"column":21}},"12":{"start":{"line":13,"column":0},"end":{"line":13,"column":55}},"13":{"start":{"line":14,"column":0},"end":{"line":14,"column":64}},"14":{"start":{"line":15,"column":0},"end":{"line":15,"column":27}},"15":{"start":{"line":16,"column":0},"end":{"line":16,"column":4}},"17":{"start":{"line":18,"column":0},"end":{"line":18,"column":23}},"18":{"start":{"line":19,"column":0},"end":{"line":19,"column":62}},"19":{"start":{"line":20,"column":0},"end":{"line":20,"column":66}},"20":{"start":{"line":21,"column":0},"end":{"line":21,"column":27}},"21":{"start":{"line":22,"column":0},"end":{"line":22,"column":4}},"23":{"start":{"line":24,"column":0},"end":{"line":24,"column":44}},"24":{"start":{"line":25,"column":0},"end":{"line":25,"column":78}},"25":{"start":{"line":26,"column":0},"end":{"line":26,"column":20}},"26":{"start":{"line":27,"column":0},"end":{"line":27,"column":48}},"27":{"start":{"line":28,"column":0},"end":{"line":28,"column":19}},"28":{"start":{"line":29,"column":0},"end":{"line":29,"column":7}},"29":{"start":{"line":30,"column":0},"end":{"line":30,"column":84}},"30":{"start":{"line":31,"column":0},"end":{"line":31,"column":27}},"31":{"start":{"line":32,"column":0},"end":{"line":32,"column":4}},"33":{"start":{"line":34,"column":0},"end":{"line":34,"column":46}},"34":{"start":{"line":35,"column":0},"end":{"line":35,"column":80}},"35":{"start":{"line":36,"column":0},"end":{"line":36,"column":20}},"36":{"start":{"line":37,"column":0},"end":{"line":37,"column":48}},"37":{"start":{"line":38,"column":0},"end":{"line":38,"column":19}},"38":{"start":{"line":39,"column":0},"end":{"line":39,"column":7}},"39":{"start":{"line":40,"column":0},"end":{"line":40,"column":86}},"40":{"start":{"line":41,"column":0},"end":{"line":41,"column":27}},"41":{"start":{"line":42,"column":0},"end":{"line":42,"column":3}},"42":{"start":{"line":43,"column":0},"end":{"line":43,"column":2}}},"s":{"0":1,"2":1,"4":1,"5":1,"6":2,"7":2,"8":1,"9":2,"11":1,"12":2,"13":2,"14":1,"15":2,"17":1,"18":2,"19":2,"20":1,"21":2,"23":1,"24":2,"25":2,"26":2,"27":2,"28":2,"29":2,"30":1,"31":2,"33":1,"34":2,"35":2,"36":2,"37":2,"38":2,"39":2,"40":1,"41":2,"42":1},"branchMap":{"0":{"type":"branch","line":6,"loc":{"start":{"line":6,"column":2},"end":{"line":10,"column":4}},"locations":[{"start":{"line":6,"column":2},"end":{"line":10,"column":4}}]},"1":{"type":"branch","line":8,"loc":{"start":{"line":8,"column":22},"end":{"line":9,"column":27}},"locations":[{"start":{"line":8,"column":22},"end":{"line":9,"column":27}}]},"2":{"type":"branch","line":12,"loc":{"start":{"line":12,"column":2},"end":{"line":16,"column":4}},"locations":[{"start":{"line":12,"column":2},"end":{"line":16,"column":4}}]},"3":{"type":"branch","line":14,"loc":{"start":{"line":14,"column":22},"end":{"line":15,"column":27}},"locations":[{"start":{"line":14,"column":22},"end":{"line":15,"column":27}}]},"4":{"type":"branch","line":18,"loc":{"start":{"line":18,"column":2},"end":{"line":22,"column":4}},"locations":[{"start":{"line":18,"column":2},"end":{"line":22,"column":4}}]},"5":{"type":"branch","line":20,"loc":{"start":{"line":20,"column":22},"end":{"line":21,"column":27}},"locations":[{"start":{"line":20,"column":22},"end":{"line":21,"column":27}}]},"6":{"type":"branch","line":24,"loc":{"start":{"line":24,"column":2},"end":{"line":32,"column":4}},"locations":[{"start":{"line":24,"column":2},"end":{"line":32,"column":4}}]},"7":{"type":"branch","line":30,"loc":{"start":{"line":30,"column":22},"end":{"line":31,"column":27}},"locations":[{"start":{"line":30,"column":22},"end":{"line":31,"column":27}}]},"8":{"type":"branch","line":34,"loc":{"start":{"line":34,"column":2},"end":{"line":42,"column":3}},"locations":[{"start":{"line":34,"column":2},"end":{"line":42,"column":3}}]},"9":{"type":"branch","line":40,"loc":{"start":{"line":40,"column":22},"end":{"line":41,"column":27}},"locations":[{"start":{"line":40,"column":22},"end":{"line":41,"column":27}}]}},"b":{"0":[2],"1":[1],"2":[2],"3":[1],"4":[2],"5":[1],"6":[2],"7":[1],"8":[2],"9":[1]},"fnMap":{"0":{"name":"getUsers","decl":{"start":{"line":6,"column":2},"end":{"line":10,"column":4}},"loc":{"start":{"line":6,"column":2},"end":{"line":10,"column":4}},"line":6},"1":{"name":"getGroups","decl":{"start":{"line":12,"column":2},"end":{"line":16,"column":4}},"loc":{"start":{"line":12,"column":2},"end":{"line":16,"column":4}},"line":12},"2":{"name":"getPersonas","decl":{"start":{"line":18,"column":2},"end":{"line":22,"column":4}},"loc":{"start":{"line":18,"column":2},"end":{"line":22,"column":4}},"line":18},"3":{"name":"assignUserPersona","decl":{"start":{"line":24,"column":2},"end":{"line":32,"column":4}},"loc":{"start":{"line":24,"column":2},"end":{"line":32,"column":4}},"line":24},"4":{"name":"assignGroupPersona","decl":{"start":{"line":34,"column":2},"end":{"line":42,"column":3}},"loc":{"start":{"line":34,"column":2},"end":{"line":42,"column":3}},"line":34}},"f":{"0":2,"1":2,"2":2,"3":2,"4":2}}
}
