{"/Users/loweryr/git/github/rhlowery/acs-ui/frontend/src/App.jsx": {"path":"/Users/loweryr/git/github/rhlowery/acs-ui/frontend/src/App.jsx","statementMap":{"0":{"start":{"line":27,"column":6},"end":{"line":72,"column":null}},"1":{"start":{"line":28,"column":2},"end":{"line":72,"column":null}},"2":{"start":{"line":34,"column":107},"end":{"line":34,"column":132}},"3":{"start":{"line":38,"column":113},"end":{"line":38,"column":144}},"4":{"start":{"line":42,"column":105},"end":{"line":42,"column":128}},"5":{"start":{"line":47,"column":109},"end":{"line":47,"column":134}},"6":{"start":{"line":53,"column":105},"end":{"line":53,"column":126}},"7":{"start":{"line":59,"column":108},"end":{"line":59,"column":132}},"8":{"start":{"line":67,"column":106},"end":{"line":67,"column":130}},"9":{"start":{"line":71,"column":106},"end":{"line":71,"column":126}},"10":{"start":{"line":79,"column":6},"end":{"line":98,"column":null}},"11":{"start":{"line":80,"column":2},"end":{"line":98,"column":null}},"12":{"start":{"line":104,"column":6},"end":{"line":145,"column":null}},"13":{"start":{"line":105,"column":2},"end":{"line":145,"column":null}},"14":{"start":{"line":125,"column":10},"end":{"line":142,"column":null}},"15":{"start":{"line":151,"column":6},"end":{"line":235,"column":null}},"16":{"start":{"line":152,"column":15},"end":{"line":152,"column":40}},"17":{"start":{"line":153,"column":20},"end":{"line":153,"column":57}},"18":{"start":{"line":154,"column":19},"end":{"line":154,"column":46}},"19":{"start":{"line":155,"column":18},"end":{"line":155,"column":46}},"20":{"start":{"line":157,"column":2},"end":{"line":173,"column":null}},"21":{"start":{"line":158,"column":28},"end":{"line":168,"column":null}},"22":{"start":{"line":159,"column":6},"end":{"line":168,"column":null}},"23":{"start":{"line":160,"column":25},"end":{"line":160,"column":59}},"24":{"start":{"line":161,"column":8},"end":{"line":163,"column":null}},"25":{"start":{"line":162,"column":10},"end":{"line":162,"column":null}},"26":{"start":{"line":163,"column":10},"end":{"line":163,"column":null}},"27":{"start":{"line":166,"column":8},"end":{"line":166,"column":null}},"28":{"start":{"line":168,"column":8},"end":{"line":168,"column":null}},"29":{"start":{"line":172,"column":4},"end":{"line":172,"column":null}},"30":{"start":{"line":175,"column":24},"end":{"line":183,"column":null}},"31":{"start":{"line":176,"column":4},"end":{"line":183,"column":null}},"32":{"start":{"line":177,"column":21},"end":{"line":177,"column":68}},"33":{"start":{"line":178,"column":6},"end":{"line":180,"column":null}},"34":{"start":{"line":179,"column":24},"end":{"line":179,"column":43}},"35":{"start":{"line":180,"column":8},"end":{"line":180,"column":null}},"36":{"start":{"line":183,"column":6},"end":{"line":183,"column":null}},"37":{"start":{"line":187,"column":16},"end":{"line":191,"column":null}},"38":{"start":{"line":189,"column":34},"end":{"line":189,"column":57}},"39":{"start":{"line":190,"column":33},"end":{"line":190,"column":57}},"40":{"start":{"line":193,"column":2},"end":{"line":197,"column":null}},"41":{"start":{"line":194,"column":4},"end":{"line":197,"column":null}},"42":{"start":{"line":202,"column":2},"end":{"line":206,"column":null}},"43":{"start":{"line":203,"column":4},"end":{"line":206,"column":null}},"44":{"start":{"line":204,"column":6},"end":{"line":204,"column":null}},"45":{"start":{"line":205,"column":6},"end":{"line":205,"column":null}},"46":{"start":{"line":209,"column":2},"end":{"line":235,"column":null}}},"fnMap":{"0":{"name":"(anonymous_0)","decl":{"start":{"line":27,"column":6},"end":{"line":27,"column":17}},"loc":{"start":{"line":28,"column":2},"end":{"line":72,"column":null}},"line":28},"1":{"name":"(anonymous_1)","decl":{"start":{"line":34,"column":92},"end":{"line":34,"column":107}},"loc":{"start":{"line":34,"column":107},"end":{"line":34,"column":132}},"line":34},"2":{"name":"(anonymous_2)","decl":{"start":{"line":38,"column":98},"end":{"line":38,"column":113}},"loc":{"start":{"line":38,"column":113},"end":{"line":38,"column":144}},"line":38},"3":{"name":"(anonymous_3)","decl":{"start":{"line":42,"column":90},"end":{"line":42,"column":105}},"loc":{"start":{"line":42,"column":105},"end":{"line":42,"column":128}},"line":42},"4":{"name":"(anonymous_4)","decl":{"start":{"line":47,"column":94},"end":{"line":47,"column":109}},"loc":{"start":{"line":47,"column":109},"end":{"line":47,"column":134}},"line":47},"5":{"name":"(anonymous_5)","decl":{"start":{"line":53,"column":90},"end":{"line":53,"column":105}},"loc":{"start":{"line":53,"column":105},"end":{"line":53,"column":126}},"line":53},"6":{"name":"(anonymous_6)","decl":{"start":{"line":59,"column":93},"end":{"line":59,"column":108}},"loc":{"start":{"line":59,"column":108},"end":{"line":59,"column":132}},"line":59},"7":{"name":"(anonymous_7)","decl":{"start":{"line":67,"column":91},"end":{"line":67,"column":106}},"loc":{"start":{"line":67,"column":106},"end":{"line":67,"column":130}},"line":67},"8":{"name":"(anonymous_8)","decl":{"start":{"line":71,"column":91},"end":{"line":71,"column":106}},"loc":{"start":{"line":71,"column":106},"end":{"line":71,"column":126}},"line":71},"9":{"name":"(anonymous_9)","decl":{"start":{"line":79,"column":6},"end":{"line":79,"column":16}},"loc":{"start":{"line":80,"column":2},"end":{"line":98,"column":null}},"line":80},"10":{"name":"(anonymous_10)","decl":{"start":{"line":104,"column":6},"end":{"line":104,"column":19}},"loc":{"start":{"line":105,"column":2},"end":{"line":145,"column":null}},"line":105},"11":{"name":"(anonymous_11)","decl":{"start":{"line":124,"column":18},"end":{"line":124,"column":22}},"loc":{"start":{"line":125,"column":10},"end":{"line":142,"column":null}},"line":125},"12":{"name":"(anonymous_12)","decl":{"start":{"line":151,"column":6},"end":{"line":151,"column":18}},"loc":{"start":{"line":151,"column":18},"end":{"line":235,"column":null}},"line":151},"13":{"name":"(anonymous_13)","decl":{"start":{"line":157,"column":2},"end":{"line":157,"column":18}},"loc":{"start":{"line":157,"column":18},"end":{"line":173,"column":7}},"line":157},"14":{"name":"(anonymous_14)","decl":{"start":{"line":158,"column":28},"end":{"line":158,"column":40}},"loc":{"start":{"line":158,"column":40},"end":{"line":168,"column":null}},"line":158},"15":{"name":"(anonymous_15)","decl":{"start":{"line":175,"column":24},"end":{"line":175,"column":36}},"loc":{"start":{"line":175,"column":36},"end":{"line":183,"column":null}},"line":175},"16":{"name":"(anonymous_16)","decl":{"start":{"line":189,"column":22},"end":{"line":189,"column":29}},"loc":{"start":{"line":189,"column":34},"end":{"line":189,"column":57}},"line":189},"17":{"name":"(anonymous_17)","decl":{"start":{"line":190,"column":21},"end":{"line":190,"column":28}},"loc":{"start":{"line":190,"column":33},"end":{"line":190,"column":57}},"line":190},"18":{"name":"(anonymous_18)","decl":{"start":{"line":203,"column":22},"end":{"line":203,"column":39}},"loc":{"start":{"line":203,"column":52},"end":{"line":206,"column":null}},"line":203}},"branchMap":{"0":{"loc":{"start":{"line":34,"column":47},"end":{"line":34,"column":92}},"type":"cond-expr","locations":[{"start":{"line":34,"column":75},"end":{"line":34,"column":86}},{"start":{"line":34,"column":86},"end":{"line":34,"column":92}}],"line":34},"1":{"loc":{"start":{"line":38,"column":47},"end":{"line":38,"column":98}},"type":"cond-expr","locations":[{"start":{"line":38,"column":81},"end":{"line":38,"column":92}},{"start":{"line":38,"column":92},"end":{"line":38,"column":98}}],"line":38},"2":{"loc":{"start":{"line":42,"column":47},"end":{"line":42,"column":90}},"type":"cond-expr","locations":[{"start":{"line":42,"column":73},"end":{"line":42,"column":84}},{"start":{"line":42,"column":84},"end":{"line":42,"column":90}}],"line":42},"3":{"loc":{"start":{"line":46,"column":7},"end":{"line":48,"column":null}},"type":"binary-expr","locations":[{"start":{"line":46,"column":7},"end":{"line":46,"column":38}},{"start":{"line":47,"column":8},"end":{"line":48,"column":null}}],"line":46},"4":{"loc":{"start":{"line":47,"column":49},"end":{"line":47,"column":94}},"type":"cond-expr","locations":[{"start":{"line":47,"column":77},"end":{"line":47,"column":88}},{"start":{"line":47,"column":88},"end":{"line":47,"column":94}}],"line":47},"5":{"loc":{"start":{"line":52,"column":7},"end":{"line":54,"column":null}},"type":"binary-expr","locations":[{"start":{"line":52,"column":7},"end":{"line":52,"column":37}},{"start":{"line":53,"column":8},"end":{"line":54,"column":null}}],"line":52},"6":{"loc":{"start":{"line":53,"column":49},"end":{"line":53,"column":90}},"type":"cond-expr","locations":[{"start":{"line":53,"column":73},"end":{"line":53,"column":84}},{"start":{"line":53,"column":84},"end":{"line":53,"column":90}}],"line":53},"7":{"loc":{"start":{"line":58,"column":7},"end":{"line":60,"column":null}},"type":"binary-expr","locations":[{"start":{"line":58,"column":7},"end":{"line":58,"column":35}},{"start":{"line":59,"column":8},"end":{"line":60,"column":null}}],"line":58},"8":{"loc":{"start":{"line":59,"column":49},"end":{"line":59,"column":93}},"type":"cond-expr","locations":[{"start":{"line":59,"column":76},"end":{"line":59,"column":87}},{"start":{"line":59,"column":87},"end":{"line":59,"column":93}}],"line":59},"9":{"loc":{"start":{"line":67,"column":47},"end":{"line":67,"column":91}},"type":"cond-expr","locations":[{"start":{"line":67,"column":74},"end":{"line":67,"column":85}},{"start":{"line":67,"column":85},"end":{"line":67,"column":91}}],"line":67},"10":{"loc":{"start":{"line":96,"column":11},"end":{"line":96,"column":null}},"type":"binary-expr","locations":[{"start":{"line":96,"column":11},"end":{"line":96,"column":30}},{"start":{"line":96,"column":34},"end":{"line":96,"column":null}}],"line":96},"11":{"loc":{"start":{"line":98,"column":56},"end":{"line":98,"column":92}},"type":"binary-expr","locations":[{"start":{"line":98,"column":56},"end":{"line":98,"column":68}},{"start":{"line":98,"column":68},"end":{"line":98,"column":92}}],"line":98},"12":{"loc":{"start":{"line":127,"column":40},"end":{"line":127,"column":null}},"type":"cond-expr","locations":[{"start":{"line":127,"column":68},"end":{"line":127,"column":86}},{"start":{"line":127,"column":86},"end":{"line":127,"column":null}}],"line":127},"13":{"loc":{"start":{"line":127,"column":86},"end":{"line":127,"column":null}},"type":"cond-expr","locations":[{"start":{"line":127,"column":113},"end":{"line":127,"column":131}},{"start":{"line":127,"column":131},"end":{"line":127,"column":null}}],"line":127},"14":{"loc":{"start":{"line":133,"column":67},"end":{"line":133,"column":110}},"type":"binary-expr","locations":[{"start":{"line":133,"column":67},"end":{"line":133,"column":86}},{"start":{"line":133,"column":86},"end":{"line":133,"column":110}}],"line":133},"15":{"loc":{"start":{"line":138,"column":18},"end":{"line":138,"column":null}},"type":"binary-expr","locations":[{"start":{"line":138,"column":18},"end":{"line":138,"column":44}},{"start":{"line":138,"column":48},"end":{"line":138,"column":null}}],"line":138},"16":{"loc":{"start":{"line":161,"column":8},"end":{"line":163,"column":null}},"type":"if","locations":[{"start":{"line":161,"column":8},"end":{"line":163,"column":null}},{"start":{},"end":{}}],"line":161},"17":{"loc":{"start":{"line":178,"column":6},"end":{"line":180,"column":null}},"type":"if","locations":[{"start":{"line":178,"column":6},"end":{"line":180,"column":null}},{"start":{},"end":{}}],"line":178},"18":{"loc":{"start":{"line":180,"column":20},"end":{"line":180,"column":33}},"type":"binary-expr","locations":[{"start":{"line":180,"column":20},"end":{"line":180,"column":31}},{"start":{"line":180,"column":31},"end":{"line":180,"column":33}}],"line":180},"19":{"loc":{"start":{"line":193,"column":2},"end":{"line":197,"column":null}},"type":"if","locations":[{"start":{"line":193,"column":2},"end":{"line":197,"column":null}},{"start":{},"end":{}}],"line":193},"20":{"loc":{"start":{"line":202,"column":2},"end":{"line":206,"column":null}},"type":"if","locations":[{"start":{"line":202,"column":2},"end":{"line":206,"column":null}},{"start":{},"end":{}}],"line":202},"21":{"loc":{"start":{"line":214,"column":28},"end":{"line":214,"column":90}},"type":"binary-expr","locations":[{"start":{"line":214,"column":28},"end":{"line":214,"column":44}},{"start":{"line":214,"column":44},"end":{"line":214,"column":59}},{"start":{"line":214,"column":59},"end":{"line":214,"column":90}}],"line":214},"22":{"loc":{"start":{"line":217,"column":13},"end":{"line":229,"column":null}},"type":"cond-expr","locations":[{"start":{"line":218,"column":14},"end":{"line":222,"column":15}},{"start":{"line":222,"column":14},"end":{"line":229,"column":null}}],"line":217},"23":{"loc":{"start":{"line":223,"column":17},"end":{"line":223,"column":null}},"type":"binary-expr","locations":[{"start":{"line":223,"column":17},"end":{"line":223,"column":46}},{"start":{"line":223,"column":46},"end":{"line":223,"column":null}}],"line":223},"24":{"loc":{"start":{"line":224,"column":17},"end":{"line":224,"column":null}},"type":"binary-expr","locations":[{"start":{"line":224,"column":17},"end":{"line":224,"column":52}},{"start":{"line":224,"column":52},"end":{"line":224,"column":null}}],"line":224},"25":{"loc":{"start":{"line":225,"column":17},"end":{"line":225,"column":null}},"type":"binary-expr","locations":[{"start":{"line":225,"column":17},"end":{"line":225,"column":44}},{"start":{"line":225,"column":44},"end":{"line":225,"column":null}}],"line":225},"26":{"loc":{"start":{"line":226,"column":17},"end":{"line":226,"column":null}},"type":"binary-expr","locations":[{"start":{"line":226,"column":17},"end":{"line":226,"column":46}},{"start":{"line":226,"column":46},"end":{"line":226,"column":null}}],"line":226},"27":{"loc":{"start":{"line":227,"column":17},"end":{"line":227,"column":null}},"type":"binary-expr","locations":[{"start":{"line":227,"column":17},"end":{"line":227,"column":42}},{"start":{"line":227,"column":42},"end":{"line":227,"column":null}}],"line":227},"28":{"loc":{"start":{"line":228,"column":17},"end":{"line":228,"column":null}},"type":"binary-expr","locations":[{"start":{"line":228,"column":17},"end":{"line":228,"column":45}},{"start":{"line":228,"column":45},"end":{"line":228,"column":null}}],"line":228},"29":{"loc":{"start":{"line":229,"column":17},"end":{"line":229,"column":null}},"type":"binary-expr","locations":[{"start":{"line":229,"column":17},"end":{"line":229,"column":45}},{"start":{"line":229,"column":45},"end":{"line":229,"column":null}}],"line":229}},"s":{"0":1,"1":5,"2":0,"3":0,"4":0,"5":0,"6":0,"7":0,"8":0,"9":0,"10":1,"11":5,"12":1,"13":5,"14":0,"15":1,"16":14,"17":14,"18":14,"19":14,"20":14,"21":7,"22":7,"23":7,"24":6,"25":5,"26":5,"27":1,"28":7,"29":7,"30":14,"31":5,"32":5,"33":5,"34":5,"35":5,"36":0,"37":14,"38":0,"39":0,"40":14,"41":7,"42":7,"43":2,"44":0,"45":0,"46":5},"f":{"0":5,"1":0,"2":0,"3":0,"4":0,"5":0,"6":0,"7":0,"8":0,"9":5,"10":5,"11":0,"12":14,"13":7,"14":7,"15":5,"16":0,"17":0,"18":0},"b":{"0":[5,0],"1":[0,5],"2":[0,5],"3":[5,2],"4":[0,2],"5":[5,2],"6":[0,2],"7":[5,1],"8":[0,1],"9":[0,5],"10":[5,0],"11":[5,0],"12":[0,0],"13":[0,0],"14":[0,0],"15":[0,0],"16":[5,1],"17":[5,0],"18":[5,0],"19":[7,7],"20":[2,5],"21":[5,0,0],"22":[0,5],"23":[5,5],"24":[5,0],"25":[5,0],"26":[5,0],"27":[5,0],"28":[5,0],"29":[5,0]},"meta":{"lastBranch":30,"lastFunction":19,"lastStatement":47,"seen":{"s:27:6:72:Infinity":0,"f:27:6:27:17":0,"s:28:2:72:Infinity":1,"b:34:75:34:86:34:86:34:92":0,"f:34:92:34:107":1,"s:34:107:34:132":2,"b:38:81:38:92:38:92:38:98":1,"f:38:98:38:113":2,"s:38:113:38:144":3,"b:42:73:42:84:42:84:42:90":2,"f:42:90:42:105":3,"s:42:105:42:128":4,"b:46:7:46:38:47:8:48:Infinity":3,"b:47:77:47:88:47:88:47:94":4,"f:47:94:47:109":4,"s:47:109:47:134":5,"b:52:7:52:37:53:8:54:Infinity":5,"b:53:73:53:84:53:84:53:90":6,"f:53:90:53:105":5,"s:53:105:53:126":6,"b:58:7:58:35:59:8:60:Infinity":7,"b:59:76:59:87:59:87:59:93":8,"f:59:93:59:108":6,"s:59:108:59:132":7,"b:67:74:67:85:67:85:67:91":9,"f:67:91:67:106":7,"s:67:106:67:130":8,"f:71:91:71:106":8,"s:71:106:71:126":9,"s:79:6:98:Infinity":10,"f:79:6:79:16":9,"s:80:2:98:Infinity":11,"b:96:11:96:30:96:34:96:Infinity":10,"b:98:56:98:68:98:68:98:92":11,"s:104:6:145:Infinity":12,"f:104:6:104:19":10,"s:105:2:145:Infinity":13,"f:124:18:124:22":11,"s:125:10:142:Infinity":14,"b:127:68:127:86:127:86:127:Infinity":12,"b:127:113:127:131:127:131:127:Infinity":13,"b:133:67:133:86:133:86:133:110":14,"b:138:18:138:44:138:48:138:Infinity":15,"s:151:6:235:Infinity":15,"f:151:6:151:18":12,"s:152:15:152:40":16,"s:153:20:153:57":17,"s:154:19:154:46":18,"s:155:18:155:46":19,"s:157:2:173:Infinity":20,"f:157:2:157:18":13,"s:158:28:168:Infinity":21,"f:158:28:158:40":14,"s:159:6:168:Infinity":22,"s:160:25:160:59":23,"b:161:8:163:Infinity:undefined:undefined:undefined:undefined":16,"s:161:8:163:Infinity":24,"s:162:10:162:Infinity":25,"s:163:10:163:Infinity":26,"s:166:8:166:Infinity":27,"s:168:8:168:Infinity":28,"s:172:4:172:Infinity":29,"s:175:24:183:Infinity":30,"f:175:24:175:36":15,"s:176:4:183:Infinity":31,"s:177:21:177:68":32,"b:178:6:180:Infinity:undefined:undefined:undefined:undefined":17,"s:178:6:180:Infinity":33,"s:179:24:179:43":34,"s:180:8:180:Infinity":35,"b:180:20:180:31:180:31:180:33":18,"s:183:6:183:Infinity":36,"s:187:16:191:Infinity":37,"f:189:22:189:29":16,"s:189:34:189:57":38,"f:190:21:190:28":17,"s:190:33:190:57":39,"b:193:2:197:Infinity:undefined:undefined:undefined:undefined":19,"s:193:2:197:Infinity":40,"s:194:4:197:Infinity":41,"b:202:2:206:Infinity:undefined:undefined:undefined:undefined":20,"s:202:2:206:Infinity":42,"s:203:4:206:Infinity":43,"f:203:22:203:39":18,"s:204:6:204:Infinity":44,"s:205:6:205:Infinity":45,"s:209:2:235:Infinity":46,"b:214:28:214:44:214:44:214:59:214:59:214:90":21,"b:218:14:222:15:222:14:229:Infinity":22,"b:223:17:223:46:223:46:223:Infinity":23,"b:224:17:224:52:224:52:224:Infinity":24,"b:225:17:225:44:225:44:225:Infinity":25,"b:226:17:226:46:226:46:226:Infinity":26,"b:227:17:227:42:227:42:227:Infinity":27,"b:228:17:228:45:228:45:228:Infinity":28,"b:229:17:229:45:229:45:229:Infinity":29}}}
,"/Users/loweryr/git/github/rhlowery/acs-ui/frontend/src/config.js": {"path":"/Users/loweryr/git/github/rhlowery/acs-ui/frontend/src/config.js","statementMap":{"0":{"start":{"line":1,"column":13},"end":{"line":3,"column":null}},"1":{"start":{"line":2,"column":16},"end":{"line":2,"column":null}},"2":{"start":{"line":3,"column":2},"end":{"line":3,"column":null}}},"fnMap":{"0":{"name":"(anonymous_0)","decl":{"start":{"line":1,"column":13},"end":{"line":1,"column":26}},"loc":{"start":{"line":1,"column":35},"end":{"line":3,"column":null}},"line":1}},"branchMap":{"0":{"loc":{"start":{"line":2,"column":16},"end":{"line":2,"column":null}},"type":"cond-expr","locations":[{"start":{"line":2,"column":65},"end":{"line":2,"column":92}},{"start":{"line":2,"column":92},"end":{"line":2,"column":null}}],"line":2},"1":{"loc":{"start":{"line":2,"column":16},"end":{"line":2,"column":65}},"type":"binary-expr","locations":[{"start":{"line":2,"column":16},"end":{"line":2,"column":37}},{"start":{"line":2,"column":37},"end":{"line":2,"column":65}}],"line":2}},"s":{"0":9,"1":30,"2":30},"f":{"0":30},"b":{"0":[0,30],"1":[30,30]},"meta":{"lastBranch":2,"lastFunction":1,"lastStatement":3,"seen":{"s:1:13:3:Infinity":0,"f:1:13:1:26":0,"s:2:16:2:Infinity":1,"b:2:65:2:92:2:92:2:Infinity":0,"b:2:16:2:37:2:37:2:65":1,"s:3:2:3:Infinity":2}}}
,"/Users/loweryr/git/github/rhlowery/acs-ui/frontend/src/components/catalog/CatalogTree.jsx": {"path":"/Users/loweryr/git/github/rhlowery/acs-ui/frontend/src/components/catalog/CatalogTree.jsx","statementMap":{"0":{"start":{"line":14,"column":6},"end":{"line":89,"column":null}},"1":{"start":{"line":15,"column":17},"end":{"line":15,"column":45}},"2":{"start":{"line":16,"column":19},"end":{"line":16,"column":46}},"3":{"start":{"line":17,"column":18},"end":{"line":17,"column":47}},"4":{"start":{"line":19,"column":21},"end":{"line":32,"column":null}},"5":{"start":{"line":20,"column":4},"end":{"line":20,"column":null}},"6":{"start":{"line":21,"column":4},"end":{"line":29,"column":null}},"7":{"start":{"line":22,"column":6},"end":{"line":22,"column":null}},"8":{"start":{"line":23,"column":6},"end":{"line":29,"column":null}},"9":{"start":{"line":24,"column":21},"end":{"line":24,"column":83}},"10":{"start":{"line":25,"column":8},"end":{"line":25,"column":null}},"11":{"start":{"line":27,"column":8},"end":{"line":27,"column":null}},"12":{"start":{"line":29,"column":8},"end":{"line":29,"column":null}},"13":{"start":{"line":32,"column":4},"end":{"line":32,"column":null}},"14":{"start":{"line":35,"column":19},"end":{"line":37,"column":null}},"15":{"start":{"line":39,"column":25},"end":{"line":41,"column":null}},"16":{"start":{"line":43,"column":2},"end":{"line":89,"column":null}},"17":{"start":{"line":47,"column":23},"end":{"line":47,"column":37}},"18":{"start":{"line":48,"column":32},"end":{"line":48,"column":52}},"19":{"start":{"line":48,"column":52},"end":{"line":48,"column":null}},"20":{"start":{"line":79,"column":12},"end":{"line":86,"column":null}},"21":{"start":{"line":97,"column":13},"end":{"line":147,"column":null}},"22":{"start":{"line":98,"column":19},"end":{"line":98,"column":46}},"23":{"start":{"line":99,"column":18},"end":{"line":99,"column":46}},"24":{"start":{"line":101,"column":2},"end":{"line":120,"column":null}},"25":{"start":{"line":102,"column":25},"end":{"line":116,"column":null}},"26":{"start":{"line":103,"column":6},"end":{"line":116,"column":null}},"27":{"start":{"line":104,"column":21},"end":{"line":104,"column":60}},"28":{"start":{"line":105,"column":23},"end":{"line":111,"column":11}},"29":{"start":{"line":105,"column":38},"end":{"line":111,"column":11}},"30":{"start":{"line":112,"column":8},"end":{"line":112,"column":null}},"31":{"start":{"line":114,"column":8},"end":{"line":114,"column":null}},"32":{"start":{"line":116,"column":8},"end":{"line":116,"column":null}},"33":{"start":{"line":119,"column":4},"end":{"line":119,"column":null}},"34":{"start":{"line":122,"column":2},"end":{"line":125,"column":null}},"35":{"start":{"line":122,"column":15},"end":{"line":125,"column":null}},"36":{"start":{"line":129,"column":2},"end":{"line":147,"column":null}},"37":{"start":{"line":133,"column":10},"end":{"line":139,"column":null}}},"fnMap":{"0":{"name":"(anonymous_0)","decl":{"start":{"line":14,"column":6},"end":{"line":14,"column":18}},"loc":{"start":{"line":14,"column":77},"end":{"line":89,"column":null}},"line":14},"1":{"name":"(anonymous_1)","decl":{"start":{"line":19,"column":21},"end":{"line":19,"column":28}},"loc":{"start":{"line":19,"column":34},"end":{"line":32,"column":null}},"line":19},"2":{"name":"(anonymous_2)","decl":{"start":{"line":47,"column":8},"end":{"line":47,"column":23}},"loc":{"start":{"line":47,"column":23},"end":{"line":47,"column":37}},"line":47},"3":{"name":"(anonymous_3)","decl":{"start":{"line":48,"column":8},"end":{"line":48,"column":24}},"loc":{"start":{"line":48,"column":30},"end":{"line":48,"column":null}},"line":48},"4":{"name":"(anonymous_4)","decl":{"start":{"line":78,"column":20},"end":{"line":78,"column":24}},"loc":{"start":{"line":79,"column":12},"end":{"line":86,"column":null}},"line":79},"5":{"name":"(anonymous_5)","decl":{"start":{"line":97,"column":13},"end":{"line":97,"column":28}},"loc":{"start":{"line":97,"column":59},"end":{"line":147,"column":null}},"line":97},"6":{"name":"(anonymous_6)","decl":{"start":{"line":101,"column":2},"end":{"line":101,"column":18}},"loc":{"start":{"line":101,"column":18},"end":{"line":120,"column":7}},"line":101},"7":{"name":"(anonymous_7)","decl":{"start":{"line":102,"column":25},"end":{"line":102,"column":37}},"loc":{"start":{"line":102,"column":37},"end":{"line":116,"column":null}},"line":102},"8":{"name":"(anonymous_8)","decl":{"start":{"line":105,"column":28},"end":{"line":105,"column":32}},"loc":{"start":{"line":105,"column":38},"end":{"line":111,"column":11}},"line":105},"9":{"name":"(anonymous_9)","decl":{"start":{"line":132,"column":17},"end":{"line":132,"column":21}},"loc":{"start":{"line":133,"column":10},"end":{"line":139,"column":null}},"line":133}},"branchMap":{"0":{"loc":{"start":{"line":14,"column":37},"end":{"line":14,"column":48}},"type":"default-arg","locations":[{"start":{"line":14,"column":45},"end":{"line":14,"column":48}}],"line":14},"1":{"loc":{"start":{"line":21,"column":4},"end":{"line":29,"column":null}},"type":"if","locations":[{"start":{"line":21,"column":4},"end":{"line":29,"column":null}},{"start":{},"end":{}}],"line":21},"2":{"loc":{"start":{"line":21,"column":8},"end":{"line":21,"column":72}},"type":"binary-expr","locations":[{"start":{"line":21,"column":8},"end":{"line":21,"column":20}},{"start":{"line":21,"column":20},"end":{"line":21,"column":47}},{"start":{"line":21,"column":47},"end":{"line":21,"column":72}}],"line":21},"3":{"loc":{"start":{"line":24,"column":51},"end":{"line":24,"column":73}},"type":"binary-expr","locations":[{"start":{"line":24,"column":51},"end":{"line":24,"column":64}},{"start":{"line":24,"column":64},"end":{"line":24,"column":73}}],"line":24},"4":{"loc":{"start":{"line":25,"column":20},"end":{"line":25,"column":30}},"type":"binary-expr","locations":[{"start":{"line":25,"column":20},"end":{"line":25,"column":28}},{"start":{"line":25,"column":28},"end":{"line":25,"column":30}}],"line":25},"5":{"loc":{"start":{"line":35,"column":19},"end":{"line":37,"column":null}},"type":"cond-expr","locations":[{"start":{"line":35,"column":45},"end":{"line":36,"column":24}},{"start":{"line":36,"column":19},"end":{"line":37,"column":null}}],"line":35},"6":{"loc":{"start":{"line":36,"column":19},"end":{"line":37,"column":null}},"type":"cond-expr","locations":[{"start":{"line":36,"column":44},"end":{"line":37,"column":20}},{"start":{"line":37,"column":19},"end":{"line":37,"column":null}}],"line":36},"7":{"loc":{"start":{"line":39,"column":25},"end":{"line":41,"column":null}},"type":"cond-expr","locations":[{"start":{"line":40,"column":25},"end":{"line":41,"column":26}},{"start":{"line":41,"column":25},"end":{"line":41,"column":null}}],"line":39},"8":{"loc":{"start":{"line":46,"column":140},"end":{"line":46,"column":null}},"type":"cond-expr","locations":[{"start":{"line":46,"column":149},"end":{"line":46,"column":174}},{"start":{"line":46,"column":174},"end":{"line":46,"column":null}}],"line":46},"9":{"loc":{"start":{"line":55,"column":11},"end":{"line":59,"column":null}},"type":"binary-expr","locations":[{"start":{"line":55,"column":11},"end":{"line":55,"column":null}},{"start":{"line":56,"column":12},"end":{"line":59,"column":null}}],"line":55},"10":{"loc":{"start":{"line":56,"column":12},"end":{"line":59,"column":null}},"type":"cond-expr","locations":[{"start":{"line":57,"column":14},"end":{"line":59,"column":23}},{"start":{"line":59,"column":14},"end":{"line":59,"column":null}}],"line":56},"11":{"loc":{"start":{"line":59,"column":14},"end":{"line":59,"column":null}},"type":"cond-expr","locations":[{"start":{"line":59,"column":23},"end":{"line":59,"column":75}},{"start":{"line":59,"column":74},"end":{"line":59,"column":null}}],"line":59},"12":{"loc":{"start":{"line":66,"column":64},"end":{"line":66,"column":null}},"type":"cond-expr","locations":[{"start":{"line":66,"column":73},"end":{"line":66,"column":96}},{"start":{"line":66,"column":96},"end":{"line":66,"column":null}}],"line":66},"13":{"loc":{"start":{"line":76,"column":7},"end":{"line":89,"column":null}},"type":"binary-expr","locations":[{"start":{"line":76,"column":7},"end":{"line":76,"column":null}},{"start":{"line":77,"column":8},"end":{"line":89,"column":null}}],"line":76},"14":{"loc":{"start":{"line":82,"column":25},"end":{"line":82,"column":null}},"type":"binary-expr","locations":[{"start":{"line":82,"column":25},"end":{"line":82,"column":38}},{"start":{"line":82,"column":38},"end":{"line":82,"column":null}}],"line":82},"15":{"loc":{"start":{"line":88,"column":11},"end":{"line":89,"column":null}},"type":"binary-expr","locations":[{"start":{"line":88,"column":11},"end":{"line":88,"column":36}},{"start":{"line":88,"column":36},"end":{"line":88,"column":null}},{"start":{"line":89,"column":12},"end":{"line":89,"column":null}}],"line":88},"16":{"loc":{"start":{"line":110,"column":18},"end":{"line":110,"column":null}},"type":"binary-expr","locations":[{"start":{"line":110,"column":18},"end":{"line":110,"column":30}},{"start":{"line":110,"column":30},"end":{"line":110,"column":null}}],"line":110},"17":{"loc":{"start":{"line":122,"column":2},"end":{"line":125,"column":null}},"type":"if","locations":[{"start":{"line":122,"column":2},"end":{"line":125,"column":null}},{"start":{},"end":{}}],"line":122},"18":{"loc":{"start":{"line":131,"column":7},"end":{"line":144,"column":null}},"type":"cond-expr","locations":[{"start":{"line":132,"column":8},"end":{"line":139,"column":null}},{"start":{"line":142,"column":8},"end":{"line":144,"column":null}}],"line":131}},"s":{"0":2,"1":7,"2":7,"3":7,"4":7,"5":1,"6":1,"7":1,"8":1,"9":1,"10":1,"11":0,"12":1,"13":1,"14":7,"15":7,"16":7,"17":1,"18":1,"19":1,"20":1,"21":2,"22":8,"23":8,"24":8,"25":4,"26":4,"27":4,"28":4,"29":4,"30":4,"31":0,"32":4,"33":4,"34":8,"35":4,"36":4,"37":4},"f":{"0":7,"1":1,"2":1,"3":1,"4":1,"5":8,"6":4,"7":4,"8":4,"9":4},"b":{"0":[7],"1":[1,0],"2":[1,1,0],"3":[1,1],"4":[1,0],"5":[6,1],"6":[1,0],"7":[6,1],"8":[1,6],"9":[7,7],"10":[1,6],"11":[1,5],"12":[1,6],"13":[7,1],"14":[1,1],"15":[1,0,0],"16":[4,0],"17":[4,4],"18":[4,0]},"meta":{"lastBranch":19,"lastFunction":10,"lastStatement":38,"seen":{"s:14:6:89:Infinity":0,"f:14:6:14:18":0,"b:14:45:14:48":0,"s:15:17:15:45":1,"s:16:19:16:46":2,"s:17:18:17:47":3,"s:19:21:32:Infinity":4,"f:19:21:19:28":1,"s:20:4:20:Infinity":5,"b:21:4:29:Infinity:undefined:undefined:undefined:undefined":1,"s:21:4:29:Infinity":6,"b:21:8:21:20:21:20:21:47:21:47:21:72":2,"s:22:6:22:Infinity":7,"s:23:6:29:Infinity":8,"s:24:21:24:83":9,"b:24:51:24:64:24:64:24:73":3,"s:25:8:25:Infinity":10,"b:25:20:25:28:25:28:25:30":4,"s:27:8:27:Infinity":11,"s:29:8:29:Infinity":12,"s:32:4:32:Infinity":13,"s:35:19:37:Infinity":14,"b:35:45:36:24:36:19:37:Infinity":5,"b:36:44:37:20:37:19:37:Infinity":6,"s:39:25:41:Infinity":15,"b:40:25:41:26:41:25:41:Infinity":7,"s:43:2:89:Infinity":16,"b:46:149:46:174:46:174:46:Infinity":8,"f:47:8:47:23":2,"s:47:23:47:37":17,"f:48:8:48:24":3,"s:48:32:48:52":18,"s:48:52:48:Infinity":19,"b:55:11:55:Infinity:56:12:59:Infinity":9,"b:57:14:59:23:59:14:59:Infinity":10,"b:59:23:59:75:59:74:59:Infinity":11,"b:66:73:66:96:66:96:66:Infinity":12,"b:76:7:76:Infinity:77:8:89:Infinity":13,"f:78:20:78:24":4,"s:79:12:86:Infinity":20,"b:82:25:82:38:82:38:82:Infinity":14,"b:88:11:88:36:88:36:88:Infinity:89:12:89:Infinity":15,"s:97:13:147:Infinity":21,"f:97:13:97:28":5,"s:98:19:98:46":22,"s:99:18:99:46":23,"s:101:2:120:Infinity":24,"f:101:2:101:18":6,"s:102:25:116:Infinity":25,"f:102:25:102:37":7,"s:103:6:116:Infinity":26,"s:104:21:104:60":27,"s:105:23:111:11":28,"f:105:28:105:32":8,"s:105:38:111:11":29,"b:110:18:110:30:110:30:110:Infinity":16,"s:112:8:112:Infinity":30,"s:114:8:114:Infinity":31,"s:116:8:116:Infinity":32,"s:119:4:119:Infinity":33,"b:122:2:125:Infinity:undefined:undefined:undefined:undefined":17,"s:122:2:125:Infinity":34,"s:122:15:125:Infinity":35,"s:129:2:147:Infinity":36,"b:132:8:139:Infinity:142:8:144:Infinity":18,"f:132:17:132:21":9,"s:133:10:139:Infinity":37}}}
,"/Users/loweryr/git/github/rhlowery/acs-ui/frontend/src/components/requests/AccessRequestForm.jsx": {"path":"/Users/loweryr/git/github/rhlowery/acs-ui/frontend/src/components/requests/AccessRequestForm.jsx","statementMap":{"0":{"start":{"line":6,"column":13},"end":{"line":179,"column":null}},"1":{"start":{"line":7,"column":24},"end":{"line":7,"column":52}},"2":{"start":{"line":8,"column":24},"end":{"line":8,"column":77}},"3":{"start":{"line":9,"column":23},"end":{"line":9,"column":52}},"4":{"start":{"line":10,"column":26},"end":{"line":10,"column":58}},"5":{"start":{"line":11,"column":23},"end":{"line":11,"column":52}},"6":{"start":{"line":12,"column":25},"end":{"line":12,"column":59}},"7":{"start":{"line":14,"column":32},"end":{"line":14,"column":null}},"8":{"start":{"line":16,"column":10},"end":{"line":19,"column":null}},"9":{"start":{"line":17,"column":8},"end":{"line":19,"column":null}},"10":{"start":{"line":18,"column":12},"end":{"line":18,"column":80}},"11":{"start":{"line":18,"column":51},"end":{"line":18,"column":62}},"12":{"start":{"line":22,"column":25},"end":{"line":53,"column":null}},"13":{"start":{"line":23,"column":8},"end":{"line":23,"column":null}},"14":{"start":{"line":24,"column":8},"end":{"line":26,"column":null}},"15":{"start":{"line":25,"column":12},"end":{"line":25,"column":null}},"16":{"start":{"line":26,"column":12},"end":{"line":26,"column":null}},"17":{"start":{"line":28,"column":8},"end":{"line":30,"column":null}},"18":{"start":{"line":29,"column":12},"end":{"line":29,"column":null}},"19":{"start":{"line":30,"column":12},"end":{"line":30,"column":null}},"20":{"start":{"line":33,"column":8},"end":{"line":33,"column":null}},"21":{"start":{"line":34,"column":8},"end":{"line":53,"column":null}},"22":{"start":{"line":35,"column":28},"end":{"line":45,"column":null}},"23":{"start":{"line":46,"column":12},"end":{"line":46,"column":null}},"24":{"start":{"line":47,"column":12},"end":{"line":47,"column":null}},"25":{"start":{"line":48,"column":12},"end":{"line":48,"column":null}},"26":{"start":{"line":49,"column":12},"end":{"line":49,"column":null}},"27":{"start":{"line":51,"column":12},"end":{"line":51,"column":null}},"28":{"start":{"line":53,"column":12},"end":{"line":53,"column":null}},"29":{"start":{"line":57,"column":4},"end":{"line":179,"column":null}},"30":{"start":{"line":59,"column":204},"end":{"line":59,"column":223}},"31":{"start":{"line":81,"column":43},"end":{"line":81,"column":73}},"32":{"start":{"line":107,"column":32},"end":{"line":118,"column":null}},"33":{"start":{"line":110,"column":51},"end":{"line":110,"column":72}},"34":{"start":{"line":132,"column":47},"end":{"line":132,"column":76}},"35":{"start":{"line":146,"column":43},"end":{"line":146,"column":75}}},"fnMap":{"0":{"name":"(anonymous_0)","decl":{"start":{"line":6,"column":13},"end":{"line":6,"column":34}},"loc":{"start":{"line":6,"column":67},"end":{"line":179,"column":null}},"line":6},"1":{"name":"(anonymous_1)","decl":{"start":{"line":16,"column":10},"end":{"line":16,"column":29}},"loc":{"start":{"line":16,"column":38},"end":{"line":19,"column":null}},"line":16},"2":{"name":"(anonymous_2)","decl":{"start":{"line":17,"column":8},"end":{"line":17,"column":22}},"loc":{"start":{"line":18,"column":12},"end":{"line":18,"column":80}},"line":18},"3":{"name":"(anonymous_3)","decl":{"start":{"line":18,"column":39},"end":{"line":18,"column":46}},"loc":{"start":{"line":18,"column":51},"end":{"line":18,"column":62}},"line":18},"4":{"name":"(anonymous_4)","decl":{"start":{"line":22,"column":25},"end":{"line":22,"column":32}},"loc":{"start":{"line":22,"column":38},"end":{"line":53,"column":null}},"line":22},"5":{"name":"(anonymous_5)","decl":{"start":{"line":59,"column":190},"end":{"line":59,"column":199}},"loc":{"start":{"line":59,"column":204},"end":{"line":59,"column":223}},"line":59},"6":{"name":"(anonymous_6)","decl":{"start":{"line":81,"column":28},"end":{"line":81,"column":38}},"loc":{"start":{"line":81,"column":43},"end":{"line":81,"column":73}},"line":81},"7":{"name":"(anonymous_7)","decl":{"start":{"line":106,"column":49},"end":{"line":106,"column":53}},"loc":{"start":{"line":107,"column":32},"end":{"line":118,"column":null}},"line":107},"8":{"name":"(anonymous_8)","decl":{"start":{"line":110,"column":36},"end":{"line":110,"column":51}},"loc":{"start":{"line":110,"column":51},"end":{"line":110,"column":72}},"line":110},"9":{"name":"(anonymous_9)","decl":{"start":{"line":132,"column":32},"end":{"line":132,"column":42}},"loc":{"start":{"line":132,"column":47},"end":{"line":132,"column":76}},"line":132},"10":{"name":"(anonymous_10)","decl":{"start":{"line":146,"column":28},"end":{"line":146,"column":38}},"loc":{"start":{"line":146,"column":43},"end":{"line":146,"column":75}},"line":146}},"branchMap":{"0":{"loc":{"start":{"line":8,"column":51},"end":{"line":8,"column":77}},"type":"binary-expr","locations":[{"start":{"line":8,"column":51},"end":{"line":8,"column":74}},{"start":{"line":8,"column":74},"end":{"line":8,"column":77}}],"line":8},"1":{"loc":{"start":{"line":18,"column":12},"end":{"line":18,"column":80}},"type":"cond-expr","locations":[{"start":{"line":18,"column":34},"end":{"line":18,"column":62}},{"start":{"line":18,"column":65},"end":{"line":18,"column":80}}],"line":18},"2":{"loc":{"start":{"line":24,"column":8},"end":{"line":26,"column":null}},"type":"if","locations":[{"start":{"line":24,"column":8},"end":{"line":26,"column":null}},{"start":{},"end":{}}],"line":24},"3":{"loc":{"start":{"line":28,"column":8},"end":{"line":30,"column":null}},"type":"if","locations":[{"start":{"line":28,"column":8},"end":{"line":30,"column":null}},{"start":{},"end":{}}],"line":28},"4":{"loc":{"start":{"line":36,"column":29},"end":{"line":36,"column":null}},"type":"binary-expr","locations":[{"start":{"line":36,"column":29},"end":{"line":36,"column":52}},{"start":{"line":36,"column":52},"end":{"line":36,"column":null}}],"line":36},"5":{"loc":{"start":{"line":39,"column":30},"end":{"line":39,"column":null}},"type":"cond-expr","locations":[{"start":{"line":39,"column":50},"end":{"line":39,"column":62}},{"start":{"line":39,"column":62},"end":{"line":39,"column":null}}],"line":39},"6":{"loc":{"start":{"line":42,"column":32},"end":{"line":42,"column":null}},"type":"cond-expr","locations":[{"start":{"line":42,"column":45},"end":{"line":42,"column":79}},{"start":{"line":42,"column":82},"end":{"line":42,"column":null}}],"line":42},"7":{"loc":{"start":{"line":95,"column":35},"end":{"line":95,"column":null}},"type":"cond-expr","locations":[{"start":{"line":95,"column":55},"end":{"line":95,"column":67}},{"start":{"line":95,"column":67},"end":{"line":95,"column":null}}],"line":95},"8":{"loc":{"start":{"line":112,"column":40},"end":{"line":114,"column":null}},"type":"cond-expr","locations":[{"start":{"line":113,"column":42},"end":{"line":113,"column":null}},{"start":{"line":114,"column":42},"end":{"line":114,"column":null}}],"line":112},"9":{"loc":{"start":{"line":164,"column":32},"end":{"line":166,"column":null}},"type":"cond-expr","locations":[{"start":{"line":165,"column":34},"end":{"line":165,"column":null}},{"start":{"line":166,"column":34},"end":{"line":166,"column":null}}],"line":164},"10":{"loc":{"start":{"line":170,"column":29},"end":{"line":173,"column":null}},"type":"cond-expr","locations":[{"start":{"line":171,"column":32},"end":{"line":171,"column":null}},{"start":{"line":173,"column":32},"end":{"line":173,"column":null}}],"line":170}},"s":{"0":3,"1":20,"2":20,"3":20,"4":20,"5":20,"6":20,"7":20,"8":20,"9":6,"10":6,"11":1,"12":20,"13":4,"14":4,"15":1,"16":1,"17":3,"18":1,"19":1,"20":2,"21":2,"22":2,"23":4,"24":1,"25":1,"26":4,"27":1,"28":2,"29":20,"30":9,"31":0,"32":160,"33":6,"34":1,"35":2},"f":{"0":20,"1":6,"2":6,"3":1,"4":4,"5":9,"6":0,"7":160,"8":6,"9":1,"10":2},"b":{"0":[20,2],"1":[1,5],"2":[1,3],"3":[1,2],"4":[2,0],"5":[0,2],"6":[1,1],"7":[0,20],"8":[17,143],"9":[2,18],"10":[2,18]},"meta":{"lastBranch":11,"lastFunction":11,"lastStatement":36,"seen":{"s:6:13:179:Infinity":0,"f:6:13:6:34":0,"s:7:24:7:52":1,"s:8:24:8:77":2,"b:8:51:8:74:8:74:8:77":0,"s:9:23:9:52":3,"s:10:26:10:58":4,"s:11:23:11:52":5,"s:12:25:12:59":6,"s:14:32:14:Infinity":7,"s:16:10:19:Infinity":8,"f:16:10:16:29":1,"s:17:8:19:Infinity":9,"f:17:8:17:22":2,"s:18:12:18:80":10,"b:18:34:18:62:18:65:18:80":1,"f:18:39:18:46":3,"s:18:51:18:62":11,"s:22:25:53:Infinity":12,"f:22:25:22:32":4,"s:23:8:23:Infinity":13,"b:24:8:26:Infinity:undefined:undefined:undefined:undefined":2,"s:24:8:26:Infinity":14,"s:25:12:25:Infinity":15,"s:26:12:26:Infinity":16,"b:28:8:30:Infinity:undefined:undefined:undefined:undefined":3,"s:28:8:30:Infinity":17,"s:29:12:29:Infinity":18,"s:30:12:30:Infinity":19,"s:33:8:33:Infinity":20,"s:34:8:53:Infinity":21,"s:35:28:45:Infinity":22,"b:36:29:36:52:36:52:36:Infinity":4,"b:39:50:39:62:39:62:39:Infinity":5,"b:42:45:42:79:42:82:42:Infinity":6,"s:46:12:46:Infinity":23,"s:47:12:47:Infinity":24,"s:48:12:48:Infinity":25,"s:49:12:49:Infinity":26,"s:51:12:51:Infinity":27,"s:53:12:53:Infinity":28,"s:57:4:179:Infinity":29,"f:59:190:59:199":5,"s:59:204:59:223":30,"f:81:28:81:38":6,"s:81:43:81:73":31,"b:95:55:95:67:95:67:95:Infinity":7,"f:106:49:106:53":7,"s:107:32:118:Infinity":32,"f:110:36:110:51":8,"s:110:51:110:72":33,"b:113:42:113:Infinity:114:42:114:Infinity":8,"f:132:32:132:42":9,"s:132:47:132:76":34,"f:146:28:146:38":10,"s:146:43:146:75":35,"b:165:34:165:Infinity:166:34:166:Infinity":9,"b:171:32:171:Infinity:173:32:173:Infinity":10}}}
,"/Users/loweryr/git/github/rhlowery/acs-ui/frontend/src/context/ThemeContext.jsx": {"path":"/Users/loweryr/git/github/rhlowery/acs-ui/frontend/src/context/ThemeContext.jsx","statementMap":{"0":{"start":{"line":3,"column":6},"end":{"line":3,"column":36}},"1":{"start":{"line":5,"column":13},"end":{"line":26,"column":null}},"2":{"start":{"line":6,"column":21},"end":{"line":9,"column":null}},"3":{"start":{"line":7,"column":22},"end":{"line":7,"column":54}},"4":{"start":{"line":8,"column":8},"end":{"line":8,"column":null}},"5":{"start":{"line":11,"column":4},"end":{"line":19,"column":null}},"6":{"start":{"line":12,"column":21},"end":{"line":12,"column":null}},"7":{"start":{"line":13,"column":8},"end":{"line":16,"column":null}},"8":{"start":{"line":14,"column":12},"end":{"line":14,"column":null}},"9":{"start":{"line":16,"column":12},"end":{"line":16,"column":null}},"10":{"start":{"line":18,"column":8},"end":{"line":18,"column":null}},"11":{"start":{"line":21,"column":10},"end":{"line":21,"column":55}},"12":{"start":{"line":21,"column":33},"end":{"line":21,"column":55}},"13":{"start":{"line":23,"column":4},"end":{"line":26,"column":null}},"14":{"start":{"line":30,"column":13},"end":{"line":35,"column":null}},"15":{"start":{"line":31,"column":10},"end":{"line":31,"column":44}},"16":{"start":{"line":32,"column":4},"end":{"line":33,"column":null}},"17":{"start":{"line":33,"column":8},"end":{"line":33,"column":null}},"18":{"start":{"line":35,"column":4},"end":{"line":35,"column":null}}},"fnMap":{"0":{"name":"(anonymous_0)","decl":{"start":{"line":5,"column":13},"end":{"line":5,"column":30}},"loc":{"start":{"line":5,"column":47},"end":{"line":26,"column":null}},"line":5},"1":{"name":"(anonymous_1)","decl":{"start":{"line":6,"column":36},"end":{"line":6,"column":51}},"loc":{"start":{"line":6,"column":51},"end":{"line":9,"column":null}},"line":6},"2":{"name":"(anonymous_2)","decl":{"start":{"line":11,"column":4},"end":{"line":11,"column":20}},"loc":{"start":{"line":11,"column":20},"end":{"line":19,"column":8}},"line":11},"3":{"name":"(anonymous_3)","decl":{"start":{"line":21,"column":10},"end":{"line":21,"column":33}},"loc":{"start":{"line":21,"column":33},"end":{"line":21,"column":55}},"line":21},"4":{"name":"(anonymous_4)","decl":{"start":{"line":30,"column":13},"end":{"line":30,"column":30}},"loc":{"start":{"line":30,"column":30},"end":{"line":35,"column":null}},"line":30}},"branchMap":{"0":{"loc":{"start":{"line":8,"column":15},"end":{"line":8,"column":null}},"type":"cond-expr","locations":[{"start":{"line":8,"column":32},"end":{"line":8,"column":49}},{"start":{"line":8,"column":52},"end":{"line":8,"column":null}}],"line":8},"1":{"loc":{"start":{"line":13,"column":8},"end":{"line":16,"column":null}},"type":"if","locations":[{"start":{"line":13,"column":8},"end":{"line":16,"column":null}},{"start":{"line":15,"column":15},"end":{"line":16,"column":null}}],"line":13},"2":{"loc":{"start":{"line":32,"column":4},"end":{"line":33,"column":null}},"type":"if","locations":[{"start":{"line":32,"column":4},"end":{"line":33,"column":null}},{"start":{},"end":{}}],"line":32}},"s":{"0":1,"1":1,"2":5,"3":5,"4":5,"5":5,"6":5,"7":5,"8":5,"9":0,"10":5,"11":5,"12":0,"13":5,"14":1,"15":0,"16":0,"17":0,"18":0},"f":{"0":5,"1":5,"2":5,"3":0,"4":0},"b":{"0":[4,1],"1":[5,0],"2":[0,0]},"meta":{"lastBranch":3,"lastFunction":5,"lastStatement":19,"seen":{"s:3:6:3:36":0,"s:5:13:26:Infinity":1,"f:5:13:5:30":0,"s:6:21:9:Infinity":2,"f:6:36:6:51":1,"s:7:22:7:54":3,"s:8:8:8:Infinity":4,"b:8:32:8:49:8:52:8:Infinity":0,"s:11:4:19:Infinity":5,"f:11:4:11:20":2,"s:12:21:12:Infinity":6,"b:13:8:16:Infinity:15:15:16:Infinity":1,"s:13:8:16:Infinity":7,"s:14:12:14:Infinity":8,"s:16:12:16:Infinity":9,"s:18:8:18:Infinity":10,"s:21:10:21:55":11,"f:21:10:21:33":3,"s:21:33:21:55":12,"s:23:4:26:Infinity":13,"s:30:13:35:Infinity":14,"f:30:13:30:30":4,"s:31:10:31:44":15,"b:32:4:33:Infinity:undefined:undefined:undefined:undefined":2,"s:32:4:33:Infinity":16,"s:33:8:33:Infinity":17,"s:35:4:35:Infinity":18}}}
,"/Users/loweryr/git/github/rhlowery/acs-ui/frontend/src/pages/ApproverDashboard.jsx": {"path":"/Users/loweryr/git/github/rhlowery/acs-ui/frontend/src/pages/ApproverDashboard.jsx","statementMap":{"0":{"start":{"line":14,"column":13},"end":{"line":242,"column":null}},"1":{"start":{"line":15,"column":21},"end":{"line":15,"column":48}},"2":{"start":{"line":16,"column":26},"end":{"line":16,"column":61}},"3":{"start":{"line":17,"column":18},"end":{"line":17,"column":44}},"4":{"start":{"line":18,"column":24},"end":{"line":18,"column":61}},"5":{"start":{"line":19,"column":31},"end":{"line":19,"column":71}},"6":{"start":{"line":20,"column":29},"end":{"line":20,"column":66}},"7":{"start":{"line":21,"column":28},"end":{"line":21,"column":62}},"8":{"start":{"line":23,"column":4},"end":{"line":25,"column":null}},"9":{"start":{"line":24,"column":8},"end":{"line":24,"column":null}},"10":{"start":{"line":27,"column":4},"end":{"line":43,"column":null}},"11":{"start":{"line":28,"column":21},"end":{"line":28,"column":null}},"12":{"start":{"line":29,"column":8},"end":{"line":40,"column":null}},"13":{"start":{"line":30,"column":12},"end":{"line":40,"column":null}},"14":{"start":{"line":31,"column":16},"end":{"line":39,"column":null}},"15":{"start":{"line":32,"column":34},"end":{"line":32,"column":77}},"16":{"start":{"line":32,"column":54},"end":{"line":32,"column":77}},"17":{"start":{"line":33,"column":20},"end":{"line":36,"column":null}},"18":{"start":{"line":34,"column":44},"end":{"line":34,"column":53}},"19":{"start":{"line":35,"column":24},"end":{"line":35,"column":null}},"20":{"start":{"line":36,"column":24},"end":{"line":36,"column":null}},"21":{"start":{"line":38,"column":20},"end":{"line":38,"column":null}},"22":{"start":{"line":42,"column":8},"end":{"line":42,"column":null}},"23":{"start":{"line":42,"column":21},"end":{"line":42,"column":36}},"24":{"start":{"line":45,"column":26},"end":{"line":50,"column":null}},"25":{"start":{"line":46,"column":8},"end":{"line":50,"column":null}},"26":{"start":{"line":47,"column":25},"end":{"line":47,"column":59}},"27":{"start":{"line":48,"column":12},"end":{"line":48,"column":null}},"28":{"start":{"line":50,"column":12},"end":{"line":50,"column":null}},"29":{"start":{"line":54,"column":26},"end":{"line":58,"column":null}},"30":{"start":{"line":55,"column":8},"end":{"line":58,"column":null}},"31":{"start":{"line":56,"column":12},"end":{"line":56,"column":null}},"32":{"start":{"line":57,"column":12},"end":{"line":57,"column":null}},"33":{"start":{"line":58,"column":24},"end":{"line":58,"column":null}},"34":{"start":{"line":61,"column":10},"end":{"line":63,"column":null}},"35":{"start":{"line":62,"column":8},"end":{"line":62,"column":null}},"36":{"start":{"line":63,"column":8},"end":{"line":63,"column":null}},"37":{"start":{"line":66,"column":32},"end":{"line":76,"column":null}},"38":{"start":{"line":67,"column":8},"end":{"line":69,"column":null}},"39":{"start":{"line":68,"column":12},"end":{"line":68,"column":null}},"40":{"start":{"line":69,"column":12},"end":{"line":69,"column":null}},"41":{"start":{"line":71,"column":8},"end":{"line":76,"column":null}},"42":{"start":{"line":72,"column":12},"end":{"line":72,"column":null}},"43":{"start":{"line":73,"column":12},"end":{"line":73,"column":null}},"44":{"start":{"line":74,"column":12},"end":{"line":74,"column":null}},"45":{"start":{"line":75,"column":12},"end":{"line":75,"column":null}},"46":{"start":{"line":76,"column":24},"end":{"line":76,"column":null}},"47":{"start":{"line":79,"column":29},"end":{"line":79,"column":119}},"48":{"start":{"line":79,"column":50},"end":{"line":79,"column":119}},"49":{"start":{"line":81,"column":4},"end":{"line":242,"column":null}},"50":{"start":{"line":95,"column":49},"end":{"line":95,"column":83}},"51":{"start":{"line":117,"column":20},"end":{"line":127,"column":null}},"52":{"start":{"line":119,"column":39},"end":{"line":119,"column":58}},"53":{"start":{"line":145,"column":32},"end":{"line":188,"column":null}},"54":{"start":{"line":160,"column":67},"end":{"line":160,"column":88}},"55":{"start":{"line":167,"column":67},"end":{"line":167,"column":92}},"56":{"start":{"line":208,"column":166},"end":{"line":208,"column":185}},"57":{"start":{"line":221,"column":49},"end":{"line":221,"column":83}},"58":{"start":{"line":229,"column":47},"end":{"line":229,"column":75}}},"fnMap":{"0":{"name":"(anonymous_0)","decl":{"start":{"line":14,"column":13},"end":{"line":14,"column":39}},"loc":{"start":{"line":14,"column":39},"end":{"line":242,"column":null}},"line":14},"1":{"name":"(anonymous_1)","decl":{"start":{"line":23,"column":4},"end":{"line":23,"column":20}},"loc":{"start":{"line":23,"column":20},"end":{"line":25,"column":9}},"line":23},"2":{"name":"(anonymous_2)","decl":{"start":{"line":27,"column":4},"end":{"line":27,"column":20}},"loc":{"start":{"line":27,"column":20},"end":{"line":43,"column":8}},"line":27},"3":{"name":"(anonymous_3)","decl":{"start":{"line":30,"column":36},"end":{"line":30,"column":52}},"loc":{"start":{"line":30,"column":67},"end":{"line":40,"column":null}},"line":30},"4":{"name":"(anonymous_4)","decl":{"start":{"line":31,"column":16},"end":{"line":31,"column":28}},"loc":{"start":{"line":31,"column":36},"end":{"line":39,"column":null}},"line":31},"5":{"name":"(anonymous_5)","decl":{"start":{"line":32,"column":39},"end":{"line":32,"column":49}},"loc":{"start":{"line":32,"column":54},"end":{"line":32,"column":77}},"line":32},"6":{"name":"(anonymous_6)","decl":{"start":{"line":42,"column":8},"end":{"line":42,"column":21}},"loc":{"start":{"line":42,"column":21},"end":{"line":42,"column":36}},"line":42},"7":{"name":"(anonymous_7)","decl":{"start":{"line":45,"column":26},"end":{"line":45,"column":38}},"loc":{"start":{"line":45,"column":38},"end":{"line":50,"column":null}},"line":45},"8":{"name":"(anonymous_8)","decl":{"start":{"line":54,"column":26},"end":{"line":54,"column":33}},"loc":{"start":{"line":54,"column":40},"end":{"line":58,"column":null}},"line":54},"9":{"name":"(anonymous_9)","decl":{"start":{"line":61,"column":10},"end":{"line":61,"column":31}},"loc":{"start":{"line":61,"column":38},"end":{"line":63,"column":null}},"line":61},"10":{"name":"(anonymous_10)","decl":{"start":{"line":66,"column":32},"end":{"line":66,"column":44}},"loc":{"start":{"line":66,"column":44},"end":{"line":76,"column":null}},"line":66},"11":{"name":"(anonymous_11)","decl":{"start":{"line":79,"column":38},"end":{"line":79,"column":45}},"loc":{"start":{"line":79,"column":50},"end":{"line":79,"column":119}},"line":79},"12":{"name":"(anonymous_12)","decl":{"start":{"line":95,"column":32},"end":{"line":95,"column":43}},"loc":{"start":{"line":95,"column":49},"end":{"line":95,"column":83}},"line":95},"13":{"name":"(anonymous_13)","decl":{"start":{"line":116,"column":53},"end":{"line":116,"column":57}},"loc":{"start":{"line":117,"column":20},"end":{"line":127,"column":null}},"line":117},"14":{"name":"(anonymous_14)","decl":{"start":{"line":119,"column":24},"end":{"line":119,"column":39}},"loc":{"start":{"line":119,"column":39},"end":{"line":119,"column":58}},"line":119},"15":{"name":"(anonymous_15)","decl":{"start":{"line":144,"column":46},"end":{"line":144,"column":50}},"loc":{"start":{"line":145,"column":32},"end":{"line":188,"column":null}},"line":145},"16":{"name":"(anonymous_16)","decl":{"start":{"line":160,"column":52},"end":{"line":160,"column":67}},"loc":{"start":{"line":160,"column":67},"end":{"line":160,"column":88}},"line":160},"17":{"name":"(anonymous_17)","decl":{"start":{"line":167,"column":52},"end":{"line":167,"column":67}},"loc":{"start":{"line":167,"column":67},"end":{"line":167,"column":92}},"line":167},"18":{"name":"(anonymous_18)","decl":{"start":{"line":208,"column":152},"end":{"line":208,"column":161}},"loc":{"start":{"line":208,"column":166},"end":{"line":208,"column":185}},"line":208},"19":{"name":"(anonymous_19)","decl":{"start":{"line":221,"column":32},"end":{"line":221,"column":43}},"loc":{"start":{"line":221,"column":49},"end":{"line":221,"column":83}},"line":221},"20":{"name":"(anonymous_20)","decl":{"start":{"line":229,"column":32},"end":{"line":229,"column":47}},"loc":{"start":{"line":229,"column":47},"end":{"line":229,"column":75}},"line":229}},"branchMap":{"0":{"loc":{"start":{"line":29,"column":8},"end":{"line":40,"column":null}},"type":"if","locations":[{"start":{"line":29,"column":8},"end":{"line":40,"column":null}},{"start":{},"end":{}}],"line":29},"1":{"loc":{"start":{"line":33,"column":20},"end":{"line":36,"column":null}},"type":"if","locations":[{"start":{"line":33,"column":20},"end":{"line":36,"column":null}},{"start":{},"end":{}}],"line":33},"2":{"loc":{"start":{"line":67,"column":8},"end":{"line":69,"column":null}},"type":"if","locations":[{"start":{"line":67,"column":8},"end":{"line":69,"column":null}},{"start":{},"end":{}}],"line":67},"3":{"loc":{"start":{"line":79,"column":50},"end":{"line":79,"column":119}},"type":"binary-expr","locations":[{"start":{"line":79,"column":50},"end":{"line":79,"column":79}},{"start":{"line":79,"column":79},"end":{"line":79,"column":108}},{"start":{"line":79,"column":108},"end":{"line":79,"column":119}}],"line":79},"4":{"loc":{"start":{"line":100,"column":26},"end":{"line":100,"column":null}},"type":"binary-expr","locations":[{"start":{"line":100,"column":26},"end":{"line":100,"column":43}},{"start":{"line":100,"column":43},"end":{"line":100,"column":null}}],"line":100},"5":{"loc":{"start":{"line":108,"column":13},"end":{"line":111,"column":null}},"type":"binary-expr","locations":[{"start":{"line":108,"column":13},"end":{"line":108,"column":null}},{"start":{"line":109,"column":16},"end":{"line":111,"column":null}}],"line":108},"6":{"loc":{"start":{"line":121,"column":28},"end":{"line":123,"column":null}},"type":"cond-expr","locations":[{"start":{"line":122,"column":30},"end":{"line":122,"column":null}},{"start":{"line":123,"column":30},"end":{"line":123,"column":null}}],"line":121},"7":{"loc":{"start":{"line":157,"column":41},"end":{"line":185,"column":null}},"type":"cond-expr","locations":[{"start":{"line":158,"column":44},"end":{"line":175,"column":45}},{"start":{"line":175,"column":44},"end":{"line":185,"column":null}}],"line":157},"8":{"loc":{"start":{"line":176,"column":49},"end":{"line":182,"column":null}},"type":"cond-expr","locations":[{"start":{"line":177,"column":52},"end":{"line":181,"column":53}},{"start":{"line":181,"column":52},"end":{"line":182,"column":null}}],"line":176},"9":{"loc":{"start":{"line":190,"column":29},"end":{"line":200,"column":null}},"type":"binary-expr","locations":[{"start":{"line":190,"column":29},"end":{"line":190,"column":null}},{"start":{"line":191,"column":32},"end":{"line":200,"column":null}}],"line":190},"10":{"loc":{"start":{"line":206,"column":13},"end":{"line":242,"column":null}},"type":"binary-expr","locations":[{"start":{"line":206,"column":13},"end":{"line":206,"column":null}},{"start":{"line":207,"column":16},"end":{"line":242,"column":null}}],"line":206}},"s":{"0":2,"1":41,"2":41,"3":41,"4":41,"5":41,"6":41,"7":41,"8":41,"9":12,"10":41,"11":15,"12":15,"13":3,"14":2,"15":2,"16":3,"17":2,"18":1,"19":1,"20":1,"21":1,"22":15,"23":15,"24":41,"25":14,"26":14,"27":13,"28":1,"29":41,"30":2,"31":2,"32":1,"33":1,"34":41,"35":4,"36":4,"37":41,"38":3,"39":1,"40":1,"41":2,"42":2,"43":1,"44":1,"45":1,"46":1,"47":41,"48":55,"49":41,"50":3,"51":123,"52":2,"53":29,"54":2,"55":4,"56":4,"57":2,"58":1},"f":{"0":41,"1":12,"2":15,"3":2,"4":2,"5":3,"6":15,"7":14,"8":2,"9":4,"10":3,"11":55,"12":3,"13":123,"14":2,"15":29,"16":2,"17":4,"18":4,"19":2,"20":1},"b":{"0":[3,12],"1":[1,1],"2":[1,2],"3":[55,26,24],"4":[41,7],"5":[41,1],"6":[41,82],"7":[25,4],"8":[4,0],"9":[41,14],"10":[41,6]},"meta":{"lastBranch":11,"lastFunction":21,"lastStatement":59,"seen":{"s:14:13:242:Infinity":0,"f:14:13:14:39":0,"s:15:21:15:48":1,"s:16:26:16:61":2,"s:17:18:17:44":3,"s:18:24:18:61":4,"s:19:31:19:71":5,"s:20:29:20:66":6,"s:21:28:21:62":7,"s:23:4:25:Infinity":8,"f:23:4:23:20":1,"s:24:8:24:Infinity":9,"s:27:4:43:Infinity":10,"f:27:4:27:20":2,"s:28:21:28:Infinity":11,"b:29:8:40:Infinity:undefined:undefined:undefined:undefined":0,"s:29:8:40:Infinity":12,"s:30:12:40:Infinity":13,"f:30:36:30:52":3,"s:31:16:39:Infinity":14,"f:31:16:31:28":4,"s:32:34:32:77":15,"f:32:39:32:49":5,"s:32:54:32:77":16,"b:33:20:36:Infinity:undefined:undefined:undefined:undefined":1,"s:33:20:36:Infinity":17,"s:34:44:34:53":18,"s:35:24:35:Infinity":19,"s:36:24:36:Infinity":20,"s:38:20:38:Infinity":21,"s:42:8:42:Infinity":22,"f:42:8:42:21":6,"s:42:21:42:36":23,"s:45:26:50:Infinity":24,"f:45:26:45:38":7,"s:46:8:50:Infinity":25,"s:47:25:47:59":26,"s:48:12:48:Infinity":27,"s:50:12:50:Infinity":28,"s:54:26:58:Infinity":29,"f:54:26:54:33":8,"s:55:8:58:Infinity":30,"s:56:12:56:Infinity":31,"s:57:12:57:Infinity":32,"s:58:24:58:Infinity":33,"s:61:10:63:Infinity":34,"f:61:10:61:31":9,"s:62:8:62:Infinity":35,"s:63:8:63:Infinity":36,"s:66:32:76:Infinity":37,"f:66:32:66:44":10,"b:67:8:69:Infinity:undefined:undefined:undefined:undefined":2,"s:67:8:69:Infinity":38,"s:68:12:68:Infinity":39,"s:69:12:69:Infinity":40,"s:71:8:76:Infinity":41,"s:72:12:72:Infinity":42,"s:73:12:73:Infinity":43,"s:74:12:74:Infinity":44,"s:75:12:75:Infinity":45,"s:76:24:76:Infinity":46,"s:79:29:79:119":47,"f:79:38:79:45":11,"s:79:50:79:119":48,"b:79:50:79:79:79:79:79:108:79:108:79:119":3,"s:81:4:242:Infinity":49,"f:95:32:95:43":12,"s:95:49:95:83":50,"b:100:26:100:43:100:43:100:Infinity":4,"b:108:13:108:Infinity:109:16:111:Infinity":5,"f:116:53:116:57":13,"s:117:20:127:Infinity":51,"f:119:24:119:39":14,"s:119:39:119:58":52,"b:122:30:122:Infinity:123:30:123:Infinity":6,"f:144:46:144:50":15,"s:145:32:188:Infinity":53,"b:158:44:175:45:175:44:185:Infinity":7,"f:160:52:160:67":16,"s:160:67:160:88":54,"f:167:52:167:67":17,"s:167:67:167:92":55,"b:177:52:181:53:181:52:182:Infinity":8,"b:190:29:190:Infinity:191:32:200:Infinity":9,"b:206:13:206:Infinity:207:16:242:Infinity":10,"f:208:152:208:161":18,"s:208:166:208:185":56,"f:221:32:221:43":19,"s:221:49:221:83":57,"f:229:32:229:47":20,"s:229:47:229:75":58}}}
,"/Users/loweryr/git/github/rhlowery/acs-ui/frontend/src/pages/CatalogPage.jsx": {"path":"/Users/loweryr/git/github/rhlowery/acs-ui/frontend/src/pages/CatalogPage.jsx","statementMap":{"0":{"start":{"line":6,"column":6},"end":{"line":18,"column":null}},"1":{"start":{"line":7,"column":16},"end":{"line":7,"column":51}},"2":{"start":{"line":7,"column":48},"end":{"line":7,"column":50}},"3":{"start":{"line":8,"column":2},"end":{"line":18,"column":null}},"4":{"start":{"line":11,"column":8},"end":{"line":16,"column":null}},"5":{"start":{"line":22,"column":13},"end":{"line":171,"column":null}},"6":{"start":{"line":23,"column":23},"end":{"line":23,"column":56}},"7":{"start":{"line":24,"column":25},"end":{"line":24,"column":58}},"8":{"start":{"line":25,"column":26},"end":{"line":25,"column":63}},"9":{"start":{"line":27,"column":8},"end":{"line":33,"column":null}},"10":{"start":{"line":28,"column":4},"end":{"line":28,"column":null}},"11":{"start":{"line":29,"column":20},"end":{"line":29,"column":55}},"12":{"start":{"line":29,"column":53},"end":{"line":29,"column":55}},"13":{"start":{"line":30,"column":4},"end":{"line":33,"column":null}},"14":{"start":{"line":31,"column":6},"end":{"line":31,"column":null}},"15":{"start":{"line":33,"column":6},"end":{"line":33,"column":null}},"16":{"start":{"line":37,"column":8},"end":{"line":38,"column":null}},"17":{"start":{"line":38,"column":4},"end":{"line":38,"column":null}},"18":{"start":{"line":41,"column":2},"end":{"line":171,"column":null}},"19":{"start":{"line":72,"column":120},"end":{"line":72,"column":144}},"20":{"start":{"line":167,"column":27},"end":{"line":167,"column":52}}},"fnMap":{"0":{"name":"(anonymous_0)","decl":{"start":{"line":6,"column":6},"end":{"line":6,"column":21}},"loc":{"start":{"line":6,"column":34},"end":{"line":18,"column":null}},"line":6},"1":{"name":"(anonymous_1)","decl":{"start":{"line":7,"column":36},"end":{"line":7,"column":43}},"loc":{"start":{"line":7,"column":48},"end":{"line":7,"column":50}},"line":7},"2":{"name":"(anonymous_2)","decl":{"start":{"line":10,"column":13},"end":{"line":10,"column":18}},"loc":{"start":{"line":11,"column":8},"end":{"line":16,"column":null}},"line":11},"3":{"name":"(anonymous_3)","decl":{"start":{"line":22,"column":13},"end":{"line":22,"column":33}},"loc":{"start":{"line":22,"column":33},"end":{"line":171,"column":null}},"line":22},"4":{"name":"(anonymous_4)","decl":{"start":{"line":27,"column":8},"end":{"line":27,"column":24}},"loc":{"start":{"line":27,"column":33},"end":{"line":33,"column":null}},"line":27},"5":{"name":"(anonymous_5)","decl":{"start":{"line":29,"column":41},"end":{"line":29,"column":48}},"loc":{"start":{"line":29,"column":53},"end":{"line":29,"column":55}},"line":29},"6":{"name":"(anonymous_6)","decl":{"start":{"line":37,"column":8},"end":{"line":37,"column":28}},"loc":{"start":{"line":37,"column":40},"end":{"line":38,"column":null}},"line":37},"7":{"name":"(anonymous_7)","decl":{"start":{"line":72,"column":105},"end":{"line":72,"column":120}},"loc":{"start":{"line":72,"column":120},"end":{"line":72,"column":144}},"line":72},"8":{"name":"(anonymous_8)","decl":{"start":{"line":167,"column":12},"end":{"line":167,"column":27}},"loc":{"start":{"line":167,"column":27},"end":{"line":167,"column":52}},"line":167},"9":{"name":"(anonymous_9)","decl":{"start":{"line":168,"column":12},"end":{"line":168,"column":29}},"loc":{"start":{"line":168,"column":29},"end":{"line":168,"column":null}},"line":168}},"branchMap":{"0":{"loc":{"start":{"line":12,"column":42},"end":{"line":12,"column":null}},"type":"cond-expr","locations":[{"start":{"line":12,"column":71},"end":{"line":12,"column":94}},{"start":{"line":12,"column":94},"end":{"line":12,"column":null}}],"line":12},"1":{"loc":{"start":{"line":15,"column":11},"end":{"line":16,"column":null}},"type":"binary-expr","locations":[{"start":{"line":15,"column":11},"end":{"line":15,"column":39}},{"start":{"line":15,"column":39},"end":{"line":16,"column":null}}],"line":15},"2":{"loc":{"start":{"line":30,"column":4},"end":{"line":33,"column":null}},"type":"if","locations":[{"start":{"line":30,"column":4},"end":{"line":33,"column":null}},{"start":{"line":32,"column":11},"end":{"line":33,"column":null}}],"line":30},"3":{"loc":{"start":{"line":56,"column":9},"end":{"line":159,"column":null}},"type":"cond-expr","locations":[{"start":{"line":57,"column":10},"end":{"line":151,"column":11}},{"start":{"line":151,"column":10},"end":{"line":159,"column":null}}],"line":56},"4":{"loc":{"start":{"line":67,"column":98},"end":{"line":67,"column":130}},"type":"binary-expr","locations":[{"start":{"line":67,"column":98},"end":{"line":67,"column":119}},{"start":{"line":67,"column":119},"end":{"line":67,"column":130}}],"line":67},"5":{"loc":{"start":{"line":86,"column":19},"end":{"line":89,"column":null}},"type":"cond-expr","locations":[{"start":{"line":87,"column":20},"end":{"line":89,"column":21}},{"start":{"line":89,"column":20},"end":{"line":89,"column":null}}],"line":86},"6":{"loc":{"start":{"line":93,"column":19},"end":{"line":96,"column":null}},"type":"cond-expr","locations":[{"start":{"line":94,"column":20},"end":{"line":94,"column":null}},{"start":{"line":96,"column":20},"end":{"line":96,"column":null}}],"line":93},"7":{"loc":{"start":{"line":118,"column":13},"end":{"line":146,"column":null}},"type":"binary-expr","locations":[{"start":{"line":118,"column":13},"end":{"line":118,"column":null}},{"start":{"line":119,"column":14},"end":{"line":146,"column":null}}],"line":118},"8":{"loc":{"start":{"line":164,"column":9},"end":{"line":171,"column":null}},"type":"binary-expr","locations":[{"start":{"line":164,"column":9},"end":{"line":164,"column":28}},{"start":{"line":164,"column":28},"end":{"line":164,"column":null}},{"start":{"line":165,"column":10},"end":{"line":171,"column":null}}],"line":164}},"s":{"0":2,"1":14,"2":22,"3":14,"4":36,"5":2,"6":14,"7":14,"8":14,"9":14,"10":5,"11":5,"12":9,"13":5,"14":4,"15":1,"16":14,"17":1,"18":14,"19":2,"20":1},"f":{"0":14,"1":22,"2":36,"3":14,"4":5,"5":9,"6":1,"7":2,"8":1,"9":0},"b":{"0":[14,22],"1":[36,22],"2":[4,1],"3":[8,6],"4":[8,0],"5":[1,7],"6":[1,7],"7":[8,7],"8":[14,2,2]},"meta":{"lastBranch":9,"lastFunction":10,"lastStatement":21,"seen":{"s:6:6:18:Infinity":0,"f:6:6:6:21":0,"s:7:16:7:51":1,"f:7:36:7:43":1,"s:7:48:7:50":2,"s:8:2:18:Infinity":3,"f:10:13:10:18":2,"s:11:8:16:Infinity":4,"b:12:71:12:94:12:94:12:Infinity":0,"b:15:11:15:39:15:39:16:Infinity":1,"s:22:13:171:Infinity":5,"f:22:13:22:33":3,"s:23:23:23:56":6,"s:24:25:24:58":7,"s:25:26:25:63":8,"s:27:8:33:Infinity":9,"f:27:8:27:24":4,"s:28:4:28:Infinity":10,"s:29:20:29:55":11,"f:29:41:29:48":5,"s:29:53:29:55":12,"b:30:4:33:Infinity:32:11:33:Infinity":2,"s:30:4:33:Infinity":13,"s:31:6:31:Infinity":14,"s:33:6:33:Infinity":15,"s:37:8:38:Infinity":16,"f:37:8:37:28":6,"s:38:4:38:Infinity":17,"s:41:2:171:Infinity":18,"b:57:10:151:11:151:10:159:Infinity":3,"b:67:98:67:119:67:119:67:130":4,"f:72:105:72:120":7,"s:72:120:72:144":19,"b:87:20:89:21:89:20:89:Infinity":5,"b:94:20:94:Infinity:96:20:96:Infinity":6,"b:118:13:118:Infinity:119:14:146:Infinity":7,"b:164:9:164:28:164:28:164:Infinity:165:10:171:Infinity":8,"f:167:12:167:27":8,"s:167:27:167:52":20,"f:168:12:168:29":9}}}
,"/Users/loweryr/git/github/rhlowery/acs-ui/frontend/src/pages/LoginPage.jsx": {"path":"/Users/loweryr/git/github/rhlowery/acs-ui/frontend/src/pages/LoginPage.jsx","statementMap":{"0":{"start":{"line":17,"column":23},"end":{"line":22,"column":null}},"1":{"start":{"line":24,"column":6},"end":{"line":61,"column":null}},"2":{"start":{"line":25,"column":2},"end":{"line":61,"column":null}},"3":{"start":{"line":41,"column":22},"end":{"line":41,"column":null}},"4":{"start":{"line":42,"column":25},"end":{"line":42,"column":null}},"5":{"start":{"line":43,"column":8},"end":{"line":58,"column":null}},"6":{"start":{"line":47,"column":27},"end":{"line":47,"column":45}},"7":{"start":{"line":65,"column":13},"end":{"line":239,"column":null}},"8":{"start":{"line":66,"column":17},"end":{"line":66,"column":42}},"9":{"start":{"line":67,"column":19},"end":{"line":67,"column":46}},"10":{"start":{"line":68,"column":20},"end":{"line":68,"column":48}},"11":{"start":{"line":69,"column":18},"end":{"line":69,"column":46}},"12":{"start":{"line":70,"column":23},"end":{"line":70,"column":57}},"13":{"start":{"line":71,"column":16},"end":{"line":71,"column":42}},"14":{"start":{"line":72,"column":21},"end":{"line":72,"column":53}},"15":{"start":{"line":73,"column":20},"end":{"line":73,"column":48}},"16":{"start":{"line":75,"column":2},"end":{"line":95,"column":null}},"17":{"start":{"line":76,"column":26},"end":{"line":91,"column":null}},"18":{"start":{"line":77,"column":6},"end":{"line":91,"column":null}},"19":{"start":{"line":78,"column":39},"end":{"line":81,"column":10}},"20":{"start":{"line":82,"column":8},"end":{"line":82,"column":null}},"21":{"start":{"line":84,"column":8},"end":{"line":86,"column":null}},"22":{"start":{"line":85,"column":10},"end":{"line":85,"column":null}},"23":{"start":{"line":86,"column":10},"end":{"line":86,"column":null}},"24":{"start":{"line":89,"column":8},"end":{"line":89,"column":null}},"25":{"start":{"line":91,"column":8},"end":{"line":91,"column":null}},"26":{"start":{"line":94,"column":4},"end":{"line":94,"column":null}},"27":{"start":{"line":97,"column":22},"end":{"line":107,"column":null}},"28":{"start":{"line":98,"column":4},"end":{"line":98,"column":null}},"29":{"start":{"line":98,"column":11},"end":{"line":98,"column":null}},"30":{"start":{"line":99,"column":4},"end":{"line":99,"column":null}},"31":{"start":{"line":100,"column":4},"end":{"line":100,"column":null}},"32":{"start":{"line":101,"column":4},"end":{"line":107,"column":null}},"33":{"start":{"line":102,"column":21},"end":{"line":102,"column":85}},"34":{"start":{"line":103,"column":6},"end":{"line":103,"column":null}},"35":{"start":{"line":105,"column":6},"end":{"line":105,"column":null}},"36":{"start":{"line":107,"column":6},"end":{"line":107,"column":null}},"37":{"start":{"line":111,"column":26},"end":{"line":120,"column":null}},"38":{"start":{"line":112,"column":4},"end":{"line":112,"column":null}},"39":{"start":{"line":113,"column":4},"end":{"line":113,"column":null}},"40":{"start":{"line":114,"column":4},"end":{"line":120,"column":null}},"41":{"start":{"line":115,"column":21},"end":{"line":115,"column":73}},"42":{"start":{"line":116,"column":6},"end":{"line":116,"column":null}},"43":{"start":{"line":118,"column":6},"end":{"line":118,"column":null}},"44":{"start":{"line":120,"column":6},"end":{"line":120,"column":null}},"45":{"start":{"line":124,"column":8},"end":{"line":125,"column":null}},"46":{"start":{"line":125,"column":4},"end":{"line":125,"column":null}},"47":{"start":{"line":128,"column":2},"end":{"line":132,"column":null}},"48":{"start":{"line":129,"column":4},"end":{"line":132,"column":null}},"49":{"start":{"line":136,"column":2},"end":{"line":239,"column":null}},"50":{"start":{"line":175,"column":39},"end":{"line":175,"column":64}},"51":{"start":{"line":188,"column":39},"end":{"line":188,"column":66}},"52":{"start":{"line":216,"column":22},"end":{"line":229,"column":null}},"53":{"start":{"line":218,"column":39},"end":{"line":218,"column":67}}},"fnMap":{"0":{"name":"(anonymous_0)","decl":{"start":{"line":24,"column":6},"end":{"line":24,"column":24}},"loc":{"start":{"line":25,"column":2},"end":{"line":61,"column":null}},"line":25},"1":{"name":"(anonymous_1)","decl":{"start":{"line":40,"column":17},"end":{"line":40,"column":21}},"loc":{"start":{"line":40,"column":33},"end":{"line":58,"column":null}},"line":40},"2":{"name":"(anonymous_2)","decl":{"start":{"line":47,"column":12},"end":{"line":47,"column":27}},"loc":{"start":{"line":47,"column":27},"end":{"line":47,"column":45}},"line":47},"3":{"name":"(anonymous_3)","decl":{"start":{"line":65,"column":13},"end":{"line":65,"column":26}},"loc":{"start":{"line":65,"column":49},"end":{"line":239,"column":null}},"line":65},"4":{"name":"(anonymous_4)","decl":{"start":{"line":75,"column":2},"end":{"line":75,"column":18}},"loc":{"start":{"line":75,"column":18},"end":{"line":95,"column":7}},"line":75},"5":{"name":"(anonymous_5)","decl":{"start":{"line":76,"column":26},"end":{"line":76,"column":38}},"loc":{"start":{"line":76,"column":38},"end":{"line":91,"column":null}},"line":76},"6":{"name":"(anonymous_6)","decl":{"start":{"line":97,"column":22},"end":{"line":97,"column":29}},"loc":{"start":{"line":97,"column":57},"end":{"line":107,"column":null}},"line":97},"7":{"name":"(anonymous_7)","decl":{"start":{"line":111,"column":26},"end":{"line":111,"column":33}},"loc":{"start":{"line":111,"column":46},"end":{"line":120,"column":null}},"line":111},"8":{"name":"(anonymous_8)","decl":{"start":{"line":124,"column":8},"end":{"line":124,"column":27}},"loc":{"start":{"line":124,"column":42},"end":{"line":125,"column":null}},"line":124},"9":{"name":"(anonymous_9)","decl":{"start":{"line":175,"column":22},"end":{"line":175,"column":33}},"loc":{"start":{"line":175,"column":39},"end":{"line":175,"column":64}},"line":175},"10":{"name":"(anonymous_10)","decl":{"start":{"line":188,"column":22},"end":{"line":188,"column":33}},"loc":{"start":{"line":188,"column":39},"end":{"line":188,"column":66}},"line":188},"11":{"name":"(anonymous_11)","decl":{"start":{"line":215,"column":31},"end":{"line":215,"column":35}},"loc":{"start":{"line":216,"column":22},"end":{"line":229,"column":null}},"line":216},"12":{"name":"(anonymous_12)","decl":{"start":{"line":218,"column":24},"end":{"line":218,"column":39}},"loc":{"start":{"line":218,"column":39},"end":{"line":218,"column":67}},"line":218}},"branchMap":{"0":{"loc":{"start":{"line":32,"column":5},"end":{"line":35,"column":null}},"type":"binary-expr","locations":[{"start":{"line":32,"column":5},"end":{"line":32,"column":null}},{"start":{"line":33,"column":6},"end":{"line":35,"column":null}}],"line":32},"1":{"loc":{"start":{"line":41,"column":22},"end":{"line":41,"column":null}},"type":"binary-expr","locations":[{"start":{"line":41,"column":22},"end":{"line":41,"column":58}},{"start":{"line":41,"column":58},"end":{"line":41,"column":null}}],"line":41},"2":{"loc":{"start":{"line":54,"column":77},"end":{"line":54,"column":117}},"type":"binary-expr","locations":[{"start":{"line":54,"column":77},"end":{"line":54,"column":94}},{"start":{"line":54,"column":94},"end":{"line":54,"column":117}}],"line":54},"3":{"loc":{"start":{"line":82,"column":21},"end":{"line":82,"column":39}},"type":"binary-expr","locations":[{"start":{"line":82,"column":21},"end":{"line":82,"column":37}},{"start":{"line":82,"column":37},"end":{"line":82,"column":39}}],"line":82},"4":{"loc":{"start":{"line":84,"column":8},"end":{"line":86,"column":null}},"type":"if","locations":[{"start":{"line":84,"column":8},"end":{"line":86,"column":null}},{"start":{},"end":{}}],"line":84},"5":{"loc":{"start":{"line":97,"column":32},"end":{"line":97,"column":57}},"type":"default-arg","locations":[{"start":{"line":97,"column":45},"end":{"line":97,"column":57}}],"line":97},"6":{"loc":{"start":{"line":98,"column":4},"end":{"line":98,"column":null}},"type":"if","locations":[{"start":{"line":98,"column":4},"end":{"line":98,"column":null}},{"start":{},"end":{}}],"line":98},"7":{"loc":{"start":{"line":102,"column":45},"end":{"line":102,"column":64}},"type":"binary-expr","locations":[{"start":{"line":102,"column":45},"end":{"line":102,"column":55}},{"start":{"line":102,"column":55},"end":{"line":102,"column":64}}],"line":102},"8":{"loc":{"start":{"line":128,"column":2},"end":{"line":132,"column":null}},"type":"if","locations":[{"start":{"line":128,"column":2},"end":{"line":132,"column":null}},{"start":{},"end":{}}],"line":128},"9":{"loc":{"start":{"line":157,"column":11},"end":{"line":234,"column":null}},"type":"cond-expr","locations":[{"start":{"line":158,"column":12},"end":{"line":165,"column":null}},{"start":{"line":165,"column":12},"end":{"line":234,"column":null}}],"line":157},"10":{"loc":{"start":{"line":195,"column":17},"end":{"line":198,"column":null}},"type":"binary-expr","locations":[{"start":{"line":195,"column":17},"end":{"line":195,"column":null}},{"start":{"line":196,"column":18},"end":{"line":198,"column":null}}],"line":195},"11":{"loc":{"start":{"line":207,"column":19},"end":{"line":207,"column":null}},"type":"cond-expr","locations":[{"start":{"line":207,"column":34},"end":{"line":207,"column":78}},{"start":{"line":207,"column":76},"end":{"line":207,"column":null}}],"line":207},"12":{"loc":{"start":{"line":211,"column":15},"end":{"line":234,"column":null}},"type":"binary-expr","locations":[{"start":{"line":211,"column":15},"end":{"line":211,"column":null}},{"start":{"line":212,"column":16},"end":{"line":234,"column":null}}],"line":211},"13":{"loc":{"start":{"line":222,"column":27},"end":{"line":223,"column":27}},"type":"cond-expr","locations":[{"start":{"line":222,"column":54},"end":{"line":222,"column":102}},{"start":{"line":222,"column":101},"end":{"line":223,"column":27}}],"line":222}},"s":{"0":2,"1":2,"2":8,"3":11,"4":11,"5":11,"6":2,"7":2,"8":32,"9":32,"10":32,"11":32,"12":32,"13":32,"14":32,"15":32,"16":32,"17":10,"18":10,"19":10,"20":9,"21":10,"22":4,"23":4,"24":0,"25":9,"26":10,"27":32,"28":3,"29":2,"30":3,"31":3,"32":3,"33":3,"34":1,"35":2,"36":3,"37":32,"38":2,"39":2,"40":2,"41":2,"42":1,"43":1,"44":2,"45":32,"46":1,"47":32,"48":10,"49":22,"50":2,"51":1,"52":6,"53":1},"f":{"0":8,"1":11,"2":2,"3":32,"4":10,"5":10,"6":3,"7":2,"8":1,"9":2,"10":1,"11":6,"12":1},"b":{"0":[8,1],"1":[11,0],"2":[11,0],"3":[9,0],"4":[4,6],"5":[3],"6":[2,1],"7":[3,1],"8":[10,22],"9":[8,14],"10":[14,2],"11":[3,11],"12":[14,3],"13":[3,3]},"meta":{"lastBranch":14,"lastFunction":13,"lastStatement":54,"seen":{"s:17:23:22:Infinity":0,"s:24:6:61:Infinity":1,"f:24:6:24:24":0,"s:25:2:61:Infinity":2,"b:32:5:32:Infinity:33:6:35:Infinity":0,"f:40:17:40:21":1,"s:41:22:41:Infinity":3,"b:41:22:41:58:41:58:41:Infinity":1,"s:42:25:42:Infinity":4,"s:43:8:58:Infinity":5,"f:47:12:47:27":2,"s:47:27:47:45":6,"b:54:77:54:94:54:94:54:117":2,"s:65:13:239:Infinity":7,"f:65:13:65:26":3,"s:66:17:66:42":8,"s:67:19:67:46":9,"s:68:20:68:48":10,"s:69:18:69:46":11,"s:70:23:70:57":12,"s:71:16:71:42":13,"s:72:21:72:53":14,"s:73:20:73:48":15,"s:75:2:95:Infinity":16,"f:75:2:75:18":4,"s:76:26:91:Infinity":17,"f:76:26:76:38":5,"s:77:6:91:Infinity":18,"s:78:39:81:10":19,"s:82:8:82:Infinity":20,"b:82:21:82:37:82:37:82:39":3,"b:84:8:86:Infinity:undefined:undefined:undefined:undefined":4,"s:84:8:86:Infinity":21,"s:85:10:85:Infinity":22,"s:86:10:86:Infinity":23,"s:89:8:89:Infinity":24,"s:91:8:91:Infinity":25,"s:94:4:94:Infinity":26,"s:97:22:107:Infinity":27,"f:97:22:97:29":6,"b:97:45:97:57":5,"b:98:4:98:Infinity:undefined:undefined:undefined:undefined":6,"s:98:4:98:Infinity":28,"s:98:11:98:Infinity":29,"s:99:4:99:Infinity":30,"s:100:4:100:Infinity":31,"s:101:4:107:Infinity":32,"s:102:21:102:85":33,"b:102:45:102:55:102:55:102:64":7,"s:103:6:103:Infinity":34,"s:105:6:105:Infinity":35,"s:107:6:107:Infinity":36,"s:111:26:120:Infinity":37,"f:111:26:111:33":7,"s:112:4:112:Infinity":38,"s:113:4:113:Infinity":39,"s:114:4:120:Infinity":40,"s:115:21:115:73":41,"s:116:6:116:Infinity":42,"s:118:6:118:Infinity":43,"s:120:6:120:Infinity":44,"s:124:8:125:Infinity":45,"f:124:8:124:27":8,"s:125:4:125:Infinity":46,"b:128:2:132:Infinity:undefined:undefined:undefined:undefined":8,"s:128:2:132:Infinity":47,"s:129:4:132:Infinity":48,"s:136:2:239:Infinity":49,"b:158:12:165:Infinity:165:12:234:Infinity":9,"f:175:22:175:33":9,"s:175:39:175:64":50,"f:188:22:188:33":10,"s:188:39:188:66":51,"b:195:17:195:Infinity:196:18:198:Infinity":10,"b:207:34:207:78:207:76:207:Infinity":11,"b:211:15:211:Infinity:212:16:234:Infinity":12,"f:215:31:215:35":11,"s:216:22:229:Infinity":52,"f:218:24:218:39":12,"s:218:39:218:67":53,"b:222:54:222:102:222:101:223:27":13}}}
[...]
{"line":44,"column":58}},"type":"binary-expr","locations":[{"start":{"line":44,"column":28},"end":{"line":44,"column":43}},{"start":{"line":44,"column":43},"end":{"line":44,"column":58}}],"line":44},"6":{"loc":{"start":{"line":58,"column":12},"end":{"line":60,"column":null}},"type":"if","locations":[{"start":{"line":58,"column":12},"end":{"line":60,"column":null}},{"start":{},"end":{}}],"line":58},"7":{"loc":{"start":{"line":73,"column":8},"end":{"line":73,"column":null}},"type":"if","locations":[{"start":{"line":73,"column":8},"end":{"line":73,"column":null}},{"start":{},"end":{}}],"line":73},"8":{"loc":{"start":{"line":74,"column":15},"end":{"line":79,"column":null}},"type":"binary-expr","locations":[{"start":{"line":74,"column":15},"end":{"line":74,"column":40}},{"start":{"line":74,"column":40},"end":{"line":79,"column":null}}],"line":74},"9":{"loc":{"start":{"line":83,"column":8},"end":{"line":83,"column":null}},"type":"if","locations":[{"start":{"line":83,"column":8},"end":{"line":83,"column":null}},{"start":{},"end":{}}],"line":83},"10":{"loc":{"start":{"line":85,"column":24},"end":{"line":85,"column":null}},"type":"binary-expr","locations":[{"start":{"line":85,"column":24},"end":{"line":85,"column":45}},{"start":{"line":85,"column":45},"end":{"line":85,"column":null}}],"line":85},"11":{"loc":{"start":{"line":86,"column":8},"end":{"line":86,"column":null}},"type":"if","locations":[{"start":{"line":86,"column":8},"end":{"line":86,"column":null}},{"start":{},"end":{}}],"line":86},"12":{"loc":{"start":{"line":87,"column":8},"end":{"line":87,"column":null}},"type":"if","locations":[{"start":{"line":87,"column":8},"end":{"line":87,"column":null}},{"start":{},"end":{}}],"line":87},"13":{"loc":{"start":{"line":88,"column":8},"end":{"line":88,"column":null}},"type":"if","locations":[{"start":{"line":88,"column":8},"end":{"line":88,"column":null}},{"start":{},"end":{}}],"line":88}},"s":{"0":2,"1":2,"2":4,"3":1,"4":3,"5":3,"6":2,"7":1,"8":1,"9":1,"10":2,"11":2,"12":2,"13":1,"14":1,"15":1,"16":1,"17":3,"18":3,"19":2,"20":2,"21":1,"22":1,"23":1,"24":5,"25":5,"26":2,"27":1,"28":1,"29":3,"30":4,"31":4,"32":3,"33":1,"34":2,"35":9,"36":1,"37":8,"38":9,"39":3,"40":5,"41":5,"42":3,"43":3,"44":1,"45":2},"f":{"0":2,"1":4,"2":2,"3":3,"4":1,"5":5,"6":4,"7":3,"8":9},"b":{"0":[1,3],"1":[1,1],"2":[1,0],"3":[3],"4":[2,1],"5":[2,1],"6":[1,1],"7":[1,2],"8":[2,1],"9":[1,8],"10":[8,0],"11":[3,6],"12":[2,3],"13":[2,1]},"meta":{"lastBranch":14,"lastFunction":9,"lastStatement":46,"seen":{"f:4:4:4:18":0,"s:5:8:5:Infinity":0,"s:6:8:6:Infinity":1,"f:9:10:9:22":1,"b:10:8:10:Infinity:undefined:undefined:undefined:undefined":0,"s:10:8:10:Infinity":2,"s:10:25:10:Infinity":3,"s:11:8:18:Infinity":4,"s:12:29:12:71":5,"b:13:12:15:Infinity:undefined:undefined:undefined:undefined":1,"s:13:12:15:Infinity":6,"s:14:16:14:Infinity":7,"s:15:16:15:Infinity":8,"s:18:12:18:Infinity":9,"s:20:8:20:Infinity":10,"f:23:10:23:25":2,"s:24:8:30:Infinity":11,"s:25:29:25:74":12,"b:26:12:27:Infinity:undefined:undefined:undefined:undefined":2,"s:26:12:27:Infinity":13,"s:27:16:27:Infinity":14,"s:30:12:30:Infinity":15,"s:32:8:32:Infinity":16,"f:35:10:35:16":3,"b:35:47:35:56":3,"s:36:25:40:10":17,"b:42:8:44:Infinity:undefined:undefined:undefined:undefined":4,"s:42:8:44:Infinity":18,"s:43:26:43:47":19,"s:44:12:44:Infinity":20,"b:44:28:44:43:44:43:44:58":5,"s:47:8:47:Infinity":21,"f:50:10:50:19":4,"s:51:8:51:Infinity":22,"s:52:8:52:Infinity":23,"f:55:10:55:27":5,"s:56:8:63:Infinity":24,"s:57:29:57:67":25,"b:58:12:60:Infinity:undefined:undefined:undefined:undefined":6,"s:58:12:60:Infinity":26,"s:59:16:59:Infinity":27,"s:60:16:60:Infinity":28,"s:63:12:63:Infinity":29,"s:65:8:65:Infinity":30,"f:68:4:68:17":6,"s:69:8:69:Infinity":31,"f:72:4:72:19":7,"b:73:8:73:Infinity:undefined:undefined:undefined:undefined":7,"s:73:8:73:Infinity":32,"s:73:26:73:Infinity":33,"s:74:8:79:Infinity":34,"b:74:15:74:40:74:40:79:Infinity":8,"f:82:4:82:12":8,"b:83:8:83:Infinity:undefined:undefined:undefined:undefined":9,"s:83:8:83:Infinity":35,"s:83:24:83:Infinity":36,"s:85:24:85:Infinity":37,"b:85:24:85:45:85:45:85:Infinity":10,"b:86:8:86:Infinity:undefined:undefined:undefined:undefined":11,"s:86:8:86:Infinity":38,"s:86:30:86:Infinity":39,"b:87:8:87:Infinity:undefined:undefined:undefined:undefined":12,"s:87:8:87:Infinity":40,"s:87:33:87:Infinity":41,"b:88:8:88:Infinity:undefined:undefined:undefined:undefined":13,"s:88:8:88:Infinity":42,"s:88:32:88:Infinity":43,"s:89:8:89:Infinity":44,"s:93:27:93:51":45}}}
,"/Users/loweryr/git/github/rhlowery/acs-ui/frontend/src/services/CatalogService.js": {"path":"/Users/loweryr/git/github/rhlowery/acs-ui/frontend/src/services/CatalogService.js","statementMap":{"0":{"start":{"line":3,"column":6},"end":{"line":3,"column":42}},"1":{"start":{"line":5,"column":30},"end":{"line":30,"column":null}},"2":{"start":{"line":7,"column":21},"end":{"line":7,"column":61}},"3":{"start":{"line":8,"column":4},"end":{"line":8,"column":null}},"4":{"start":{"line":8,"column":22},"end":{"line":8,"column":null}},"5":{"start":{"line":9,"column":4},"end":{"line":9,"column":null}},"6":{"start":{"line":13,"column":18},"end":{"line":13,"column":null}},"7":{"start":{"line":14,"column":21},"end":{"line":14,"column":74}},"8":{"start":{"line":15,"column":4},"end":{"line":15,"column":null}},"9":{"start":{"line":15,"column":22},"end":{"line":15,"column":null}},"10":{"start":{"line":16,"column":4},"end":{"line":16,"column":null}},"11":{"start":{"line":20,"column":21},"end":{"line":20,"column":111}},"12":{"start":{"line":21,"column":4},"end":{"line":21,"column":null}},"13":{"start":{"line":21,"column":22},"end":{"line":21,"column":null}},"14":{"start":{"line":22,"column":4},"end":{"line":22,"column":null}},"15":{"start":{"line":26,"column":21},"end":{"line":26,"column":85}},"16":{"start":{"line":27,"column":4},"end":{"line":27,"column":null}},"17":{"start":{"line":27,"column":22},"end":{"line":27,"column":null}},"18":{"start":{"line":28,"column":4},"end":{"line":28,"column":null}}},"fnMap":{"0":{"name":"(anonymous_0)","decl":{"start":{"line":6,"column":8},"end":{"line":6,"column":27}},"loc":{"start":{"line":6,"column":27},"end":{"line":9,"column":null}},"line":6},"1":{"name":"(anonymous_1)","decl":{"start":{"line":12,"column":8},"end":{"line":12,"column":17}},"loc":{"start":{"line":12,"column":40},"end":{"line":16,"column":null}},"line":12},"2":{"name":"(anonymous_2)","decl":{"start":{"line":19,"column":8},"end":{"line":19,"column":23}},"loc":{"start":{"line":19,"column":40},"end":{"line":22,"column":null}},"line":19},"3":{"name":"(anonymous_3)","decl":{"start":{"line":25,"column":8},"end":{"line":25,"column":22}},"loc":{"start":{"line":25,"column":29},"end":{"line":28,"column":null}},"line":25}},"branchMap":{"0":{"loc":{"start":{"line":8,"column":4},"end":{"line":8,"column":null}},"type":"if","locations":[{"start":{"line":8,"column":4},"end":{"line":8,"column":null}},{"start":{},"end":{}}],"line":8},"1":{"loc":{"start":{"line":12,"column":28},"end":{"line":12,"column":40}},"type":"default-arg","locations":[{"start":{"line":12,"column":35},"end":{"line":12,"column":40}}],"line":12},"2":{"loc":{"start":{"line":13,"column":18},"end":{"line":13,"column":null}},"type":"cond-expr","locations":[{"start":{"line":13,"column":33},"end":{"line":13,"column":71}},{"start":{"line":13,"column":71},"end":{"line":13,"column":null}}],"line":13},"3":{"loc":{"start":{"line":15,"column":4},"end":{"line":15,"column":null}},"type":"if","locations":[{"start":{"line":15,"column":4},"end":{"line":15,"column":null}},{"start":{},"end":{}}],"line":15},"4":{"loc":{"start":{"line":21,"column":4},"end":{"line":21,"column":null}},"type":"if","locations":[{"start":{"line":21,"column":4},"end":{"line":21,"column":null}},{"start":{},"end":{}}],"line":21},"5":{"loc":{"start":{"line":27,"column":4},"end":{"line":27,"column":null}},"type":"if","locations":[{"start":{"line":27,"column":4},"end":{"line":27,"column":null}},{"start":{},"end":{}}],"line":27}},"s":{"0":4,"1":4,"2":2,"3":2,"4":1,"5":1,"6":3,"7":3,"8":3,"9":1,"10":2,"11":2,"12":2,"13":1,"14":1,"15":2,"16":2,"17":1,"18":1},"f":{"0":2,"1":3,"2":2,"3":2},"b":{"0":[1,1],"1":[3],"2":[1,2],"3":[1,2],"4":[1,1],"5":[1,1]},"meta":{"lastBranch":6,"lastFunction":4,"lastStatement":19,"seen":{"s:3:6:3:42":0,"s:5:30:30:Infinity":1,"f:6:8:6:27":0,"s:7:21:7:61":2,"b:8:4:8:Infinity:undefined:undefined:undefined:undefined":0,"s:8:4:8:Infinity":3,"s:8:22:8:Infinity":4,"s:9:4:9:Infinity":5,"f:12:8:12:17":1,"b:12:35:12:40":1,"s:13:18:13:Infinity":6,"b:13:33:13:71:13:71:13:Infinity":2,"s:14:21:14:74":7,"b:15:4:15:Infinity:undefined:undefined:undefined:undefined":3,"s:15:4:15:Infinity":8,"s:15:22:15:Infinity":9,"s:16:4:16:Infinity":10,"f:19:8:19:23":2,"s:20:21:20:111":11,"b:21:4:21:Infinity:undefined:undefined:undefined:undefined":4,"s:21:4:21:Infinity":12,"s:21:22:21:Infinity":13,"s:22:4:22:Infinity":14,"f:25:8:25:22":3,"s:26:21:26:85":15,"b:27:4:27:Infinity:undefined:undefined:undefined:undefined":5,"s:27:4:27:Infinity":16,"s:27:22:27:Infinity":17,"s:28:4:28:Infinity":18}}}
,"/Users/loweryr/git/github/rhlowery/acs-ui/frontend/src/services/RequestService.js": {"path":"/Users/loweryr/git/github/rhlowery/acs-ui/frontend/src/services/RequestService.js","statementMap":{"0":{"start":{"line":3,"column":6},"end":{"line":3,"column":51}},"1":{"start":{"line":5,"column":30},"end":{"line":55,"column":null}},"2":{"start":{"line":7,"column":21},"end":{"line":7,"column":42}},"3":{"start":{"line":8,"column":4},"end":{"line":8,"column":null}},"4":{"start":{"line":8,"column":22},"end":{"line":8,"column":null}},"5":{"start":{"line":9,"column":4},"end":{"line":9,"column":null}},"6":{"start":{"line":13,"column":21},"end":{"line":17,"column":6}},"7":{"start":{"line":18,"column":4},"end":{"line":18,"column":null}},"8":{"start":{"line":18,"column":22},"end":{"line":18,"column":null}},"9":{"start":{"line":19,"column":4},"end":{"line":19,"column":null}},"10":{"start":{"line":23,"column":21},"end":{"line":23,"column":81}},"11":{"start":{"line":24,"column":4},"end":{"line":24,"column":null}},"12":{"start":{"line":24,"column":22},"end":{"line":24,"column":null}},"13":{"start":{"line":25,"column":4},"end":{"line":25,"column":null}},"14":{"start":{"line":29,"column":21},"end":{"line":33,"column":6}},"15":{"start":{"line":34,"column":4},"end":{"line":34,"column":null}},"16":{"start":{"line":34,"column":22},"end":{"line":34,"column":null}},"17":{"start":{"line":35,"column":4},"end":{"line":35,"column":null}},"18":{"start":{"line":39,"column":21},"end":{"line":39,"column":80}},"19":{"start":{"line":40,"column":4},"end":{"line":40,"column":null}},"20":{"start":{"line":40,"column":22},"end":{"line":40,"column":null}},"21":{"start":{"line":41,"column":4},"end":{"line":41,"column":null}},"22":{"start":{"line":45,"column":24},"end":{"line":45,"column":61}},"23":{"start":{"line":46,"column":4},"end":{"line":48,"column":null}},"24":{"start":{"line":47,"column":19},"end":{"line":47,"column":41}},"25":{"start":{"line":48,"column":6},"end":{"line":48,"column":null}},"26":{"start":{"line":50,"column":4},"end":{"line":51,"column":null}},"27":{"start":{"line":51,"column":6},"end":{"line":51,"column":null}},"28":{"start":{"line":53,"column":4},"end":{"line":53,"column":null}}},"fnMap":{"0":{"name":"(anonymous_0)","decl":{"start":{"line":6,"column":8},"end":{"line":6,"column":22}},"loc":{"start":{"line":6,"column":22},"end":{"line":9,"column":null}},"line":6},"1":{"name":"(anonymous_1)","decl":{"start":{"line":12,"column":8},"end":{"line":12,"column":22}},"loc":{"start":{"line":12,"column":31},"end":{"line":19,"column":null}},"line":12},"2":{"name":"(anonymous_2)","decl":{"start":{"line":22,"column":8},"end":{"line":22,"column":23}},"loc":{"start":{"line":22,"column":27},"end":{"line":25,"column":null}},"line":22},"3":{"name":"(anonymous_3)","decl":{"start":{"line":28,"column":8},"end":{"line":28,"column":22}},"loc":{"start":{"line":28,"column":34},"end":{"line":35,"column":null}},"line":28},"4":{"name":"(anonymous_4)","decl":{"start":{"line":38,"column":8},"end":{"line":38,"column":22}},"loc":{"start":{"line":38,"column":26},"end":{"line":41,"column":null}},"line":38},"5":{"name":"(anonymous_5)","decl":{"start":{"line":44,"column":2},"end":{"line":44,"column":17}},"loc":{"start":{"line":44,"column":27},"end":{"line":53,"column":null}},"line":44},"6":{"name":"(anonymous_6)","decl":{"start":{"line":46,"column":16},"end":{"line":46,"column":29}},"loc":{"start":{"line":46,"column":39},"end":{"line":48,"column":null}},"line":46},"7":{"name":"(anonymous_7)","decl":{"start":{"line":50,"column":16},"end":{"line":50,"column":32}},"loc":{"start":{"line":50,"column":32},"end":{"line":51,"column":null}},"line":50}},"branchMap":{"0":{"loc":{"start":{"line":8,"column":4},"end":{"line":8,"column":null}},"type":"if","locations":[{"start":{"line":8,"column":4},"end":{"line":8,"column":null}},{"start":{},"end":{}}],"line":8},"1":{"loc":{"start":{"line":18,"column":4},"end":{"line":18,"column":null}},"type":"if","locations":[{"start":{"line":18,"column":4},"end":{"line":18,"column":null}},{"start":{},"end":{}}],"line":18},"2":{"loc":{"start":{"line":24,"column":4},"end":{"line":24,"column":null}},"type":"if","locations":[{"start":{"line":24,"column":4},"end":{"line":24,"column":null}},{"start":{},"end":{}}],"line":24},"3":{"loc":{"start":{"line":34,"column":4},"end":{"line":34,"column":null}},"type":"if","locations":[{"start":{"line":34,"column":4},"end":{"line":34,"column":null}},{"start":{},"end":{}}],"line":34},"4":{"loc":{"start":{"line":40,"column":4},"end":{"line":40,"column":null}},"type":"if","locations":[{"start":{"line":40,"column":4},"end":{"line":40,"column":null}},{"start":{},"end":{}}],"line":40}},"s":{"0":3,"1":3,"2":2,"3":2,"4":1,"5":1,"6":0,"7":0,"8":0,"9":0,"10":2,"11":2,"12":1,"13":1,"14":2,"15":2,"16":1,"17":1,"18":2,"19":2,"20":1,"21":1,"22":1,"23":1,"24":1,"25":1,"26":1,"27":1,"28":1},"f":{"0":2,"1":0,"2":2,"3":2,"4":2,"5":1,"6":1,"7":1},"b":{"0":[1,1],"1":[0,0],"2":[1,1],"3":[1,1],"4":[1,1]},"meta":{"lastBranch":5,"lastFunction":8,"lastStatement":29,"seen":{"s:3:6:3:51":0,"s:5:30:55:Infinity":1,"f:6:8:6:22":0,"s:7:21:7:42":2,"b:8:4:8:Infinity:undefined:undefined:undefined:undefined":0,"s:8:4:8:Infinity":3,"s:8:22:8:Infinity":4,"s:9:4:9:Infinity":5,"f:12:8:12:22":1,"s:13:21:17:6":6,"b:18:4:18:Infinity:undefined:undefined:undefined:undefined":1,"s:18:4:18:Infinity":7,"s:18:22:18:Infinity":8,"s:19:4:19:Infinity":9,"f:22:8:22:23":2,"s:23:21:23:81":10,"b:24:4:24:Infinity:undefined:undefined:undefined:undefined":2,"s:24:4:24:Infinity":11,"s:24:22:24:Infinity":12,"s:25:4:25:Infinity":13,"f:28:8:28:22":3,"s:29:21:33:6":14,"b:34:4:34:Infinity:undefined:undefined:undefined:undefined":3,"s:34:4:34:Infinity":15,"s:34:22:34:Infinity":16,"s:35:4:35:Infinity":17,"f:38:8:38:22":4,"s:39:21:39:80":18,"b:40:4:40:Infinity:undefined:undefined:undefined:undefined":4,"s:40:4:40:Infinity":19,"s:40:22:40:Infinity":20,"s:41:4:41:Infinity":21,"f:44:2:44:17":5,"s:45:24:45:61":22,"s:46:4:48:Infinity":23,"f:46:16:46:29":6,"s:47:19:47:41":24,"s:48:6:48:Infinity":25,"s:50:4:51:Infinity":26,"f:50:16:50:32":7,"s:51:6:51:Infinity":27,"s:53:4:53:Infinity":28}}}
,"/Users/loweryr/git/github/rhlowery/acs-ui/frontend/src/services/UserService.js": {"path":"/Users/loweryr/git/github/rhlowery/acs-ui/frontend/src/services/UserService.js","statementMap":{"0":{"start":{"line":3,"column":6},"end":{"line":3,"column":34}},"1":{"start":{"line":5,"column":27},"end":{"line":43,"column":null}},"2":{"start":{"line":7,"column":21},"end":{"line":7,"column":53}},"3":{"start":{"line":8,"column":4},"end":{"line":8,"column":null}},"4":{"start":{"line":8,"column":22},"end":{"line":8,"column":null}},"5":{"start":{"line":9,"column":4},"end":{"line":9,"column":null}},"6":{"start":{"line":13,"column":21},"end":{"line":13,"column":54}},"7":{"start":{"line":14,"column":4},"end":{"line":14,"column":null}},"8":{"start":{"line":14,"column":22},"end":{"line":14,"column":null}},"9":{"start":{"line":15,"column":4},"end":{"line":15,"column":null}},"10":{"start":{"line":19,"column":21},"end":{"line":19,"column":61}},"11":{"start":{"line":20,"column":4},"end":{"line":20,"column":null}},"12":{"start":{"line":20,"column":22},"end":{"line":20,"column":null}},"13":{"start":{"line":21,"column":4},"end":{"line":21,"column":null}},"14":{"start":{"line":25,"column":21},"end":{"line":29,"column":6}},"15":{"start":{"line":30,"column":4},"end":{"line":30,"column":null}},"16":{"start":{"line":30,"column":22},"end":{"line":30,"column":null}},"17":{"start":{"line":31,"column":4},"end":{"line":31,"column":null}},"18":{"start":{"line":35,"column":21},"end":{"line":39,"column":6}},"19":{"start":{"line":40,"column":4},"end":{"line":40,"column":null}},"20":{"start":{"line":40,"column":22},"end":{"line":40,"column":null}},"21":{"start":{"line":41,"column":4},"end":{"line":41,"column":null}}},"fnMap":{"0":{"name":"(anonymous_0)","decl":{"start":{"line":6,"column":8},"end":{"line":6,"column":19}},"loc":{"start":{"line":6,"column":19},"end":{"line":9,"column":null}},"line":6},"1":{"name":"(anonymous_1)","decl":{"start":{"line":12,"column":8},"end":{"line":12,"column":20}},"loc":{"start":{"line":12,"column":20},"end":{"line":15,"column":null}},"line":12},"2":{"name":"(anonymous_2)","decl":{"start":{"line":18,"column":8},"end":{"line":18,"column":22}},"loc":{"start":{"line":18,"column":22},"end":{"line":21,"column":null}},"line":18},"3":{"name":"(anonymous_3)","decl":{"start":{"line":24,"column":8},"end":{"line":24,"column":26}},"loc":{"start":{"line":24,"column":43},"end":{"line":31,"column":null}},"line":24},"4":{"name":"(anonymous_4)","decl":{"start":{"line":34,"column":8},"end":{"line":34,"column":27}},"loc":{"start":{"line":34,"column":45},"end":{"line":41,"column":null}},"line":34}},"branchMap":{"0":{"loc":{"start":{"line":8,"column":4},"end":{"line":8,"column":null}},"type":"if","locations":[{"start":{"line":8,"column":4},"end":{"line":8,"column":null}},{"start":{},"end":{}}],"line":8},"1":{"loc":{"start":{"line":14,"column":4},"end":{"line":14,"column":null}},"type":"if","locations":[{"start":{"line":14,"column":4},"end":{"line":14,"column":null}},{"start":{},"end":{}}],"line":14},"2":{"loc":{"start":{"line":20,"column":4},"end":{"line":20,"column":null}},"type":"if","locations":[{"start":{"line":20,"column":4},"end":{"line":20,"column":null}},{"start":{},"end":{}}],"line":20},"3":{"loc":{"start":{"line":30,"column":4},"end":{"line":30,"column":null}},"type":"if","locations":[{"start":{"line":30,"column":4},"end":{"line":30,"column":null}},{"start":{},"end":{}}],"line":30},"4":{"loc":{"start":{"line":40,"column":4},"end":{"line":40,"column":null}},"type":"if","locations":[{"start":{"line":40,"column":4},"end":{"line":40,"column":null}},{"start":{},"end":{}}],"line":40}},"s":{"0":2,"1":2,"2":2,"3":2,"4":1,"5":1,"6":2,"7":2,"8":1,"9":1,"10":2,"11":2,"12":1,"13":1,"14":2,"15":2,"16":1,"17":1,"18":2,"19":2,"20":1,"21":1},"f":{"0":2,"1":2,"2":2,"3":2,"4":2},"b":{"0":[1,1],"1":[1,1],"2":[1,1],"3":[1,1],"4":[1,1]},"meta":{"lastBranch":5,"lastFunction":5,"lastStatement":22,"seen":{"s:3:6:3:34":0,"s:5:27:43:Infinity":1,"f:6:8:6:19":0,"s:7:21:7:53":2,"b:8:4:8:Infinity:undefined:undefined:undefined:undefined":0,"s:8:4:8:Infinity":3,"s:8:22:8:Infinity":4,"s:9:4:9:Infinity":5,"f:12:8:12:20":1,"s:13:21:13:54":6,"b:14:4:14:Infinity:undefined:undefined:undefined:undefined":1,"s:14:4:14:Infinity":7,"s:14:22:14:Infinity":8,"s:15:4:15:Infinity":9,"f:18:8:18:22":2,"s:19:21:19:61":10,"b:20:4:20:Infinity:undefined:undefined:undefined:undefined":2,"s:20:4:20:Infinity":11,"s:20:22:20:Infinity":12,"s:21:4:21:Infinity":13,"f:24:8:24:26":3,"s:25:21:29:6":14,"b:30:4:30:Infinity:undefined:undefined:undefined:undefined":3,"s:30:4:30:Infinity":15,"s:30:22:30:Infinity":16,"s:31:4:31:Infinity":17,"f:34:8:34:27":4,"s:35:21:39:6":18,"b:40:4:40:Infinity:undefined:undefined:undefined:undefined":4,"s:40:4:40:Infinity":19,"s:40:22:40:Infinity":20,"s:41:4:41:Infinity":21}}}
}
